2025-06-05 20:51:31,686 - database - INFO - 数据库初始化完成。路径: G:\cursor_projects\d05\database.sqlite
2025-06-05 20:51:31,687 - file_manager - INFO - 文件管理器初始化完成，使用数据库存储。文件目录: G:\cursor_projects\d05\files
2025-06-05 20:51:31,688 - file_routes - INFO - 文件路由初始化完成
2025-06-05 20:51:31,715 - extension - INFO - 扩展管理器初始化完成。扩展目录: data\extensions
2025-06-05 20:51:31,715 - extension - INFO - 使用数据库存储扩展配置
2025-06-05 20:51:31,715 - extension - INFO - 扩展路由初始化完成
2025-06-05 20:51:31,792 - extension - INFO - 开始加载所有扩展
2025-06-05 20:51:31,793 - extension - INFO - 开始加载扩展: extension_170f579f_cca0_4465_b310_1ce39226e07f
2025-06-05 20:51:31,793 - extension - INFO - 尝试在沙箱中加载扩展: extension_170f579f_cca0_4465_b310_1ce39226e07f
2025-06-05 20:51:32,048 - extension - INFO - 扩展 extension_170f579f_cca0_4465_b310_1ce39226e07f 加载成功
2025-06-05 20:51:32,049 - extension - INFO - 开始加载扩展: extension_3064a8cc_bda7_4bd7_a2bf_3de79f74a2ca
2025-06-05 20:51:32,049 - extension - INFO - 尝试在沙箱中加载扩展: extension_3064a8cc_bda7_4bd7_a2bf_3de79f74a2ca
2025-06-05 20:51:32,072 - extension - INFO - 扩展 extension_3064a8cc_bda7_4bd7_a2bf_3de79f74a2ca 加载成功
2025-06-05 20:51:32,073 - extension - INFO - 为扩展 extension_3064a8cc_bda7_4bd7_a2bf_3de79f74a2ca 注册API端点: /query/extension_3064a8cc_bda7_4bd7_a2bf_3de79f74a2ca
2025-06-05 20:51:32,075 - extension - INFO - 扩展 extension_3064a8cc_bda7_4bd7_a2bf_3de79f74a2ca 加载完成
2025-06-05 20:51:32,075 - extension - INFO - 开始加载扩展: extension_4424446e_6b90_46c2_b8a8_a74d54150190
2025-06-05 20:51:32,076 - extension - INFO - 尝试在沙箱中加载扩展: extension_4424446e_6b90_46c2_b8a8_a74d54150190
2025-06-05 20:51:32,087 - extension - INFO - 扩展 extension_4424446e_6b90_46c2_b8a8_a74d54150190 加载成功
2025-06-05 20:51:32,088 - extension - INFO - 开始加载扩展: extension_53c8355e_ab76_4dc4_8243_d51272703862
2025-06-05 20:51:32,088 - extension - INFO - 尝试在沙箱中加载扩展: extension_53c8355e_ab76_4dc4_8243_d51272703862
2025-06-05 20:51:32,116 - extension - INFO - 扩展 extension_53c8355e_ab76_4dc4_8243_d51272703862 加载成功
2025-06-05 20:51:32,116 - extension - INFO - 为扩展 extension_53c8355e_ab76_4dc4_8243_d51272703862 注册API端点: /query/extension_53c8355e_ab76_4dc4
2025-06-05 20:51:32,118 - extension - INFO - 扩展 extension_53c8355e_ab76_4dc4_8243_d51272703862 加载完成
2025-06-05 20:51:32,118 - extension - INFO - 开始加载扩展: extension_6066f2a2_98d0_4a73_bbf1_1b6cb0eadb70
2025-06-05 20:51:32,119 - extension - INFO - 尝试在沙箱中加载扩展: extension_6066f2a2_98d0_4a73_bbf1_1b6cb0eadb70
2025-06-05 20:51:32,146 - extension - INFO - 扩展 extension_6066f2a2_98d0_4a73_bbf1_1b6cb0eadb70 加载成功
2025-06-05 20:51:32,147 - extension - INFO - 开始加载扩展: extension_eab575d7_3f0a_414e_aae6_e156500d0b62
2025-06-05 20:51:32,147 - extension - INFO - 尝试在沙箱中加载扩展: extension_eab575d7_3f0a_414e_aae6_e156500d0b62
2025-06-05 20:51:32,149 - extension - INFO - 扩展 extension_eab575d7_3f0a_414e_aae6_e156500d0b62 加载成功
2025-06-05 20:51:32,150 - extension - INFO - 为扩展 extension_eab575d7_3f0a_414e_aae6_e156500d0b62 注册API端点: /query/extension_eab575d7_3f0a_414e_aae6_e156500d0b62
2025-06-05 20:51:32,152 - extension - INFO - 扩展 extension_eab575d7_3f0a_414e_aae6_e156500d0b62 加载完成
2025-06-05 20:51:32,152 - extension - INFO - 开始加载扩展: extension_fc1f9440_8e1c_4b37_9024_b1baf543959c
2025-06-05 20:51:32,153 - extension - INFO - 尝试在沙箱中加载扩展: extension_fc1f9440_8e1c_4b37_9024_b1baf543959c
2025-06-05 20:51:32,154 - extension - INFO - 扩展 extension_fc1f9440_8e1c_4b37_9024_b1baf543959c 加载成功
2025-06-05 20:51:32,155 - extension - INFO - 完成加载所有扩展，共 0 个
2025-06-05 20:51:32,158 - app - INFO - 正在加载应用配置...
2025-06-05 20:51:32,159 - app - INFO - 尝试加载配置文件...
2025-06-05 20:51:32,159 - app - INFO - 配置文件加载成功
2025-06-05 20:51:32,160 - app - INFO - 配置加载完成。服务将运行在 0.0.0.0:8000
2025-06-05 20:51:32,160 - app - INFO - 应用程序启动
2025-06-05 20:51:32,160 - app - INFO - 启动服务器: 0.0.0.0:8000
2025-06-05 20:51:32,613 - scheduler - INFO - 调度器初始化完成
2025-06-05 20:51:32,618 - scheduler - INFO - 调度器已启动
2025-06-05 20:51:32,619 - aps - INFO - 调度器已启动
2025-06-05 20:51:32,621 - app_scheduler - INFO - 应用调度器已初始化
2025-06-05 20:52:58,765 - extension - INFO - 获取扩展查询表单: extension_eab575d7_3f0a_414e_aae6_e156500d0b62
2025-06-05 20:52:58,834 - extension - INFO - 获取扩展查询表单: extension_53c8355e_ab76_4dc4_8243_d51272703862
2025-06-05 20:52:58,855 - extension - INFO - 获取扩展查询表单: extension_3064a8cc_bda7_4bd7_a2bf_3de79f74a2ca
2025-06-05 20:53:03,966 - auth - WARNING - 认证失败: 缺少令牌
2025-06-05 20:53:07,730 - auth - INFO - 用户尝试登录: admin
2025-06-05 20:53:07,993 - auth - INFO - 用户登录成功: admin
2025-06-05 20:53:08,019 - auth - INFO - 验证令牌: eyJhbGci...
2025-06-05 20:53:08,104 - extension - INFO - 获取扩展查询表单: extension_eab575d7_3f0a_414e_aae6_e156500d0b62
2025-06-05 20:53:08,115 - extension - INFO - 获取扩展查询表单: extension_53c8355e_ab76_4dc4_8243_d51272703862
2025-06-05 20:53:08,122 - extension - INFO - 获取扩展查询表单: extension_3064a8cc_bda7_4bd7_a2bf_3de79f74a2ca
2025-06-05 20:53:09,682 - auth - INFO - 验证令牌: eyJhbGci...
2025-06-05 20:53:10,960 - auth - INFO - 验证令牌: eyJhbGci...
2025-06-05 21:06:40,177 - auth - INFO - 验证令牌: eyJhbGci...
2025-06-05 21:06:42,146 - auth - INFO - 验证令牌: eyJhbGci...
2025-06-05 21:06:55,536 - auth - INFO - 验证令牌: eyJhbGci...
2025-06-05 21:07:12,928 - auth - INFO - 验证令牌: eyJhbGci...
2025-06-05 21:14:29,290 - scheduler - INFO - 调度器已关闭
2025-06-05 21:14:29,291 - aps - INFO - 调度器已关闭
2025-06-05 21:14:29,291 - app_scheduler - INFO - 应用调度器已关闭
2025-06-05 21:14:29,294 - app - INFO - 应用程序关闭
2025-06-05 21:14:35,266 - database - INFO - 数据库初始化完成。路径: G:\cursor_projects\d05\database.sqlite
2025-06-05 21:14:35,267 - file_manager - INFO - 文件管理器初始化完成，使用数据库存储。文件目录: G:\cursor_projects\d05\files
2025-06-05 21:14:35,267 - file_routes - INFO - 文件路由初始化完成
2025-06-05 21:14:35,277 - extension - INFO - 扩展管理器初始化完成。扩展目录: data\extensions
2025-06-05 21:14:35,278 - extension - INFO - 使用数据库存储扩展配置
2025-06-05 21:14:35,278 - extension - INFO - 扩展路由初始化完成
2025-06-05 21:14:35,385 - extension - INFO - 开始加载所有扩展
2025-06-05 21:14:35,385 - extension - INFO - 开始加载扩展: extension_170f579f_cca0_4465_b310_1ce39226e07f
2025-06-05 21:14:35,386 - extension - INFO - 尝试在沙箱中加载扩展: extension_170f579f_cca0_4465_b310_1ce39226e07f
2025-06-05 21:14:35,387 - extension - INFO - 扩展 extension_170f579f_cca0_4465_b310_1ce39226e07f 加载成功
2025-06-05 21:14:35,387 - extension - INFO - 开始加载扩展: extension_3064a8cc_bda7_4bd7_a2bf_3de79f74a2ca
2025-06-05 21:14:35,387 - extension - INFO - 尝试在沙箱中加载扩展: extension_3064a8cc_bda7_4bd7_a2bf_3de79f74a2ca
2025-06-05 21:14:35,388 - extension - INFO - 扩展 extension_3064a8cc_bda7_4bd7_a2bf_3de79f74a2ca 加载成功
2025-06-05 21:14:35,388 - extension - INFO - 为扩展 extension_3064a8cc_bda7_4bd7_a2bf_3de79f74a2ca 注册API端点: /query/extension_3064a8cc_bda7_4bd7_a2bf_3de79f74a2ca
2025-06-05 21:14:35,389 - extension - INFO - 扩展 extension_3064a8cc_bda7_4bd7_a2bf_3de79f74a2ca 加载完成
2025-06-05 21:14:35,389 - extension - INFO - 开始加载扩展: extension_4424446e_6b90_46c2_b8a8_a74d54150190
2025-06-05 21:14:35,389 - extension - INFO - 尝试在沙箱中加载扩展: extension_4424446e_6b90_46c2_b8a8_a74d54150190
2025-06-05 21:14:35,390 - extension - INFO - 扩展 extension_4424446e_6b90_46c2_b8a8_a74d54150190 加载成功
2025-06-05 21:14:35,390 - extension - INFO - 开始加载扩展: extension_53c8355e_ab76_4dc4_8243_d51272703862
2025-06-05 21:14:35,390 - extension - INFO - 尝试在沙箱中加载扩展: extension_53c8355e_ab76_4dc4_8243_d51272703862
2025-06-05 21:14:35,391 - extension - INFO - 扩展 extension_53c8355e_ab76_4dc4_8243_d51272703862 加载成功
2025-06-05 21:14:35,391 - extension - INFO - 为扩展 extension_53c8355e_ab76_4dc4_8243_d51272703862 注册API端点: /query/extension_53c8355e_ab76_4dc4
2025-06-05 21:14:35,392 - extension - INFO - 扩展 extension_53c8355e_ab76_4dc4_8243_d51272703862 加载完成
2025-06-05 21:14:35,392 - extension - INFO - 开始加载扩展: extension_6066f2a2_98d0_4a73_bbf1_1b6cb0eadb70
2025-06-05 21:14:35,393 - extension - INFO - 尝试在沙箱中加载扩展: extension_6066f2a2_98d0_4a73_bbf1_1b6cb0eadb70
2025-06-05 21:14:35,393 - extension - INFO - 扩展 extension_6066f2a2_98d0_4a73_bbf1_1b6cb0eadb70 加载成功
2025-06-05 21:14:35,393 - extension - INFO - 开始加载扩展: extension_eab575d7_3f0a_414e_aae6_e156500d0b62
2025-06-05 21:14:35,393 - extension - INFO - 尝试在沙箱中加载扩展: extension_eab575d7_3f0a_414e_aae6_e156500d0b62
2025-06-05 21:14:35,394 - extension - INFO - 扩展 extension_eab575d7_3f0a_414e_aae6_e156500d0b62 加载成功
2025-06-05 21:14:35,395 - extension - INFO - 为扩展 extension_eab575d7_3f0a_414e_aae6_e156500d0b62 注册API端点: /query/extension_eab575d7_3f0a_414e_aae6_e156500d0b62
2025-06-05 21:14:35,396 - extension - INFO - 扩展 extension_eab575d7_3f0a_414e_aae6_e156500d0b62 加载完成
2025-06-05 21:14:35,396 - extension - INFO - 开始加载扩展: extension_fc1f9440_8e1c_4b37_9024_b1baf543959c
2025-06-05 21:14:35,396 - extension - INFO - 尝试在沙箱中加载扩展: extension_fc1f9440_8e1c_4b37_9024_b1baf543959c
2025-06-05 21:14:35,397 - extension - INFO - 扩展 extension_fc1f9440_8e1c_4b37_9024_b1baf543959c 加载成功
2025-06-05 21:14:35,397 - extension - INFO - 完成加载所有扩展，共 0 个
2025-06-05 21:14:35,398 - app - INFO - 正在加载应用配置...
2025-06-05 21:14:35,398 - app - INFO - 尝试加载配置文件...
2025-06-05 21:14:35,398 - app - INFO - 配置文件加载成功
2025-06-05 21:14:35,398 - app - INFO - 配置加载完成。服务将运行在 0.0.0.0:8000
2025-06-05 21:14:35,399 - app - INFO - 应用程序启动
2025-06-05 21:14:35,399 - app - INFO - 启动服务器: 0.0.0.0:8000
2025-06-05 21:14:35,613 - scheduler - INFO - 调度器初始化完成
2025-06-05 21:14:35,620 - scheduler - INFO - 调度器已启动
2025-06-05 21:14:35,620 - aps - INFO - 调度器已启动
2025-06-05 21:14:35,621 - app_scheduler - INFO - 应用调度器已初始化
2025-06-05 21:14:40,946 - auth - INFO - 验证令牌: eyJhbGci...
2025-06-05 21:15:03,023 - auth - INFO - 验证令牌: eyJhbGci...
2025-06-05 21:19:55,619 - auth - INFO - 验证令牌: eyJhbGci...
2025-06-05 21:19:56,934 - auth - INFO - 验证令牌: eyJhbGci...
2025-06-05 21:19:57,965 - auth - INFO - 验证令牌: eyJhbGci...
2025-06-05 21:19:59,615 - auth - INFO - 验证令牌: eyJhbGci...
2025-06-05 21:20:03,997 - auth - INFO - 验证令牌: eyJhbGci...
2025-06-05 21:20:07,476 - auth - INFO - 验证令牌: eyJhbGci...
2025-06-05 21:21:03,539 - auth - INFO - 验证令牌: eyJhbGci...
2025-06-05 21:21:10,613 - auth - INFO - 验证令牌: eyJhbGci...
2025-06-05 21:28:16,621 - scheduler - INFO - 调度器已关闭
2025-06-05 21:28:16,621 - aps - INFO - 调度器已关闭
2025-06-05 21:28:16,622 - app_scheduler - INFO - 应用调度器已关闭
2025-06-05 21:28:16,624 - app - INFO - 应用程序关闭
2025-06-05 21:28:22,408 - database - INFO - 数据库初始化完成。路径: G:\cursor_projects\d05\database.sqlite
2025-06-05 21:28:22,408 - file_manager - INFO - 文件管理器初始化完成，使用数据库存储。文件目录: G:\cursor_projects\d05\files
2025-06-05 21:28:22,409 - file_routes - INFO - 文件路由初始化完成
2025-06-05 21:28:22,417 - extension - INFO - 扩展管理器初始化完成。扩展目录: data\extensions
2025-06-05 21:28:22,417 - extension - INFO - 使用数据库存储扩展配置
2025-06-05 21:28:22,417 - extension - INFO - 扩展路由初始化完成
2025-06-05 21:28:22,498 - extension - INFO - 开始加载所有扩展
2025-06-05 21:28:22,499 - extension - INFO - 开始加载扩展: extension_170f579f_cca0_4465_b310_1ce39226e07f
2025-06-05 21:28:22,499 - extension - INFO - 尝试在沙箱中加载扩展: extension_170f579f_cca0_4465_b310_1ce39226e07f
2025-06-05 21:28:22,500 - extension - INFO - 扩展 extension_170f579f_cca0_4465_b310_1ce39226e07f 加载成功
2025-06-05 21:28:22,500 - extension - INFO - 开始加载扩展: extension_3064a8cc_bda7_4bd7_a2bf_3de79f74a2ca
2025-06-05 21:28:22,500 - extension - INFO - 尝试在沙箱中加载扩展: extension_3064a8cc_bda7_4bd7_a2bf_3de79f74a2ca
2025-06-05 21:28:22,500 - extension - INFO - 扩展 extension_3064a8cc_bda7_4bd7_a2bf_3de79f74a2ca 加载成功
2025-06-05 21:28:22,501 - extension - INFO - 为扩展 extension_3064a8cc_bda7_4bd7_a2bf_3de79f74a2ca 注册API端点: /query/extension_3064a8cc_bda7_4bd7_a2bf_3de79f74a2ca
2025-06-05 21:28:22,501 - extension - INFO - 扩展 extension_3064a8cc_bda7_4bd7_a2bf_3de79f74a2ca 加载完成
2025-06-05 21:28:22,501 - extension - INFO - 开始加载扩展: extension_4424446e_6b90_46c2_b8a8_a74d54150190
2025-06-05 21:28:22,502 - extension - INFO - 尝试在沙箱中加载扩展: extension_4424446e_6b90_46c2_b8a8_a74d54150190
2025-06-05 21:28:22,502 - extension - INFO - 扩展 extension_4424446e_6b90_46c2_b8a8_a74d54150190 加载成功
2025-06-05 21:28:22,502 - extension - INFO - 开始加载扩展: extension_53c8355e_ab76_4dc4_8243_d51272703862
2025-06-05 21:28:22,502 - extension - INFO - 尝试在沙箱中加载扩展: extension_53c8355e_ab76_4dc4_8243_d51272703862
2025-06-05 21:28:22,503 - extension - INFO - 扩展 extension_53c8355e_ab76_4dc4_8243_d51272703862 加载成功
2025-06-05 21:28:22,503 - extension - INFO - 为扩展 extension_53c8355e_ab76_4dc4_8243_d51272703862 注册API端点: /query/extension_53c8355e_ab76_4dc4
2025-06-05 21:28:22,504 - extension - INFO - 扩展 extension_53c8355e_ab76_4dc4_8243_d51272703862 加载完成
2025-06-05 21:28:22,504 - extension - INFO - 开始加载扩展: extension_6066f2a2_98d0_4a73_bbf1_1b6cb0eadb70
2025-06-05 21:28:22,504 - extension - INFO - 尝试在沙箱中加载扩展: extension_6066f2a2_98d0_4a73_bbf1_1b6cb0eadb70
2025-06-05 21:28:22,504 - extension - INFO - 扩展 extension_6066f2a2_98d0_4a73_bbf1_1b6cb0eadb70 加载成功
2025-06-05 21:28:22,505 - extension - INFO - 开始加载扩展: extension_eab575d7_3f0a_414e_aae6_e156500d0b62
2025-06-05 21:28:22,505 - extension - INFO - 尝试在沙箱中加载扩展: extension_eab575d7_3f0a_414e_aae6_e156500d0b62
2025-06-05 21:28:22,505 - extension - INFO - 扩展 extension_eab575d7_3f0a_414e_aae6_e156500d0b62 加载成功
2025-06-05 21:28:22,505 - extension - INFO - 为扩展 extension_eab575d7_3f0a_414e_aae6_e156500d0b62 注册API端点: /query/extension_eab575d7_3f0a_414e_aae6_e156500d0b62
2025-06-05 21:28:22,506 - extension - INFO - 扩展 extension_eab575d7_3f0a_414e_aae6_e156500d0b62 加载完成
2025-06-05 21:28:22,506 - extension - INFO - 开始加载扩展: extension_fc1f9440_8e1c_4b37_9024_b1baf543959c
2025-06-05 21:28:22,506 - extension - INFO - 尝试在沙箱中加载扩展: extension_fc1f9440_8e1c_4b37_9024_b1baf543959c
2025-06-05 21:28:22,507 - extension - INFO - 扩展 extension_fc1f9440_8e1c_4b37_9024_b1baf543959c 加载成功
2025-06-05 21:28:22,507 - extension - INFO - 完成加载所有扩展，共 0 个
2025-06-05 21:28:22,508 - app - INFO - 正在加载应用配置...
2025-06-05 21:28:22,508 - app - INFO - 尝试加载配置文件...
2025-06-05 21:28:22,508 - app - INFO - 配置文件加载成功
2025-06-05 21:28:22,508 - app - INFO - 配置加载完成。服务将运行在 0.0.0.0:8000
2025-06-05 21:28:22,508 - app - INFO - 应用程序启动
2025-06-05 21:28:22,508 - app - INFO - 启动服务器: 0.0.0.0:8000
2025-06-05 21:28:22,658 - scheduler - INFO - 调度器初始化完成
2025-06-05 21:28:22,663 - scheduler - INFO - 调度器已启动
2025-06-05 21:28:22,663 - aps - INFO - 调度器已启动
2025-06-05 21:28:22,666 - app_scheduler - INFO - 应用调度器已初始化
2025-06-05 21:28:30,048 - extension - INFO - 获取扩展查询表单: extension_eab575d7_3f0a_414e_aae6_e156500d0b62
2025-06-05 21:28:30,056 - extension - INFO - 获取扩展查询表单: extension_53c8355e_ab76_4dc4_8243_d51272703862
2025-06-05 21:28:30,063 - extension - INFO - 获取扩展查询表单: extension_3064a8cc_bda7_4bd7_a2bf_3de79f74a2ca
2025-06-05 21:28:33,709 - auth - INFO - 用户尝试登录: admin
2025-06-05 21:28:33,988 - auth - INFO - 用户登录成功: admin
2025-06-05 21:28:34,008 - auth - INFO - 验证令牌: eyJhbGci...
2025-06-05 21:28:34,101 - extension - INFO - 获取扩展查询表单: extension_eab575d7_3f0a_414e_aae6_e156500d0b62
2025-06-05 21:28:34,108 - extension - INFO - 获取扩展查询表单: extension_53c8355e_ab76_4dc4_8243_d51272703862
2025-06-05 21:28:34,119 - extension - INFO - 获取扩展查询表单: extension_3064a8cc_bda7_4bd7_a2bf_3de79f74a2ca
2025-06-05 21:28:35,398 - auth - INFO - 验证令牌: eyJhbGci...
2025-06-05 21:28:35,407 - auth - INFO - 验证令牌: eyJhbGci...
2025-06-05 21:28:39,642 - auth - INFO - 验证令牌: eyJhbGci...
2025-06-05 21:28:42,196 - auth - INFO - 验证令牌: eyJhbGci...
2025-06-05 21:28:48,495 - auth - INFO - 验证令牌: eyJhbGci...
2025-06-05 21:28:59,131 - auth - INFO - 验证令牌: eyJhbGci...
2025-06-05 21:29:00,607 - auth - INFO - 验证令牌: eyJhbGci...
2025-06-05 21:30:08,997 - auth - INFO - 验证令牌: eyJhbGci...
2025-06-05 21:30:09,008 - auth - INFO - 验证令牌: eyJhbGci...
2025-06-05 21:30:13,762 - auth - INFO - 验证令牌: eyJhbGci...
2025-06-05 21:30:26,567 - auth - INFO - 验证令牌: eyJhbGci...
2025-06-05 21:30:36,379 - auth - INFO - 验证令牌: eyJhbGci...
2025-06-05 21:31:17,605 - auth - INFO - 验证令牌: eyJhbGci...
2025-06-05 21:31:37,444 - auth - INFO - 验证令牌: eyJhbGci...
2025-06-05 21:31:38,481 - auth - INFO - 验证令牌: eyJhbGci...
2025-06-05 21:31:38,489 - auth - INFO - 验证令牌: eyJhbGci...
2025-06-05 21:31:57,803 - auth - INFO - 验证令牌: eyJhbGci...
2025-06-05 21:32:01,285 - auth - INFO - 验证令牌: eyJhbGci...
2025-06-05 21:39:01,461 - auth - INFO - 验证令牌: eyJhbGci...
2025-06-05 21:39:02,292 - auth - INFO - 验证令牌: eyJhbGci...
2025-06-05 21:39:02,301 - auth - INFO - 验证令牌: eyJhbGci...
2025-06-05 21:39:03,645 - auth - INFO - 验证令牌: eyJhbGci...
2025-06-05 21:39:10,789 - auth - INFO - 验证令牌: eyJhbGci...
2025-06-05 21:40:14,805 - auth - INFO - 验证令牌: eyJhbGci...
2025-06-05 21:40:31,879 - auth - INFO - 验证令牌: eyJhbGci...
2025-06-05 21:40:32,576 - auth - INFO - 验证令牌: eyJhbGci...
2025-06-05 21:42:38,131 - auth - INFO - 验证令牌: eyJhbGci...
2025-06-05 21:42:38,144 - auth - INFO - 验证令牌: eyJhbGci...
2025-06-05 21:58:15,400 - scheduler - INFO - 调度器已关闭
2025-06-05 21:58:15,401 - aps - INFO - 调度器已关闭
2025-06-05 21:58:15,401 - app_scheduler - INFO - 应用调度器已关闭
2025-06-05 21:58:15,402 - app - INFO - 应用程序关闭
2025-06-05 22:07:23,524 - database - INFO - 数据库初始化完成。路径: G:\cursor_projects\d05\database.sqlite
2025-06-05 22:07:23,525 - file_manager - INFO - 文件管理器初始化完成，使用数据库存储。文件目录: G:\cursor_projects\d05\files
2025-06-05 22:07:23,525 - file_routes - INFO - 文件路由初始化完成
2025-06-05 22:07:23,538 - extension - INFO - 扩展管理器初始化完成。扩展目录: data\extensions
2025-06-05 22:07:23,538 - extension - INFO - 使用数据库存储扩展配置
2025-06-05 22:07:23,538 - extension - INFO - 扩展路由初始化完成
2025-06-05 22:07:23,644 - extension - INFO - 开始加载所有扩展
2025-06-05 22:07:23,644 - extension - INFO - 开始加载扩展: extension_170f579f_cca0_4465_b310_1ce39226e07f
2025-06-05 22:07:23,644 - extension - INFO - 尝试在沙箱中加载扩展: extension_170f579f_cca0_4465_b310_1ce39226e07f
2025-06-05 22:07:23,645 - extension - INFO - 扩展 extension_170f579f_cca0_4465_b310_1ce39226e07f 加载成功
2025-06-05 22:07:23,645 - extension - INFO - 开始加载扩展: extension_3064a8cc_bda7_4bd7_a2bf_3de79f74a2ca
2025-06-05 22:07:23,645 - extension - INFO - 尝试在沙箱中加载扩展: extension_3064a8cc_bda7_4bd7_a2bf_3de79f74a2ca
2025-06-05 22:07:23,646 - extension - INFO - 扩展 extension_3064a8cc_bda7_4bd7_a2bf_3de79f74a2ca 加载成功
2025-06-05 22:07:23,646 - extension - INFO - 为扩展 extension_3064a8cc_bda7_4bd7_a2bf_3de79f74a2ca 注册API端点: /query/extension_3064a8cc_bda7_4bd7_a2bf_3de79f74a2ca
2025-06-05 22:07:23,648 - extension - INFO - 扩展 extension_3064a8cc_bda7_4bd7_a2bf_3de79f74a2ca 加载完成
2025-06-05 22:07:23,649 - extension - INFO - 开始加载扩展: extension_4424446e_6b90_46c2_b8a8_a74d54150190
2025-06-05 22:07:23,649 - extension - INFO - 尝试在沙箱中加载扩展: extension_4424446e_6b90_46c2_b8a8_a74d54150190
2025-06-05 22:07:23,650 - extension - INFO - 扩展 extension_4424446e_6b90_46c2_b8a8_a74d54150190 加载成功
2025-06-05 22:07:23,650 - extension - INFO - 开始加载扩展: extension_53c8355e_ab76_4dc4_8243_d51272703862
2025-06-05 22:07:23,650 - extension - INFO - 尝试在沙箱中加载扩展: extension_53c8355e_ab76_4dc4_8243_d51272703862
2025-06-05 22:07:23,651 - extension - INFO - 扩展 extension_53c8355e_ab76_4dc4_8243_d51272703862 加载成功
2025-06-05 22:07:23,652 - extension - INFO - 为扩展 extension_53c8355e_ab76_4dc4_8243_d51272703862 注册API端点: /query/extension_53c8355e_ab76_4dc4
2025-06-05 22:07:23,653 - extension - INFO - 扩展 extension_53c8355e_ab76_4dc4_8243_d51272703862 加载完成
2025-06-05 22:07:23,653 - extension - INFO - 开始加载扩展: extension_6066f2a2_98d0_4a73_bbf1_1b6cb0eadb70
2025-06-05 22:07:23,653 - extension - INFO - 尝试在沙箱中加载扩展: extension_6066f2a2_98d0_4a73_bbf1_1b6cb0eadb70
2025-06-05 22:07:23,654 - extension - INFO - 扩展 extension_6066f2a2_98d0_4a73_bbf1_1b6cb0eadb70 加载成功
2025-06-05 22:07:23,654 - extension - INFO - 开始加载扩展: extension_eab575d7_3f0a_414e_aae6_e156500d0b62
2025-06-05 22:07:23,654 - extension - INFO - 尝试在沙箱中加载扩展: extension_eab575d7_3f0a_414e_aae6_e156500d0b62
2025-06-05 22:07:23,655 - extension - INFO - 扩展 extension_eab575d7_3f0a_414e_aae6_e156500d0b62 加载成功
2025-06-05 22:07:23,655 - extension - INFO - 为扩展 extension_eab575d7_3f0a_414e_aae6_e156500d0b62 注册API端点: /query/extension_eab575d7_3f0a_414e_aae6_e156500d0b62
2025-06-05 22:07:23,656 - extension - INFO - 扩展 extension_eab575d7_3f0a_414e_aae6_e156500d0b62 加载完成
2025-06-05 22:07:23,656 - extension - INFO - 开始加载扩展: extension_fc1f9440_8e1c_4b37_9024_b1baf543959c
2025-06-05 22:07:23,656 - extension - INFO - 尝试在沙箱中加载扩展: extension_fc1f9440_8e1c_4b37_9024_b1baf543959c
2025-06-05 22:07:23,657 - extension - INFO - 扩展 extension_fc1f9440_8e1c_4b37_9024_b1baf543959c 加载成功
2025-06-05 22:07:23,657 - extension - INFO - 完成加载所有扩展，共 0 个
2025-06-05 22:07:23,658 - app - INFO - 正在加载应用配置...
2025-06-05 22:07:23,658 - app - INFO - 尝试加载配置文件...
2025-06-05 22:07:23,659 - app - INFO - 配置文件加载成功
2025-06-05 22:07:23,659 - app - INFO - 配置加载完成。服务将运行在 0.0.0.0:8000
2025-06-05 22:07:23,659 - app - INFO - 应用程序启动
2025-06-05 22:07:23,659 - app - INFO - 启动服务器: 0.0.0.0:8000
2025-06-05 22:07:23,837 - scheduler - INFO - 调度器初始化完成
2025-06-05 22:07:23,842 - scheduler - INFO - 调度器已启动
2025-06-05 22:07:23,843 - aps - INFO - 调度器已启动
2025-06-05 22:07:23,843 - app_scheduler - INFO - 应用调度器已初始化
2025-06-05 22:07:33,588 - auth - WARNING - 认证失败: 缺少令牌
2025-06-05 22:09:42,798 - extension - INFO - 获取扩展查询表单: extension_eab575d7_3f0a_414e_aae6_e156500d0b62
2025-06-05 22:09:42,815 - extension - INFO - 获取扩展查询表单: extension_53c8355e_ab76_4dc4_8243_d51272703862
2025-06-05 22:09:42,821 - extension - INFO - 获取扩展查询表单: extension_3064a8cc_bda7_4bd7_a2bf_3de79f74a2ca
2025-06-05 22:09:45,443 - auth - INFO - 用户尝试登录: admin
2025-06-05 22:09:45,716 - auth - INFO - 用户登录成功: admin
2025-06-05 22:09:45,737 - auth - INFO - 验证令牌: eyJhbGci...
2025-06-05 22:09:45,863 - extension - INFO - 获取扩展查询表单: extension_eab575d7_3f0a_414e_aae6_e156500d0b62
2025-06-05 22:09:45,874 - extension - INFO - 获取扩展查询表单: extension_53c8355e_ab76_4dc4_8243_d51272703862
2025-06-05 22:09:45,888 - extension - INFO - 获取扩展查询表单: extension_3064a8cc_bda7_4bd7_a2bf_3de79f74a2ca
2025-06-05 22:09:47,331 - auth - INFO - 验证令牌: eyJhbGci...
2025-06-05 22:10:59,476 - auth - INFO - 验证令牌: eyJhbGci...
2025-06-05 22:11:21,572 - auth - INFO - 验证令牌: eyJhbGci...
2025-06-05 22:14:23,621 - auth - INFO - 验证令牌: eyJhbGci...
2025-06-05 22:14:39,186 - auth - INFO - 验证令牌: eyJhbGci...
2025-06-05 22:14:40,769 - auth - INFO - 验证令牌: eyJhbGci...
2025-06-05 22:15:03,877 - auth - INFO - 验证令牌: eyJhbGci...
2025-06-05 22:15:27,835 - scheduler - INFO - 调度器已关闭
2025-06-05 22:15:27,836 - aps - INFO - 调度器已关闭
2025-06-05 22:15:27,836 - app_scheduler - INFO - 应用调度器已关闭
2025-06-05 22:15:27,837 - app - INFO - 应用程序关闭
2025-06-05 22:22:27,009 - database - INFO - 数据库初始化完成。路径: G:\cursor_projects\d05\database.sqlite
2025-06-05 22:22:27,010 - file_manager - INFO - 文件管理器初始化完成，使用数据库存储。文件目录: G:\cursor_projects\d05\files
2025-06-05 22:22:27,010 - file_routes - INFO - 文件路由初始化完成
2025-06-05 22:22:27,022 - extension - INFO - 扩展管理器初始化完成。扩展目录: data\extensions
2025-06-05 22:22:27,022 - extension - INFO - 使用数据库存储扩展配置
2025-06-05 22:22:27,022 - extension - INFO - 扩展路由初始化完成
2025-06-05 22:22:27,129 - extension - INFO - 开始加载所有扩展
2025-06-05 22:22:27,130 - extension - INFO - 开始加载扩展: extension_170f579f_cca0_4465_b310_1ce39226e07f
2025-06-05 22:22:27,130 - extension - INFO - 尝试在沙箱中加载扩展: extension_170f579f_cca0_4465_b310_1ce39226e07f
2025-06-05 22:22:27,130 - extension - INFO - 扩展 extension_170f579f_cca0_4465_b310_1ce39226e07f 加载成功
2025-06-05 22:22:27,131 - extension - INFO - 开始加载扩展: extension_3064a8cc_bda7_4bd7_a2bf_3de79f74a2ca
2025-06-05 22:22:27,131 - extension - INFO - 尝试在沙箱中加载扩展: extension_3064a8cc_bda7_4bd7_a2bf_3de79f74a2ca
2025-06-05 22:22:27,132 - extension - INFO - 扩展 extension_3064a8cc_bda7_4bd7_a2bf_3de79f74a2ca 加载成功
2025-06-05 22:22:27,133 - extension - INFO - 为扩展 extension_3064a8cc_bda7_4bd7_a2bf_3de79f74a2ca 注册API端点: /query/extension_3064a8cc_bda7_4bd7_a2bf_3de79f74a2ca
2025-06-05 22:22:27,134 - extension - INFO - 扩展 extension_3064a8cc_bda7_4bd7_a2bf_3de79f74a2ca 加载完成
2025-06-05 22:22:27,134 - extension - INFO - 开始加载扩展: extension_4424446e_6b90_46c2_b8a8_a74d54150190
2025-06-05 22:22:27,134 - extension - INFO - 尝试在沙箱中加载扩展: extension_4424446e_6b90_46c2_b8a8_a74d54150190
2025-06-05 22:22:27,135 - extension - INFO - 扩展 extension_4424446e_6b90_46c2_b8a8_a74d54150190 加载成功
2025-06-05 22:22:27,135 - extension - INFO - 开始加载扩展: extension_53c8355e_ab76_4dc4_8243_d51272703862
2025-06-05 22:22:27,135 - extension - INFO - 尝试在沙箱中加载扩展: extension_53c8355e_ab76_4dc4_8243_d51272703862
2025-06-05 22:22:27,136 - extension - INFO - 扩展 extension_53c8355e_ab76_4dc4_8243_d51272703862 加载成功
2025-06-05 22:22:27,136 - extension - INFO - 为扩展 extension_53c8355e_ab76_4dc4_8243_d51272703862 注册API端点: /query/extension_53c8355e_ab76_4dc4
2025-06-05 22:22:27,138 - extension - INFO - 扩展 extension_53c8355e_ab76_4dc4_8243_d51272703862 加载完成
2025-06-05 22:22:27,138 - extension - INFO - 开始加载扩展: extension_6066f2a2_98d0_4a73_bbf1_1b6cb0eadb70
2025-06-05 22:22:27,138 - extension - INFO - 尝试在沙箱中加载扩展: extension_6066f2a2_98d0_4a73_bbf1_1b6cb0eadb70
2025-06-05 22:22:27,139 - extension - INFO - 扩展 extension_6066f2a2_98d0_4a73_bbf1_1b6cb0eadb70 加载成功
2025-06-05 22:22:27,139 - extension - INFO - 开始加载扩展: extension_eab575d7_3f0a_414e_aae6_e156500d0b62
2025-06-05 22:22:27,139 - extension - INFO - 尝试在沙箱中加载扩展: extension_eab575d7_3f0a_414e_aae6_e156500d0b62
2025-06-05 22:22:27,140 - extension - INFO - 扩展 extension_eab575d7_3f0a_414e_aae6_e156500d0b62 加载成功
2025-06-05 22:22:27,140 - extension - INFO - 为扩展 extension_eab575d7_3f0a_414e_aae6_e156500d0b62 注册API端点: /query/extension_eab575d7_3f0a_414e_aae6_e156500d0b62
2025-06-05 22:22:27,141 - extension - INFO - 扩展 extension_eab575d7_3f0a_414e_aae6_e156500d0b62 加载完成
2025-06-05 22:22:27,141 - extension - INFO - 开始加载扩展: extension_fc1f9440_8e1c_4b37_9024_b1baf543959c
2025-06-05 22:22:27,141 - extension - INFO - 尝试在沙箱中加载扩展: extension_fc1f9440_8e1c_4b37_9024_b1baf543959c
2025-06-05 22:22:27,142 - extension - INFO - 扩展 extension_fc1f9440_8e1c_4b37_9024_b1baf543959c 加载成功
2025-06-05 22:22:27,142 - extension - INFO - 完成加载所有扩展，共 0 个
2025-06-05 22:22:27,143 - app - INFO - 正在加载应用配置...
2025-06-05 22:22:27,143 - app - INFO - 尝试加载配置文件...
2025-06-05 22:22:27,143 - app - INFO - 配置文件加载成功
2025-06-05 22:22:27,143 - app - INFO - 配置加载完成。服务将运行在 0.0.0.0:8000
2025-06-05 22:22:27,143 - app - INFO - 应用程序启动
2025-06-05 22:22:27,144 - app - INFO - 启动服务器: 0.0.0.0:8000
2025-06-05 22:22:27,347 - scheduler - INFO - 调度器初始化完成
2025-06-05 22:22:27,355 - scheduler - INFO - 调度器已启动
2025-06-05 22:22:27,355 - aps - INFO - 调度器已启动
2025-06-05 22:22:27,356 - app_scheduler - INFO - 应用调度器已初始化
2025-06-05 22:22:43,304 - auth - INFO - 验证令牌: eyJhbGci...
2025-06-05 22:22:59,409 - auth - INFO - 验证令牌: eyJhbGci...
2025-06-05 22:24:45,049 - auth - INFO - 验证令牌: eyJhbGci...
2025-06-05 22:24:53,470 - auth - INFO - 验证令牌: eyJhbGci...
2025-06-05 22:25:01,904 - auth - INFO - 验证令牌: eyJhbGci...
2025-06-05 22:34:27,499 - auth - INFO - 验证令牌: eyJhbGci...
2025-06-05 22:34:29,499 - auth - INFO - 验证令牌: eyJhbGci...
2025-06-05 22:34:29,509 - auth - INFO - 验证令牌: eyJhbGci...
2025-06-05 22:34:31,470 - auth - INFO - 验证令牌: eyJhbGci...
2025-06-05 22:34:31,477 - auth - INFO - 验证令牌: eyJhbGci...
2025-06-05 22:34:33,030 - auth - INFO - 验证令牌: eyJhbGci...
2025-06-05 22:34:34,224 - auth - INFO - 验证令牌: eyJhbGci...
2025-06-05 22:34:34,233 - auth - INFO - 验证令牌: eyJhbGci...
2025-06-05 22:34:35,215 - auth - INFO - 验证令牌: eyJhbGci...
2025-06-05 22:34:35,224 - auth - INFO - 验证令牌: eyJhbGci...
2025-06-05 22:34:35,894 - auth - INFO - 验证令牌: eyJhbGci...
2025-06-05 22:34:35,904 - auth - INFO - 验证令牌: eyJhbGci...
2025-06-05 22:35:41,338 - auth - INFO - 验证令牌: eyJhbGci...
2025-06-05 22:35:41,351 - auth - INFO - 验证令牌: eyJhbGci...
2025-06-05 22:35:42,907 - auth - INFO - 验证令牌: eyJhbGci...
2025-06-05 22:35:42,916 - auth - INFO - 验证令牌: eyJhbGci...
2025-06-05 22:35:46,494 - auth - INFO - 验证令牌: eyJhbGci...
2025-06-05 22:35:49,120 - scheduler - INFO - 调度器已关闭
2025-06-05 22:35:49,121 - aps - INFO - 调度器已关闭
2025-06-05 22:35:49,121 - app_scheduler - INFO - 应用调度器已关闭
2025-06-05 22:35:49,122 - app - INFO - 应用程序关闭
2025-06-05 22:35:54,247 - database - INFO - 数据库初始化完成。路径: G:\cursor_projects\d05\database.sqlite
2025-06-05 22:35:54,248 - file_manager - INFO - 文件管理器初始化完成，使用数据库存储。文件目录: G:\cursor_projects\d05\files
2025-06-05 22:35:54,248 - file_routes - INFO - 文件路由初始化完成
2025-06-05 22:35:54,260 - extension - INFO - 扩展管理器初始化完成。扩展目录: data\extensions
2025-06-05 22:35:54,260 - extension - INFO - 使用数据库存储扩展配置
2025-06-05 22:35:54,260 - extension - INFO - 扩展路由初始化完成
2025-06-05 22:35:54,372 - extension - INFO - 开始加载所有扩展
2025-06-05 22:35:54,372 - extension - INFO - 开始加载扩展: extension_170f579f_cca0_4465_b310_1ce39226e07f
2025-06-05 22:35:54,372 - extension - INFO - 尝试在沙箱中加载扩展: extension_170f579f_cca0_4465_b310_1ce39226e07f
2025-06-05 22:35:54,373 - extension - INFO - 扩展 extension_170f579f_cca0_4465_b310_1ce39226e07f 加载成功
2025-06-05 22:35:54,373 - extension - INFO - 开始加载扩展: extension_3064a8cc_bda7_4bd7_a2bf_3de79f74a2ca
2025-06-05 22:35:54,373 - extension - INFO - 尝试在沙箱中加载扩展: extension_3064a8cc_bda7_4bd7_a2bf_3de79f74a2ca
2025-06-05 22:35:54,374 - extension - INFO - 扩展 extension_3064a8cc_bda7_4bd7_a2bf_3de79f74a2ca 加载成功
2025-06-05 22:35:54,374 - extension - INFO - 为扩展 extension_3064a8cc_bda7_4bd7_a2bf_3de79f74a2ca 注册API端点: /query/extension_3064a8cc_bda7_4bd7_a2bf_3de79f74a2ca
2025-06-05 22:35:54,375 - extension - INFO - 扩展 extension_3064a8cc_bda7_4bd7_a2bf_3de79f74a2ca 加载完成
2025-06-05 22:35:54,375 - extension - INFO - 开始加载扩展: extension_4424446e_6b90_46c2_b8a8_a74d54150190
2025-06-05 22:35:54,375 - extension - INFO - 尝试在沙箱中加载扩展: extension_4424446e_6b90_46c2_b8a8_a74d54150190
2025-06-05 22:35:54,375 - extension - INFO - 扩展 extension_4424446e_6b90_46c2_b8a8_a74d54150190 加载成功
2025-06-05 22:35:54,376 - extension - INFO - 开始加载扩展: extension_53c8355e_ab76_4dc4_8243_d51272703862
2025-06-05 22:35:54,376 - extension - INFO - 尝试在沙箱中加载扩展: extension_53c8355e_ab76_4dc4_8243_d51272703862
2025-06-05 22:35:54,376 - extension - INFO - 扩展 extension_53c8355e_ab76_4dc4_8243_d51272703862 加载成功
2025-06-05 22:35:54,376 - extension - INFO - 为扩展 extension_53c8355e_ab76_4dc4_8243_d51272703862 注册API端点: /query/extension_53c8355e_ab76_4dc4
2025-06-05 22:35:54,377 - extension - INFO - 扩展 extension_53c8355e_ab76_4dc4_8243_d51272703862 加载完成
2025-06-05 22:35:54,377 - extension - INFO - 开始加载扩展: extension_6066f2a2_98d0_4a73_bbf1_1b6cb0eadb70
2025-06-05 22:35:54,378 - extension - INFO - 尝试在沙箱中加载扩展: extension_6066f2a2_98d0_4a73_bbf1_1b6cb0eadb70
2025-06-05 22:35:54,378 - extension - INFO - 扩展 extension_6066f2a2_98d0_4a73_bbf1_1b6cb0eadb70 加载成功
2025-06-05 22:35:54,378 - extension - INFO - 开始加载扩展: extension_eab575d7_3f0a_414e_aae6_e156500d0b62
2025-06-05 22:35:54,378 - extension - INFO - 尝试在沙箱中加载扩展: extension_eab575d7_3f0a_414e_aae6_e156500d0b62
2025-06-05 22:35:54,379 - extension - INFO - 扩展 extension_eab575d7_3f0a_414e_aae6_e156500d0b62 加载成功
2025-06-05 22:35:54,379 - extension - INFO - 为扩展 extension_eab575d7_3f0a_414e_aae6_e156500d0b62 注册API端点: /query/extension_eab575d7_3f0a_414e_aae6_e156500d0b62
2025-06-05 22:35:54,380 - extension - INFO - 扩展 extension_eab575d7_3f0a_414e_aae6_e156500d0b62 加载完成
2025-06-05 22:35:54,380 - extension - INFO - 开始加载扩展: extension_fc1f9440_8e1c_4b37_9024_b1baf543959c
2025-06-05 22:35:54,380 - extension - INFO - 尝试在沙箱中加载扩展: extension_fc1f9440_8e1c_4b37_9024_b1baf543959c
2025-06-05 22:35:54,381 - extension - INFO - 扩展 extension_fc1f9440_8e1c_4b37_9024_b1baf543959c 加载成功
2025-06-05 22:35:54,381 - extension - INFO - 完成加载所有扩展，共 0 个
2025-06-05 22:35:54,382 - app - INFO - 正在加载应用配置...
2025-06-05 22:35:54,382 - app - INFO - 尝试加载配置文件...
2025-06-05 22:35:54,382 - app - INFO - 配置文件加载成功
2025-06-05 22:35:54,382 - app - INFO - 配置加载完成。服务将运行在 0.0.0.0:8000
2025-06-05 22:35:54,383 - app - INFO - 应用程序启动
2025-06-05 22:35:54,383 - app - INFO - 启动服务器: 0.0.0.0:8000
2025-06-05 22:35:54,563 - scheduler - INFO - 调度器初始化完成
2025-06-05 22:35:54,568 - scheduler - INFO - 调度器已启动
2025-06-05 22:35:54,568 - aps - INFO - 调度器已启动
2025-06-05 22:35:54,569 - app_scheduler - INFO - 应用调度器已初始化
2025-06-05 22:36:04,597 - auth - INFO - 验证令牌: eyJhbGci...
2025-06-05 22:36:05,820 - auth - INFO - 验证令牌: eyJhbGci...
2025-06-05 22:36:11,077 - auth - INFO - 验证令牌: eyJhbGci...
2025-06-05 22:36:13,213 - auth - INFO - 验证令牌: eyJhbGci...
2025-06-05 22:36:14,797 - auth - INFO - 验证令牌: eyJhbGci...
2025-06-05 22:36:15,738 - auth - INFO - 验证令牌: eyJhbGci...
2025-06-05 22:36:17,010 - auth - INFO - 验证令牌: eyJhbGci...
2025-06-05 22:40:41,899 - auth - WARNING - 认证失败: 缺少令牌
2025-06-05 22:41:58,739 - scheduler - INFO - 调度器已关闭
2025-06-05 22:41:58,740 - aps - INFO - 调度器已关闭
2025-06-05 22:41:58,740 - app_scheduler - INFO - 应用调度器已关闭
2025-06-05 22:41:58,742 - app - INFO - 应用程序关闭
2025-06-05 22:42:04,012 - database - INFO - 数据库初始化完成。路径: G:\cursor_projects\d05\database.sqlite
2025-06-05 22:42:04,013 - file_manager - INFO - 文件管理器初始化完成，使用数据库存储。文件目录: G:\cursor_projects\d05\files
2025-06-05 22:42:04,014 - file_routes - INFO - 文件路由初始化完成
2025-06-05 22:42:04,025 - extension - INFO - 扩展管理器初始化完成。扩展目录: data\extensions
2025-06-05 22:42:04,025 - extension - INFO - 使用数据库存储扩展配置
2025-06-05 22:42:04,026 - extension - INFO - 扩展路由初始化完成
2025-06-05 22:42:04,209 - extension - INFO - 开始加载所有扩展
2025-06-05 22:42:04,210 - extension - INFO - 开始加载扩展: extension_170f579f_cca0_4465_b310_1ce39226e07f
2025-06-05 22:42:04,210 - extension - INFO - 尝试在沙箱中加载扩展: extension_170f579f_cca0_4465_b310_1ce39226e07f
2025-06-05 22:42:04,211 - extension - INFO - 扩展 extension_170f579f_cca0_4465_b310_1ce39226e07f 加载成功
2025-06-05 22:42:04,212 - extension - INFO - 开始加载扩展: extension_3064a8cc_bda7_4bd7_a2bf_3de79f74a2ca
2025-06-05 22:42:04,212 - extension - INFO - 尝试在沙箱中加载扩展: extension_3064a8cc_bda7_4bd7_a2bf_3de79f74a2ca
2025-06-05 22:42:04,212 - extension - INFO - 扩展 extension_3064a8cc_bda7_4bd7_a2bf_3de79f74a2ca 加载成功
2025-06-05 22:42:04,212 - extension - INFO - 为扩展 extension_3064a8cc_bda7_4bd7_a2bf_3de79f74a2ca 注册API端点: /query/extension_3064a8cc_bda7_4bd7_a2bf_3de79f74a2ca
2025-06-05 22:42:04,213 - extension - INFO - 扩展 extension_3064a8cc_bda7_4bd7_a2bf_3de79f74a2ca 加载完成
2025-06-05 22:42:04,214 - extension - INFO - 开始加载扩展: extension_4424446e_6b90_46c2_b8a8_a74d54150190
2025-06-05 22:42:04,214 - extension - INFO - 尝试在沙箱中加载扩展: extension_4424446e_6b90_46c2_b8a8_a74d54150190
2025-06-05 22:42:04,214 - extension - INFO - 扩展 extension_4424446e_6b90_46c2_b8a8_a74d54150190 加载成功
2025-06-05 22:42:04,215 - extension - INFO - 开始加载扩展: extension_53c8355e_ab76_4dc4_8243_d51272703862
2025-06-05 22:42:04,215 - extension - INFO - 尝试在沙箱中加载扩展: extension_53c8355e_ab76_4dc4_8243_d51272703862
2025-06-05 22:42:04,215 - extension - INFO - 扩展 extension_53c8355e_ab76_4dc4_8243_d51272703862 加载成功
2025-06-05 22:42:04,216 - extension - INFO - 为扩展 extension_53c8355e_ab76_4dc4_8243_d51272703862 注册API端点: /query/extension_53c8355e_ab76_4dc4
2025-06-05 22:42:04,217 - extension - INFO - 扩展 extension_53c8355e_ab76_4dc4_8243_d51272703862 加载完成
2025-06-05 22:42:04,217 - extension - INFO - 开始加载扩展: extension_6066f2a2_98d0_4a73_bbf1_1b6cb0eadb70
2025-06-05 22:42:04,217 - extension - INFO - 尝试在沙箱中加载扩展: extension_6066f2a2_98d0_4a73_bbf1_1b6cb0eadb70
2025-06-05 22:42:04,218 - extension - INFO - 扩展 extension_6066f2a2_98d0_4a73_bbf1_1b6cb0eadb70 加载成功
2025-06-05 22:42:04,219 - extension - INFO - 开始加载扩展: extension_eab575d7_3f0a_414e_aae6_e156500d0b62
2025-06-05 22:42:04,219 - extension - INFO - 尝试在沙箱中加载扩展: extension_eab575d7_3f0a_414e_aae6_e156500d0b62
2025-06-05 22:42:04,220 - extension - INFO - 扩展 extension_eab575d7_3f0a_414e_aae6_e156500d0b62 加载成功
2025-06-05 22:42:04,226 - extension - INFO - 为扩展 extension_eab575d7_3f0a_414e_aae6_e156500d0b62 注册API端点: /query/extension_eab575d7_3f0a_414e_aae6_e156500d0b62
2025-06-05 22:42:04,230 - extension - INFO - 扩展 extension_eab575d7_3f0a_414e_aae6_e156500d0b62 加载完成
2025-06-05 22:42:04,230 - extension - INFO - 开始加载扩展: extension_fc1f9440_8e1c_4b37_9024_b1baf543959c
2025-06-05 22:42:04,231 - extension - INFO - 尝试在沙箱中加载扩展: extension_fc1f9440_8e1c_4b37_9024_b1baf543959c
2025-06-05 22:42:04,232 - extension - INFO - 扩展 extension_fc1f9440_8e1c_4b37_9024_b1baf543959c 加载成功
2025-06-05 22:42:04,232 - extension - INFO - 完成加载所有扩展，共 0 个
2025-06-05 22:42:04,234 - app - INFO - 正在加载应用配置...
2025-06-05 22:42:04,235 - app - INFO - 尝试加载配置文件...
2025-06-05 22:42:04,235 - app - INFO - 配置文件加载成功
2025-06-05 22:42:04,235 - app - INFO - 配置加载完成。服务将运行在 0.0.0.0:8000
2025-06-05 22:42:04,235 - app - INFO - 应用程序启动
2025-06-05 22:42:04,235 - app - INFO - 启动服务器: 0.0.0.0:8000
2025-06-05 22:42:04,534 - scheduler - INFO - 调度器初始化完成
2025-06-05 22:42:04,538 - scheduler - INFO - 调度器已启动
2025-06-05 22:42:04,538 - aps - INFO - 调度器已启动
2025-06-05 22:42:04,540 - app_scheduler - INFO - 应用调度器已初始化
2025-06-05 22:42:06,994 - auth - INFO - 用户尝试登录: admin
2025-06-05 22:42:07,265 - auth - INFO - 用户登录成功: admin
2025-06-05 22:42:07,291 - auth - INFO - 验证令牌: eyJhbGci...
2025-06-05 22:42:07,554 - extension - INFO - 获取扩展查询表单: extension_eab575d7_3f0a_414e_aae6_e156500d0b62
2025-06-05 22:42:07,594 - extension - INFO - 获取扩展查询表单: extension_53c8355e_ab76_4dc4_8243_d51272703862
2025-06-05 22:42:07,603 - extension - INFO - 获取扩展查询表单: extension_3064a8cc_bda7_4bd7_a2bf_3de79f74a2ca
2025-06-05 22:42:09,496 - auth - INFO - 验证令牌: eyJhbGci...
2025-06-05 22:42:11,192 - auth - INFO - 验证令牌: eyJhbGci...
2025-06-05 22:42:38,933 - auth - INFO - 验证令牌: eyJhbGci...
2025-06-05 22:43:56,131 - auth - INFO - 验证令牌: eyJhbGci...
2025-06-05 22:44:57,992 - auth - INFO - 验证令牌: eyJhbGci...
2025-06-05 22:44:59,930 - auth - INFO - 验证令牌: eyJhbGci...
2025-06-05 22:51:21,739 - auth - INFO - 验证令牌: eyJhbGci...
2025-06-05 22:51:23,856 - auth - INFO - 验证令牌: eyJhbGci...
2025-06-05 22:52:45,769 - auth - INFO - 验证令牌: eyJhbGci...
2025-06-05 22:58:57,777 - auth - INFO - 验证令牌: eyJhbGci...
2025-06-05 23:06:29,778 - auth - INFO - 验证令牌: eyJhbGci...
2025-06-05 23:07:08,486 - auth - INFO - 验证令牌: eyJhbGci...
2025-06-05 23:09:10,520 - auth - INFO - 验证令牌: eyJhbGci...
2025-06-05 23:09:34,323 - auth - INFO - 验证令牌: eyJhbGci...
2025-06-05 23:10:16,464 - auth - INFO - 验证令牌: eyJhbGci...
2025-06-05 23:10:17,351 - auth - INFO - 验证令牌: eyJhbGci...
2025-06-05 23:10:43,563 - auth - INFO - 验证令牌: eyJhbGci...
2025-06-05 23:11:11,665 - auth - INFO - 验证令牌: eyJhbGci...
2025-06-05 23:11:12,543 - auth - INFO - 验证令牌: eyJhbGci...
2025-06-05 23:11:22,465 - auth - INFO - 验证令牌: eyJhbGci...
2025-06-05 23:11:25,346 - auth - INFO - 验证令牌: eyJhbGci...
2025-06-05 23:11:32,221 - auth - INFO - 验证令牌: eyJhbGci...
2025-06-05 23:11:40,619 - auth - INFO - 验证令牌: eyJhbGci...
2025-06-05 23:11:45,738 - auth - INFO - 验证令牌: eyJhbGci...
2025-06-05 23:12:02,474 - auth - INFO - 验证令牌: eyJhbGci...
2025-06-05 23:12:04,019 - auth - INFO - 验证令牌: eyJhbGci...
2025-06-05 23:12:04,464 - auth - INFO - 验证令牌: eyJhbGci...
2025-06-05 23:12:04,684 - auth - INFO - 验证令牌: eyJhbGci...
2025-06-05 23:12:05,591 - auth - INFO - 验证令牌: eyJhbGci...
2025-06-05 23:12:05,962 - auth - INFO - 验证令牌: eyJhbGci...
2025-06-05 23:12:28,339 - auth - WARNING - 认证失败: 缺少令牌
2025-06-05 23:24:08,068 - scheduler - INFO - 调度器已关闭
2025-06-05 23:24:08,069 - aps - INFO - 调度器已关闭
2025-06-05 23:24:08,069 - app_scheduler - INFO - 应用调度器已关闭
2025-06-05 23:24:08,071 - app - INFO - 应用程序关闭
