2025-06-04 21:46:23,211 - database - INFO - 数据库初始化完成。路径: G:\cursor_projects\d05\database.sqlite
2025-06-04 21:46:23,236 - file_manager - INFO - 文件管理器初始化完成，使用数据库存储。文件目录: G:\cursor_projects\d05\files
2025-06-04 21:46:23,237 - file_routes - INFO - 文件路由初始化完成
2025-06-04 21:46:23,252 - extension - INFO - 扩展管理器初始化完成。扩展目录: data\extensions
2025-06-04 21:46:23,252 - extension - INFO - 使用数据库存储扩展配置
2025-06-04 21:46:23,252 - extension - INFO - 扩展路由初始化完成
2025-06-04 21:46:23,335 - extension - INFO - 开始加载所有扩展
2025-06-04 21:46:23,335 - extension - INFO - 开始加载扩展: extension_170f579f_cca0_4465_b310_1ce39226e07f
2025-06-04 21:46:23,335 - extension - INFO - 尝试在沙箱中加载扩展: extension_170f579f_cca0_4465_b310_1ce39226e07f
2025-06-04 21:46:23,335 - extension - INFO - 扩展 extension_170f579f_cca0_4465_b310_1ce39226e07f 加载成功
2025-06-04 21:46:23,335 - extension - INFO - 开始加载扩展: extension_3064a8cc_bda7_4bd7_a2bf_3de79f74a2ca
2025-06-04 21:46:23,335 - extension - INFO - 尝试在沙箱中加载扩展: extension_3064a8cc_bda7_4bd7_a2bf_3de79f74a2ca
2025-06-04 21:46:23,351 - extension - INFO - 扩展 extension_3064a8cc_bda7_4bd7_a2bf_3de79f74a2ca 加载成功
2025-06-04 21:46:23,352 - extension - INFO - 为扩展 extension_3064a8cc_bda7_4bd7_a2bf_3de79f74a2ca 注册API端点: /query/extension_3064a8cc_bda7_4bd7_a2bf_3de79f74a2ca
2025-06-04 21:46:23,354 - extension - INFO - 扩展 extension_3064a8cc_bda7_4bd7_a2bf_3de79f74a2ca 加载完成
2025-06-04 21:46:23,355 - extension - INFO - 开始加载扩展: extension_4424446e_6b90_46c2_b8a8_a74d54150190
2025-06-04 21:46:23,355 - extension - INFO - 尝试在沙箱中加载扩展: extension_4424446e_6b90_46c2_b8a8_a74d54150190
2025-06-04 21:46:23,358 - extension - INFO - 扩展 extension_4424446e_6b90_46c2_b8a8_a74d54150190 加载成功
2025-06-04 21:46:23,359 - extension - INFO - 开始加载扩展: extension_53c8355e_ab76_4dc4_8243_d51272703862
2025-06-04 21:46:23,359 - extension - INFO - 尝试在沙箱中加载扩展: extension_53c8355e_ab76_4dc4_8243_d51272703862
2025-06-04 21:46:23,362 - extension - INFO - 扩展 extension_53c8355e_ab76_4dc4_8243_d51272703862 加载成功
2025-06-04 21:46:23,363 - extension - INFO - 为扩展 extension_53c8355e_ab76_4dc4_8243_d51272703862 注册API端点: /query/extension_53c8355e_ab76_4dc4
2025-06-04 21:46:23,364 - extension - INFO - 扩展 extension_53c8355e_ab76_4dc4_8243_d51272703862 加载完成
2025-06-04 21:46:23,364 - extension - INFO - 开始加载扩展: extension_6066f2a2_98d0_4a73_bbf1_1b6cb0eadb70
2025-06-04 21:46:23,364 - extension - INFO - 尝试在沙箱中加载扩展: extension_6066f2a2_98d0_4a73_bbf1_1b6cb0eadb70
2025-06-04 21:46:23,367 - extension - INFO - 扩展 extension_6066f2a2_98d0_4a73_bbf1_1b6cb0eadb70 加载成功
2025-06-04 21:46:23,369 - extension - INFO - 开始加载扩展: extension_eab575d7_3f0a_414e_aae6_e156500d0b62
2025-06-04 21:46:23,369 - extension - INFO - 尝试在沙箱中加载扩展: extension_eab575d7_3f0a_414e_aae6_e156500d0b62
2025-06-04 21:46:23,371 - extension - INFO - 扩展 extension_eab575d7_3f0a_414e_aae6_e156500d0b62 加载成功
2025-06-04 21:46:23,371 - extension - INFO - 为扩展 extension_eab575d7_3f0a_414e_aae6_e156500d0b62 注册API端点: /query/extension_eab575d7_3f0a_414e_aae6_e156500d0b62
2025-06-04 21:46:23,371 - extension - INFO - 扩展 extension_eab575d7_3f0a_414e_aae6_e156500d0b62 加载完成
2025-06-04 21:46:23,371 - extension - INFO - 开始加载扩展: extension_fc1f9440_8e1c_4b37_9024_b1baf543959c
2025-06-04 21:46:23,371 - extension - INFO - 尝试在沙箱中加载扩展: extension_fc1f9440_8e1c_4b37_9024_b1baf543959c
2025-06-04 21:46:23,371 - extension - INFO - 扩展 extension_fc1f9440_8e1c_4b37_9024_b1baf543959c 加载成功
2025-06-04 21:46:23,371 - extension - INFO - 完成加载所有扩展，共 0 个
2025-06-04 21:46:23,371 - app - INFO - 正在加载应用配置...
2025-06-04 21:46:23,385 - app - INFO - 尝试加载配置文件...
2025-06-04 21:46:23,385 - app - INFO - 配置文件加载成功
2025-06-04 21:46:23,385 - app - INFO - 配置加载完成。服务将运行在 0.0.0.0:8000
2025-06-04 21:46:23,385 - app - INFO - 应用程序启动
2025-06-04 21:46:23,385 - app - INFO - 启动服务器: 0.0.0.0:8000
2025-06-04 21:46:24,615 - scheduler - INFO - 调度器初始化完成
2025-06-04 21:46:24,669 - scheduler - INFO - 调度器已启动
2025-06-04 21:46:24,670 - aps - INFO - 调度器已启动
2025-06-04 21:46:24,670 - app_scheduler - INFO - 应用调度器已初始化
2025-06-04 21:46:24,706 - extension - INFO - 尝试在沙箱中加载扩展: extension_eab575d7_3f0a_414e_aae6_e156500d0b62
2025-06-04 21:46:24,711 - extension - INFO - 扩展 extension_eab575d7_3f0a_414e_aae6_e156500d0b62 加载成功
2025-06-04 21:46:24,789 - file_manager - ERROR - 保存文件失败: 2025-06-04.txt, [Errno 2] No such file or directory: 'D:\\PycharmProjects\\d05\\files\\2d423c1f.txt'
2025-06-04 21:46:25,203 - scheduler - ERROR - 任务 cron_extension_eab575d7_3f0a_414e_aae6_e156500d0b62_20250604112454 执行失败: [Errno 2] No such file or directory: 'D:\\PycharmProjects\\d05\\files\\2d423c1f.txt'
2025-06-04 21:46:25,203 - scheduler - ERROR - 异常跟踪:   File "D:\develop\python396\lib\site-packages\apscheduler\executors\base.py", line 125, in run_job
    retval = job.func(*job.args, **job.kwargs)
  File "data/extensions/extension_eab575d7_3f0a_414e_aae6_e156500d0b62.py", line 98, in execute_query
    file_manager.save_file(filename=f"{datetime.now().strftime('%Y-%m-%d')}.txt", file_content=datetime.now().strftime('%Y-%m-%d %H:%M:%S').encode('utf-8'))
  File "g:\cursor_projects\d05\app\core\file_manager.py", line 143, in save_file
    with open(file_path, "wb") as f:

2025-06-04 21:47:00,881 - extension - INFO - 尝试在沙箱中加载扩展: extension_eab575d7_3f0a_414e_aae6_e156500d0b62
2025-06-04 21:47:00,881 - extension - INFO - 扩展 extension_eab575d7_3f0a_414e_aae6_e156500d0b62 加载成功
2025-06-04 21:47:00,888 - file_manager - ERROR - 保存文件失败: 2025-06-04.txt, [Errno 2] No such file or directory: 'D:\\PycharmProjects\\d05\\files\\146782d2.txt'
2025-06-04 21:47:00,898 - scheduler - ERROR - 任务 cron_extension_eab575d7_3f0a_414e_aae6_e156500d0b62_20250604112454 执行失败: [Errno 2] No such file or directory: 'D:\\PycharmProjects\\d05\\files\\146782d2.txt'
2025-06-04 21:47:00,900 - scheduler - ERROR - 异常跟踪:   File "D:\develop\python396\lib\site-packages\apscheduler\executors\base.py", line 125, in run_job
    retval = job.func(*job.args, **job.kwargs)
  File "data/extensions/extension_eab575d7_3f0a_414e_aae6_e156500d0b62.py", line 98, in execute_query
    file_manager.save_file(filename=f"{datetime.now().strftime('%Y-%m-%d')}.txt", file_content=datetime.now().strftime('%Y-%m-%d %H:%M:%S').encode('utf-8'))
  File "g:\cursor_projects\d05\app\core\file_manager.py", line 143, in save_file
    with open(file_path, "wb") as f:

2025-06-04 21:47:37,407 - extension - INFO - 获取扩展查询表单: extension_eab575d7_3f0a_414e_aae6_e156500d0b62
2025-06-04 21:47:37,425 - extension - INFO - 获取扩展查询表单: extension_53c8355e_ab76_4dc4_8243_d51272703862
2025-06-04 21:47:37,425 - extension - INFO - 获取扩展查询表单: extension_3064a8cc_bda7_4bd7_a2bf_3de79f74a2ca
2025-06-04 21:47:41,506 - auth - WARNING - 认证失败: 缺少令牌
2025-06-04 21:47:45,439 - auth - INFO - 用户尝试登录: admin
2025-06-04 21:47:45,722 - auth - INFO - 用户登录成功: admin
2025-06-04 21:47:45,758 - auth - INFO - 验证令牌: eyJhbGci...
2025-06-04 21:47:45,860 - extension - INFO - 获取扩展查询表单: extension_eab575d7_3f0a_414e_aae6_e156500d0b62
2025-06-04 21:47:45,875 - extension - INFO - 获取扩展查询表单: extension_53c8355e_ab76_4dc4_8243_d51272703862
2025-06-04 21:47:45,889 - extension - INFO - 获取扩展查询表单: extension_3064a8cc_bda7_4bd7_a2bf_3de79f74a2ca
2025-06-04 21:47:46,842 - auth - INFO - 验证令牌: eyJhbGci...
2025-06-04 21:47:46,941 - extension - INFO - 尝试在沙箱中加载扩展: extension_eab575d7_3f0a_414e_aae6_e156500d0b62
2025-06-04 21:47:46,943 - extension - INFO - 扩展 extension_eab575d7_3f0a_414e_aae6_e156500d0b62 加载成功
2025-06-04 21:47:46,964 - extension - INFO - 尝试在沙箱中加载扩展: extension_eab575d7_3f0a_414e_aae6_e156500d0b62
2025-06-04 21:47:46,964 - extension - INFO - 扩展 extension_eab575d7_3f0a_414e_aae6_e156500d0b62 加载成功
2025-06-04 21:47:46,983 - extension - INFO - 尝试在沙箱中加载扩展: extension_eab575d7_3f0a_414e_aae6_e156500d0b62
2025-06-04 21:47:46,986 - extension - INFO - 扩展 extension_eab575d7_3f0a_414e_aae6_e156500d0b62 加载成功
2025-06-04 21:47:49,972 - auth - INFO - 验证令牌: eyJhbGci...
2025-06-04 21:47:49,988 - extension - INFO - 尝试在沙箱中加载扩展: extension_eab575d7_3f0a_414e_aae6_e156500d0b62
2025-06-04 21:47:49,989 - extension - INFO - 扩展 extension_eab575d7_3f0a_414e_aae6_e156500d0b62 加载成功
2025-06-04 21:47:50,553 - scheduler - INFO - 已移除任务: cron_extension_eab575d7_3f0a_414e_aae6_e156500d0b62_20250604112454
2025-06-04 21:47:50,554 - scheduler_routes - INFO - 用户 admin 删除了任务 cron_extension_eab575d7_3f0a_414e_aae6_e156500d0b62_20250604112454
2025-06-04 21:47:51,582 - auth - INFO - 验证令牌: eyJhbGci...
2025-06-04 21:47:51,588 - extension - INFO - 尝试在沙箱中加载扩展: extension_eab575d7_3f0a_414e_aae6_e156500d0b62
2025-06-04 21:47:51,590 - extension - INFO - 扩展 extension_eab575d7_3f0a_414e_aae6_e156500d0b62 加载成功
2025-06-04 21:47:51,591 - extension - INFO - 尝试在沙箱中加载扩展: extension_eab575d7_3f0a_414e_aae6_e156500d0b62
2025-06-04 21:47:51,591 - extension - INFO - 扩展 extension_eab575d7_3f0a_414e_aae6_e156500d0b62 加载成功
2025-06-04 21:47:53,739 - auth - INFO - 验证令牌: eyJhbGci...
2025-06-04 21:47:53,739 - extension - INFO - 尝试在沙箱中加载扩展: extension_eab575d7_3f0a_414e_aae6_e156500d0b62
2025-06-04 21:47:53,754 - extension - INFO - 扩展 extension_eab575d7_3f0a_414e_aae6_e156500d0b62 加载成功
2025-06-04 21:47:54,272 - scheduler - INFO - 已移除任务: date_extension_eab575d7_3f0a_414e_aae6_e156500d0b62_20250604113000
2025-06-04 21:47:54,274 - scheduler_routes - INFO - 用户 admin 删除了任务 date_extension_eab575d7_3f0a_414e_aae6_e156500d0b62_20250604113000
2025-06-04 21:47:55,303 - auth - INFO - 验证令牌: eyJhbGci...
2025-06-04 21:47:55,305 - extension - INFO - 尝试在沙箱中加载扩展: extension_eab575d7_3f0a_414e_aae6_e156500d0b62
2025-06-04 21:47:55,307 - extension - INFO - 扩展 extension_eab575d7_3f0a_414e_aae6_e156500d0b62 加载成功
2025-06-04 21:47:56,882 - auth - INFO - 验证令牌: eyJhbGci...
2025-06-04 21:47:56,886 - extension - INFO - 尝试在沙箱中加载扩展: extension_eab575d7_3f0a_414e_aae6_e156500d0b62
2025-06-04 21:47:56,889 - extension - INFO - 扩展 extension_eab575d7_3f0a_414e_aae6_e156500d0b62 加载成功
2025-06-04 21:47:57,367 - scheduler - INFO - 已移除任务: interval_extension_eab575d7_3f0a_414e_aae6_e156500d0b62_20250604123024
2025-06-04 21:47:57,371 - scheduler_routes - INFO - 用户 admin 删除了任务 interval_extension_eab575d7_3f0a_414e_aae6_e156500d0b62_20250604123024
2025-06-04 21:47:58,406 - auth - INFO - 验证令牌: eyJhbGci...
2025-06-04 21:48:09,154 - auth - INFO - 验证令牌: eyJhbGci...
2025-06-04 21:48:09,276 - extension - INFO - 获取扩展查询表单: extension_eab575d7_3f0a_414e_aae6_e156500d0b62
2025-06-04 21:48:09,285 - extension - INFO - 获取扩展查询表单: extension_53c8355e_ab76_4dc4_8243_d51272703862
2025-06-04 21:48:09,294 - extension - INFO - 获取扩展查询表单: extension_3064a8cc_bda7_4bd7_a2bf_3de79f74a2ca
2025-06-04 21:48:09,722 - auth - INFO - 验证令牌: eyJhbGci...
2025-06-04 21:48:10,251 - auth - INFO - 验证令牌: eyJhbGci...
2025-06-04 21:48:11,875 - auth - INFO - 验证令牌: eyJhbGci...
2025-06-04 21:48:11,986 - extension - INFO - 获取扩展查询表单: extension_eab575d7_3f0a_414e_aae6_e156500d0b62
2025-06-04 21:48:11,986 - extension - INFO - 获取扩展查询表单: extension_53c8355e_ab76_4dc4_8243_d51272703862
2025-06-04 21:48:12,005 - extension - INFO - 获取扩展查询表单: extension_3064a8cc_bda7_4bd7_a2bf_3de79f74a2ca
2025-06-04 21:48:14,366 - extension - INFO - 执行扩展查询: extension_eab575d7_3f0a_414e_aae6_e156500d0b62
2025-06-04 21:48:15,168 - database - INFO - 保存文件元数据成功: 4bb8ed17
2025-06-04 21:48:15,168 - file_manager - INFO - 文件保存成功: 2025-06-04.txt (ID: 4bb8ed17)
2025-06-04 21:48:15,168 - extension - INFO - 扩展 extension_eab575d7_3f0a_414e_aae6_e156500d0b62 查询成功完成
2025-06-04 21:48:15,190 - extension - INFO - 获取扩展配置: extension_eab575d7_3f0a_414e_aae6_e156500d0b62
2025-06-04 21:48:18,279 - auth - INFO - 验证令牌: eyJhbGci...
2025-06-04 21:48:21,008 - auth - INFO - 验证令牌: eyJhbGci...
2025-06-04 21:48:21,010 - file_routes - INFO - 用户 admin 删除文件 4bb8ed17
2025-06-04 21:48:21,633 - database - INFO - 删除文件元数据成功: 4bb8ed17
2025-06-04 21:48:21,633 - file_manager - INFO - 文件删除成功: 2025-06-04.txt (ID: 4bb8ed17)
2025-06-04 21:48:21,657 - auth - INFO - 验证令牌: eyJhbGci...
2025-06-04 21:49:13,357 - auth - INFO - 验证令牌: eyJhbGci...
2025-06-04 21:49:13,644 - extension - INFO - 获取扩展查询表单: extension_eab575d7_3f0a_414e_aae6_e156500d0b62
2025-06-04 21:49:13,647 - extension - INFO - 获取扩展查询表单: extension_53c8355e_ab76_4dc4_8243_d51272703862
2025-06-04 21:49:13,662 - extension - INFO - 获取扩展查询表单: extension_3064a8cc_bda7_4bd7_a2bf_3de79f74a2ca
2025-06-04 21:49:21,356 - trans_files - INFO - Received file: 503WIFI密码 13621787686.txt
2025-06-04 21:54:05,274 - scheduler - INFO - 调度器已关闭
2025-06-04 21:54:05,274 - aps - INFO - 调度器已关闭
2025-06-04 21:54:05,274 - app_scheduler - INFO - 应用调度器已关闭
2025-06-04 21:54:05,274 - app - INFO - 应用程序关闭
2025-06-04 21:54:10,763 - database - INFO - 数据库初始化完成。路径: G:\cursor_projects\d05\database.sqlite
2025-06-04 21:54:10,763 - file_manager - INFO - 文件管理器初始化完成，使用数据库存储。文件目录: G:\cursor_projects\d05\files
2025-06-04 21:54:10,763 - file_routes - INFO - 文件路由初始化完成
2025-06-04 21:54:10,779 - extension - INFO - 扩展管理器初始化完成。扩展目录: data\extensions
2025-06-04 21:54:10,779 - extension - INFO - 使用数据库存储扩展配置
2025-06-04 21:54:10,779 - extension - INFO - 扩展路由初始化完成
2025-06-04 21:54:10,910 - extension - INFO - 开始加载所有扩展
2025-06-04 21:54:10,910 - extension - INFO - 开始加载扩展: extension_170f579f_cca0_4465_b310_1ce39226e07f
2025-06-04 21:54:10,910 - extension - INFO - 尝试在沙箱中加载扩展: extension_170f579f_cca0_4465_b310_1ce39226e07f
2025-06-04 21:54:10,910 - extension - INFO - 扩展 extension_170f579f_cca0_4465_b310_1ce39226e07f 加载成功
2025-06-04 21:54:10,910 - extension - INFO - 开始加载扩展: extension_3064a8cc_bda7_4bd7_a2bf_3de79f74a2ca
2025-06-04 21:54:10,910 - extension - INFO - 尝试在沙箱中加载扩展: extension_3064a8cc_bda7_4bd7_a2bf_3de79f74a2ca
2025-06-04 21:54:10,910 - extension - INFO - 扩展 extension_3064a8cc_bda7_4bd7_a2bf_3de79f74a2ca 加载成功
2025-06-04 21:54:10,910 - extension - INFO - 为扩展 extension_3064a8cc_bda7_4bd7_a2bf_3de79f74a2ca 注册API端点: /query/extension_3064a8cc_bda7_4bd7_a2bf_3de79f74a2ca
2025-06-04 21:54:10,910 - extension - INFO - 扩展 extension_3064a8cc_bda7_4bd7_a2bf_3de79f74a2ca 加载完成
2025-06-04 21:54:10,910 - extension - INFO - 开始加载扩展: extension_4424446e_6b90_46c2_b8a8_a74d54150190
2025-06-04 21:54:10,910 - extension - INFO - 尝试在沙箱中加载扩展: extension_4424446e_6b90_46c2_b8a8_a74d54150190
2025-06-04 21:54:10,910 - extension - INFO - 扩展 extension_4424446e_6b90_46c2_b8a8_a74d54150190 加载成功
2025-06-04 21:54:10,910 - extension - INFO - 开始加载扩展: extension_53c8355e_ab76_4dc4_8243_d51272703862
2025-06-04 21:54:10,910 - extension - INFO - 尝试在沙箱中加载扩展: extension_53c8355e_ab76_4dc4_8243_d51272703862
2025-06-04 21:54:10,926 - extension - INFO - 扩展 extension_53c8355e_ab76_4dc4_8243_d51272703862 加载成功
2025-06-04 21:54:10,927 - extension - INFO - 为扩展 extension_53c8355e_ab76_4dc4_8243_d51272703862 注册API端点: /query/extension_53c8355e_ab76_4dc4
2025-06-04 21:54:10,929 - extension - INFO - 扩展 extension_53c8355e_ab76_4dc4_8243_d51272703862 加载完成
2025-06-04 21:54:10,930 - extension - INFO - 开始加载扩展: extension_6066f2a2_98d0_4a73_bbf1_1b6cb0eadb70
2025-06-04 21:54:10,930 - extension - INFO - 尝试在沙箱中加载扩展: extension_6066f2a2_98d0_4a73_bbf1_1b6cb0eadb70
2025-06-04 21:54:10,931 - extension - INFO - 扩展 extension_6066f2a2_98d0_4a73_bbf1_1b6cb0eadb70 加载成功
2025-06-04 21:54:10,932 - extension - INFO - 开始加载扩展: extension_eab575d7_3f0a_414e_aae6_e156500d0b62
2025-06-04 21:54:10,933 - extension - INFO - 尝试在沙箱中加载扩展: extension_eab575d7_3f0a_414e_aae6_e156500d0b62
2025-06-04 21:54:10,934 - extension - INFO - 扩展 extension_eab575d7_3f0a_414e_aae6_e156500d0b62 加载成功
2025-06-04 21:54:10,934 - extension - INFO - 为扩展 extension_eab575d7_3f0a_414e_aae6_e156500d0b62 注册API端点: /query/extension_eab575d7_3f0a_414e_aae6_e156500d0b62
2025-06-04 21:54:10,936 - extension - INFO - 扩展 extension_eab575d7_3f0a_414e_aae6_e156500d0b62 加载完成
2025-06-04 21:54:10,936 - extension - INFO - 开始加载扩展: extension_fc1f9440_8e1c_4b37_9024_b1baf543959c
2025-06-04 21:54:10,937 - extension - INFO - 尝试在沙箱中加载扩展: extension_fc1f9440_8e1c_4b37_9024_b1baf543959c
2025-06-04 21:54:10,938 - extension - INFO - 扩展 extension_fc1f9440_8e1c_4b37_9024_b1baf543959c 加载成功
2025-06-04 21:54:10,939 - extension - INFO - 完成加载所有扩展，共 0 个
2025-06-04 21:54:10,940 - app - INFO - 正在加载应用配置...
2025-06-04 21:54:10,941 - app - INFO - 尝试加载配置文件...
2025-06-04 21:54:10,942 - app - INFO - 配置文件加载成功
2025-06-04 21:54:10,942 - app - INFO - 配置加载完成。服务将运行在 0.0.0.0:8000
2025-06-04 21:54:10,943 - app - INFO - 应用程序启动
2025-06-04 21:54:10,943 - app - INFO - 启动服务器: 0.0.0.0:8000
2025-06-04 21:54:11,157 - scheduler - INFO - 调度器初始化完成
2025-06-04 21:54:11,157 - scheduler - INFO - 调度器已启动
2025-06-04 21:54:11,157 - aps - INFO - 调度器已启动
2025-06-04 21:54:11,157 - app_scheduler - INFO - 应用调度器已初始化
2025-06-04 21:54:31,457 - scheduler - INFO - 调度器已关闭
2025-06-04 21:54:31,457 - aps - INFO - 调度器已关闭
2025-06-04 21:54:31,457 - app_scheduler - INFO - 应用调度器已关闭
2025-06-04 21:54:31,463 - app - INFO - 应用程序关闭
2025-06-04 21:54:36,704 - database - INFO - 数据库初始化完成。路径: G:\cursor_projects\d05\database.sqlite
2025-06-04 21:54:36,704 - file_manager - INFO - 文件管理器初始化完成，使用数据库存储。文件目录: G:\cursor_projects\d05\files
2025-06-04 21:54:36,704 - file_routes - INFO - 文件路由初始化完成
2025-06-04 21:54:36,728 - extension - INFO - 扩展管理器初始化完成。扩展目录: data\extensions
2025-06-04 21:54:36,728 - extension - INFO - 使用数据库存储扩展配置
2025-06-04 21:54:36,729 - extension - INFO - 扩展路由初始化完成
2025-06-04 21:54:36,840 - extension - INFO - 开始加载所有扩展
2025-06-04 21:54:36,840 - extension - INFO - 开始加载扩展: extension_170f579f_cca0_4465_b310_1ce39226e07f
2025-06-04 21:54:36,840 - extension - INFO - 尝试在沙箱中加载扩展: extension_170f579f_cca0_4465_b310_1ce39226e07f
2025-06-04 21:54:36,855 - extension - INFO - 扩展 extension_170f579f_cca0_4465_b310_1ce39226e07f 加载成功
2025-06-04 21:54:36,856 - extension - INFO - 开始加载扩展: extension_3064a8cc_bda7_4bd7_a2bf_3de79f74a2ca
2025-06-04 21:54:36,857 - extension - INFO - 尝试在沙箱中加载扩展: extension_3064a8cc_bda7_4bd7_a2bf_3de79f74a2ca
2025-06-04 21:54:36,858 - extension - INFO - 扩展 extension_3064a8cc_bda7_4bd7_a2bf_3de79f74a2ca 加载成功
2025-06-04 21:54:36,859 - extension - INFO - 为扩展 extension_3064a8cc_bda7_4bd7_a2bf_3de79f74a2ca 注册API端点: /query/extension_3064a8cc_bda7_4bd7_a2bf_3de79f74a2ca
2025-06-04 21:54:36,860 - extension - INFO - 扩展 extension_3064a8cc_bda7_4bd7_a2bf_3de79f74a2ca 加载完成
2025-06-04 21:54:36,861 - extension - INFO - 开始加载扩展: extension_4424446e_6b90_46c2_b8a8_a74d54150190
2025-06-04 21:54:36,861 - extension - INFO - 尝试在沙箱中加载扩展: extension_4424446e_6b90_46c2_b8a8_a74d54150190
2025-06-04 21:54:36,862 - extension - INFO - 扩展 extension_4424446e_6b90_46c2_b8a8_a74d54150190 加载成功
2025-06-04 21:54:36,863 - extension - INFO - 开始加载扩展: extension_53c8355e_ab76_4dc4_8243_d51272703862
2025-06-04 21:54:36,863 - extension - INFO - 尝试在沙箱中加载扩展: extension_53c8355e_ab76_4dc4_8243_d51272703862
2025-06-04 21:54:36,864 - extension - INFO - 扩展 extension_53c8355e_ab76_4dc4_8243_d51272703862 加载成功
2025-06-04 21:54:36,865 - extension - INFO - 为扩展 extension_53c8355e_ab76_4dc4_8243_d51272703862 注册API端点: /query/extension_53c8355e_ab76_4dc4
2025-06-04 21:54:36,867 - extension - INFO - 扩展 extension_53c8355e_ab76_4dc4_8243_d51272703862 加载完成
2025-06-04 21:54:36,868 - extension - INFO - 开始加载扩展: extension_6066f2a2_98d0_4a73_bbf1_1b6cb0eadb70
2025-06-04 21:54:36,868 - extension - INFO - 尝试在沙箱中加载扩展: extension_6066f2a2_98d0_4a73_bbf1_1b6cb0eadb70
2025-06-04 21:54:36,868 - extension - INFO - 扩展 extension_6066f2a2_98d0_4a73_bbf1_1b6cb0eadb70 加载成功
2025-06-04 21:54:36,868 - extension - INFO - 开始加载扩展: extension_eab575d7_3f0a_414e_aae6_e156500d0b62
2025-06-04 21:54:36,871 - extension - INFO - 尝试在沙箱中加载扩展: extension_eab575d7_3f0a_414e_aae6_e156500d0b62
2025-06-04 21:54:36,873 - extension - INFO - 扩展 extension_eab575d7_3f0a_414e_aae6_e156500d0b62 加载成功
2025-06-04 21:54:36,873 - extension - INFO - 为扩展 extension_eab575d7_3f0a_414e_aae6_e156500d0b62 注册API端点: /query/extension_eab575d7_3f0a_414e_aae6_e156500d0b62
2025-06-04 21:54:36,875 - extension - INFO - 扩展 extension_eab575d7_3f0a_414e_aae6_e156500d0b62 加载完成
2025-06-04 21:54:36,876 - extension - INFO - 开始加载扩展: extension_fc1f9440_8e1c_4b37_9024_b1baf543959c
2025-06-04 21:54:36,876 - extension - INFO - 尝试在沙箱中加载扩展: extension_fc1f9440_8e1c_4b37_9024_b1baf543959c
2025-06-04 21:54:36,877 - extension - INFO - 扩展 extension_fc1f9440_8e1c_4b37_9024_b1baf543959c 加载成功
2025-06-04 21:54:36,878 - extension - INFO - 完成加载所有扩展，共 0 个
2025-06-04 21:54:36,879 - app - INFO - 正在加载应用配置...
2025-06-04 21:54:36,879 - app - INFO - 尝试加载配置文件...
2025-06-04 21:54:36,880 - app - INFO - 配置文件加载成功
2025-06-04 21:54:36,880 - app - INFO - 配置加载完成。服务将运行在 0.0.0.0:8000
2025-06-04 21:54:36,880 - app - INFO - 应用程序启动
2025-06-04 21:54:36,881 - app - INFO - 启动服务器: 0.0.0.0:8000
2025-06-04 21:54:37,071 - scheduler - INFO - 调度器初始化完成
2025-06-04 21:54:37,072 - scheduler - INFO - 调度器已启动
2025-06-04 21:54:37,072 - aps - INFO - 调度器已启动
2025-06-04 21:54:37,072 - app_scheduler - INFO - 应用调度器已初始化
2025-06-04 21:54:43,774 - trans_files - INFO - Received file: 503WIFI密码 13621787686.txt
2025-06-04 23:15:48,956 - database - INFO - 数据库初始化完成。路径: G:\cursor_projects\d05\database.sqlite
2025-06-04 23:15:48,957 - file_manager - INFO - 文件管理器初始化完成，使用数据库存储。文件目录: G:\cursor_projects\d05\files
2025-06-04 23:15:48,957 - file_routes - INFO - 文件路由初始化完成
2025-06-04 23:15:48,967 - extension - INFO - 扩展管理器初始化完成。扩展目录: data\extensions
2025-06-04 23:15:48,968 - extension - INFO - 使用数据库存储扩展配置
2025-06-04 23:15:48,969 - extension - INFO - 扩展路由初始化完成
2025-06-04 23:15:49,058 - extension - INFO - 开始加载所有扩展
2025-06-04 23:15:49,059 - extension - INFO - 开始加载扩展: extension_170f579f_cca0_4465_b310_1ce39226e07f
2025-06-04 23:15:49,059 - extension - INFO - 尝试在沙箱中加载扩展: extension_170f579f_cca0_4465_b310_1ce39226e07f
2025-06-04 23:15:49,060 - extension - INFO - 扩展 extension_170f579f_cca0_4465_b310_1ce39226e07f 加载成功
2025-06-04 23:15:49,061 - extension - INFO - 开始加载扩展: extension_3064a8cc_bda7_4bd7_a2bf_3de79f74a2ca
2025-06-04 23:15:49,061 - extension - INFO - 尝试在沙箱中加载扩展: extension_3064a8cc_bda7_4bd7_a2bf_3de79f74a2ca
2025-06-04 23:15:49,062 - extension - INFO - 扩展 extension_3064a8cc_bda7_4bd7_a2bf_3de79f74a2ca 加载成功
2025-06-04 23:15:49,062 - extension - INFO - 为扩展 extension_3064a8cc_bda7_4bd7_a2bf_3de79f74a2ca 注册API端点: /query/extension_3064a8cc_bda7_4bd7_a2bf_3de79f74a2ca
2025-06-04 23:15:49,064 - extension - INFO - 扩展 extension_3064a8cc_bda7_4bd7_a2bf_3de79f74a2ca 加载完成
2025-06-04 23:15:49,064 - extension - INFO - 开始加载扩展: extension_4424446e_6b90_46c2_b8a8_a74d54150190
2025-06-04 23:15:49,064 - extension - INFO - 尝试在沙箱中加载扩展: extension_4424446e_6b90_46c2_b8a8_a74d54150190
2025-06-04 23:15:49,065 - extension - INFO - 扩展 extension_4424446e_6b90_46c2_b8a8_a74d54150190 加载成功
2025-06-04 23:15:49,066 - extension - INFO - 开始加载扩展: extension_53c8355e_ab76_4dc4_8243_d51272703862
2025-06-04 23:15:49,066 - extension - INFO - 尝试在沙箱中加载扩展: extension_53c8355e_ab76_4dc4_8243_d51272703862
2025-06-04 23:15:49,067 - extension - INFO - 扩展 extension_53c8355e_ab76_4dc4_8243_d51272703862 加载成功
2025-06-04 23:15:49,068 - extension - INFO - 为扩展 extension_53c8355e_ab76_4dc4_8243_d51272703862 注册API端点: /query/extension_53c8355e_ab76_4dc4
2025-06-04 23:15:49,071 - extension - INFO - 扩展 extension_53c8355e_ab76_4dc4_8243_d51272703862 加载完成
2025-06-04 23:15:49,071 - extension - INFO - 开始加载扩展: extension_6066f2a2_98d0_4a73_bbf1_1b6cb0eadb70
2025-06-04 23:15:49,072 - extension - INFO - 尝试在沙箱中加载扩展: extension_6066f2a2_98d0_4a73_bbf1_1b6cb0eadb70
2025-06-04 23:15:49,072 - extension - INFO - 扩展 extension_6066f2a2_98d0_4a73_bbf1_1b6cb0eadb70 加载成功
2025-06-04 23:15:49,073 - extension - INFO - 开始加载扩展: extension_eab575d7_3f0a_414e_aae6_e156500d0b62
2025-06-04 23:15:49,073 - extension - INFO - 尝试在沙箱中加载扩展: extension_eab575d7_3f0a_414e_aae6_e156500d0b62
2025-06-04 23:15:49,074 - extension - INFO - 扩展 extension_eab575d7_3f0a_414e_aae6_e156500d0b62 加载成功
2025-06-04 23:15:49,074 - extension - INFO - 为扩展 extension_eab575d7_3f0a_414e_aae6_e156500d0b62 注册API端点: /query/extension_eab575d7_3f0a_414e_aae6_e156500d0b62
2025-06-04 23:15:49,075 - extension - INFO - 扩展 extension_eab575d7_3f0a_414e_aae6_e156500d0b62 加载完成
2025-06-04 23:15:49,075 - extension - INFO - 开始加载扩展: extension_fc1f9440_8e1c_4b37_9024_b1baf543959c
2025-06-04 23:15:49,076 - extension - INFO - 尝试在沙箱中加载扩展: extension_fc1f9440_8e1c_4b37_9024_b1baf543959c
2025-06-04 23:15:49,076 - extension - INFO - 扩展 extension_fc1f9440_8e1c_4b37_9024_b1baf543959c 加载成功
2025-06-04 23:15:49,076 - extension - INFO - 完成加载所有扩展，共 0 个
2025-06-04 23:15:49,077 - app - INFO - 正在加载应用配置...
2025-06-04 23:15:49,077 - app - INFO - 尝试加载配置文件...
2025-06-04 23:15:49,077 - app - INFO - 配置文件加载成功
2025-06-04 23:15:49,078 - app - INFO - 配置加载完成。服务将运行在 0.0.0.0:8000
2025-06-04 23:15:49,079 - app - INFO - 应用程序启动
2025-06-04 23:15:49,080 - app - INFO - 启动服务器: 0.0.0.0:8000
2025-06-04 23:15:49,274 - scheduler - INFO - 调度器初始化完成
2025-06-04 23:15:49,282 - scheduler - INFO - 调度器已启动
2025-06-04 23:15:49,282 - aps - INFO - 调度器已启动
2025-06-04 23:15:49,284 - app_scheduler - INFO - 应用调度器已初始化
2025-06-04 23:15:51,092 - extension - INFO - 获取扩展查询表单: extension_eab575d7_3f0a_414e_aae6_e156500d0b62
2025-06-04 23:15:51,155 - extension - INFO - 获取扩展查询表单: extension_53c8355e_ab76_4dc4_8243_d51272703862
2025-06-04 23:15:51,173 - extension - INFO - 获取扩展查询表单: extension_3064a8cc_bda7_4bd7_a2bf_3de79f74a2ca
2025-06-04 23:16:03,160 - trans_files - INFO - Received file: 503WIFI密码 13621787686.txt
2025-06-04 23:18:59,973 - scheduler - INFO - 调度器已关闭
2025-06-04 23:18:59,974 - aps - INFO - 调度器已关闭
2025-06-04 23:18:59,975 - app_scheduler - INFO - 应用调度器已关闭
2025-06-04 23:18:59,985 - app - INFO - 应用程序关闭
2025-06-04 23:21:20,830 - database - INFO - 数据库初始化完成。路径: G:\cursor_projects\d05\database.sqlite
2025-06-04 23:21:20,832 - file_manager - INFO - 文件管理器初始化完成，使用数据库存储。文件目录: G:\cursor_projects\d05\files
2025-06-04 23:21:20,832 - file_routes - INFO - 文件路由初始化完成
2025-06-04 23:21:20,847 - extension - INFO - 扩展管理器初始化完成。扩展目录: data\extensions
2025-06-04 23:21:20,848 - extension - INFO - 使用数据库存储扩展配置
2025-06-04 23:21:20,848 - extension - INFO - 扩展路由初始化完成
2025-06-04 23:21:20,932 - extension - INFO - 开始加载所有扩展
2025-06-04 23:21:20,932 - extension - INFO - 开始加载扩展: extension_170f579f_cca0_4465_b310_1ce39226e07f
2025-06-04 23:21:20,933 - extension - INFO - 尝试在沙箱中加载扩展: extension_170f579f_cca0_4465_b310_1ce39226e07f
2025-06-04 23:21:20,938 - extension - INFO - 扩展 extension_170f579f_cca0_4465_b310_1ce39226e07f 加载成功
2025-06-04 23:21:20,939 - extension - INFO - 开始加载扩展: extension_3064a8cc_bda7_4bd7_a2bf_3de79f74a2ca
2025-06-04 23:21:20,939 - extension - INFO - 尝试在沙箱中加载扩展: extension_3064a8cc_bda7_4bd7_a2bf_3de79f74a2ca
2025-06-04 23:21:20,941 - extension - INFO - 扩展 extension_3064a8cc_bda7_4bd7_a2bf_3de79f74a2ca 加载成功
2025-06-04 23:21:20,941 - extension - INFO - 为扩展 extension_3064a8cc_bda7_4bd7_a2bf_3de79f74a2ca 注册API端点: /query/extension_3064a8cc_bda7_4bd7_a2bf_3de79f74a2ca
2025-06-04 23:21:20,943 - extension - INFO - 扩展 extension_3064a8cc_bda7_4bd7_a2bf_3de79f74a2ca 加载完成
2025-06-04 23:21:20,944 - extension - INFO - 开始加载扩展: extension_4424446e_6b90_46c2_b8a8_a74d54150190
2025-06-04 23:21:20,944 - extension - INFO - 尝试在沙箱中加载扩展: extension_4424446e_6b90_46c2_b8a8_a74d54150190
2025-06-04 23:21:20,948 - extension - INFO - 扩展 extension_4424446e_6b90_46c2_b8a8_a74d54150190 加载成功
2025-06-04 23:21:20,949 - extension - INFO - 开始加载扩展: extension_53c8355e_ab76_4dc4_8243_d51272703862
2025-06-04 23:21:20,950 - extension - INFO - 尝试在沙箱中加载扩展: extension_53c8355e_ab76_4dc4_8243_d51272703862
2025-06-04 23:21:20,950 - extension - INFO - 扩展 extension_53c8355e_ab76_4dc4_8243_d51272703862 加载成功
2025-06-04 23:21:20,950 - extension - INFO - 为扩展 extension_53c8355e_ab76_4dc4_8243_d51272703862 注册API端点: /query/extension_53c8355e_ab76_4dc4
2025-06-04 23:21:20,951 - extension - INFO - 扩展 extension_53c8355e_ab76_4dc4_8243_d51272703862 加载完成
2025-06-04 23:21:20,952 - extension - INFO - 开始加载扩展: extension_6066f2a2_98d0_4a73_bbf1_1b6cb0eadb70
2025-06-04 23:21:20,953 - extension - INFO - 尝试在沙箱中加载扩展: extension_6066f2a2_98d0_4a73_bbf1_1b6cb0eadb70
2025-06-04 23:21:20,955 - extension - INFO - 扩展 extension_6066f2a2_98d0_4a73_bbf1_1b6cb0eadb70 加载成功
2025-06-04 23:21:20,958 - extension - INFO - 开始加载扩展: extension_eab575d7_3f0a_414e_aae6_e156500d0b62
2025-06-04 23:21:20,959 - extension - INFO - 尝试在沙箱中加载扩展: extension_eab575d7_3f0a_414e_aae6_e156500d0b62
2025-06-04 23:21:20,960 - extension - INFO - 扩展 extension_eab575d7_3f0a_414e_aae6_e156500d0b62 加载成功
2025-06-04 23:21:20,961 - extension - INFO - 为扩展 extension_eab575d7_3f0a_414e_aae6_e156500d0b62 注册API端点: /query/extension_eab575d7_3f0a_414e_aae6_e156500d0b62
2025-06-04 23:21:20,962 - extension - INFO - 扩展 extension_eab575d7_3f0a_414e_aae6_e156500d0b62 加载完成
2025-06-04 23:21:20,963 - extension - INFO - 开始加载扩展: extension_fc1f9440_8e1c_4b37_9024_b1baf543959c
2025-06-04 23:21:20,964 - extension - INFO - 尝试在沙箱中加载扩展: extension_fc1f9440_8e1c_4b37_9024_b1baf543959c
2025-06-04 23:21:20,965 - extension - INFO - 扩展 extension_fc1f9440_8e1c_4b37_9024_b1baf543959c 加载成功
2025-06-04 23:21:20,967 - extension - INFO - 完成加载所有扩展，共 0 个
2025-06-04 23:21:20,968 - app - INFO - 正在加载应用配置...
2025-06-04 23:21:20,969 - app - INFO - 尝试加载配置文件...
2025-06-04 23:21:20,969 - app - INFO - 配置文件加载成功
2025-06-04 23:21:20,970 - app - INFO - 配置加载完成。服务将运行在 0.0.0.0:8000
2025-06-04 23:21:20,970 - app - INFO - 应用程序启动
2025-06-04 23:21:20,971 - app - INFO - 启动服务器: 0.0.0.0:8000
2025-06-04 23:21:21,139 - scheduler - INFO - 调度器初始化完成
2025-06-04 23:21:21,144 - scheduler - INFO - 调度器已启动
2025-06-04 23:21:21,146 - aps - INFO - 调度器已启动
2025-06-04 23:21:21,147 - app_scheduler - INFO - 应用调度器已初始化
2025-06-04 23:33:02,771 - scheduler - INFO - 调度器已关闭
2025-06-04 23:33:02,771 - aps - INFO - 调度器已关闭
2025-06-04 23:33:02,771 - app_scheduler - INFO - 应用调度器已关闭
2025-06-04 23:33:02,772 - app - INFO - 应用程序关闭
2025-06-04 23:33:08,041 - database - INFO - 数据库初始化完成。路径: G:\cursor_projects\d05\database.sqlite
2025-06-04 23:33:08,042 - file_manager - INFO - 文件管理器初始化完成，使用数据库存储。文件目录: G:\cursor_projects\d05\files
2025-06-04 23:33:08,043 - file_routes - INFO - 文件路由初始化完成
2025-06-04 23:33:08,059 - extension - INFO - 扩展管理器初始化完成。扩展目录: data\extensions
2025-06-04 23:33:08,060 - extension - INFO - 使用数据库存储扩展配置
2025-06-04 23:33:08,064 - extension - INFO - 扩展路由初始化完成
2025-06-04 23:33:08,164 - extension - INFO - 开始加载所有扩展
2025-06-04 23:33:08,165 - extension - INFO - 开始加载扩展: extension_170f579f_cca0_4465_b310_1ce39226e07f
2025-06-04 23:33:08,166 - extension - INFO - 尝试在沙箱中加载扩展: extension_170f579f_cca0_4465_b310_1ce39226e07f
2025-06-04 23:33:08,170 - extension - INFO - 扩展 extension_170f579f_cca0_4465_b310_1ce39226e07f 加载成功
2025-06-04 23:33:08,171 - extension - INFO - 开始加载扩展: extension_3064a8cc_bda7_4bd7_a2bf_3de79f74a2ca
2025-06-04 23:33:08,171 - extension - INFO - 尝试在沙箱中加载扩展: extension_3064a8cc_bda7_4bd7_a2bf_3de79f74a2ca
2025-06-04 23:33:08,172 - extension - INFO - 扩展 extension_3064a8cc_bda7_4bd7_a2bf_3de79f74a2ca 加载成功
2025-06-04 23:33:08,173 - extension - INFO - 为扩展 extension_3064a8cc_bda7_4bd7_a2bf_3de79f74a2ca 注册API端点: /query/extension_3064a8cc_bda7_4bd7_a2bf_3de79f74a2ca
2025-06-04 23:33:08,174 - extension - INFO - 扩展 extension_3064a8cc_bda7_4bd7_a2bf_3de79f74a2ca 加载完成
2025-06-04 23:33:08,175 - extension - INFO - 开始加载扩展: extension_4424446e_6b90_46c2_b8a8_a74d54150190
2025-06-04 23:33:08,176 - extension - INFO - 尝试在沙箱中加载扩展: extension_4424446e_6b90_46c2_b8a8_a74d54150190
2025-06-04 23:33:08,181 - extension - INFO - 扩展 extension_4424446e_6b90_46c2_b8a8_a74d54150190 加载成功
2025-06-04 23:33:08,182 - extension - INFO - 开始加载扩展: extension_53c8355e_ab76_4dc4_8243_d51272703862
2025-06-04 23:33:08,183 - extension - INFO - 尝试在沙箱中加载扩展: extension_53c8355e_ab76_4dc4_8243_d51272703862
2025-06-04 23:33:08,185 - extension - INFO - 扩展 extension_53c8355e_ab76_4dc4_8243_d51272703862 加载成功
2025-06-04 23:33:08,186 - extension - INFO - 为扩展 extension_53c8355e_ab76_4dc4_8243_d51272703862 注册API端点: /query/extension_53c8355e_ab76_4dc4
2025-06-04 23:33:08,190 - extension - INFO - 扩展 extension_53c8355e_ab76_4dc4_8243_d51272703862 加载完成
2025-06-04 23:33:08,191 - extension - INFO - 开始加载扩展: extension_6066f2a2_98d0_4a73_bbf1_1b6cb0eadb70
2025-06-04 23:33:08,191 - extension - INFO - 尝试在沙箱中加载扩展: extension_6066f2a2_98d0_4a73_bbf1_1b6cb0eadb70
2025-06-04 23:33:08,192 - extension - INFO - 扩展 extension_6066f2a2_98d0_4a73_bbf1_1b6cb0eadb70 加载成功
2025-06-04 23:33:08,194 - extension - INFO - 开始加载扩展: extension_eab575d7_3f0a_414e_aae6_e156500d0b62
2025-06-04 23:33:08,195 - extension - INFO - 尝试在沙箱中加载扩展: extension_eab575d7_3f0a_414e_aae6_e156500d0b62
2025-06-04 23:33:08,196 - extension - INFO - 扩展 extension_eab575d7_3f0a_414e_aae6_e156500d0b62 加载成功
2025-06-04 23:33:08,199 - extension - INFO - 为扩展 extension_eab575d7_3f0a_414e_aae6_e156500d0b62 注册API端点: /query/extension_eab575d7_3f0a_414e_aae6_e156500d0b62
2025-06-04 23:33:08,200 - extension - INFO - 扩展 extension_eab575d7_3f0a_414e_aae6_e156500d0b62 加载完成
2025-06-04 23:33:08,200 - extension - INFO - 开始加载扩展: extension_fc1f9440_8e1c_4b37_9024_b1baf543959c
2025-06-04 23:33:08,200 - extension - INFO - 尝试在沙箱中加载扩展: extension_fc1f9440_8e1c_4b37_9024_b1baf543959c
2025-06-04 23:33:08,201 - extension - INFO - 扩展 extension_fc1f9440_8e1c_4b37_9024_b1baf543959c 加载成功
2025-06-04 23:33:08,202 - extension - INFO - 完成加载所有扩展，共 0 个
2025-06-04 23:33:08,203 - app - INFO - 正在加载应用配置...
2025-06-04 23:33:08,204 - app - INFO - 尝试加载配置文件...
2025-06-04 23:33:08,206 - app - INFO - 配置文件加载成功
2025-06-04 23:33:08,206 - app - INFO - 配置加载完成。服务将运行在 0.0.0.0:8000
2025-06-04 23:33:08,209 - app - INFO - 应用程序启动
2025-06-04 23:33:08,209 - app - INFO - 启动服务器: 0.0.0.0:8000
2025-06-04 23:33:08,415 - scheduler - INFO - 调度器初始化完成
2025-06-04 23:33:08,420 - scheduler - INFO - 调度器已启动
2025-06-04 23:33:08,421 - aps - INFO - 调度器已启动
2025-06-04 23:33:08,422 - app_scheduler - INFO - 应用调度器已初始化
2025-06-04 23:33:27,542 - trans_files - ERROR - Error generating QR codes: Invalid version (was 41, expected 1 to 40)
2025-06-04 23:33:56,484 - trans_files - ERROR - Error generating QR codes: Invalid version (was 41, expected 1 to 40)
2025-06-04 23:34:35,060 - scheduler - INFO - 调度器已关闭
2025-06-04 23:34:35,060 - aps - INFO - 调度器已关闭
2025-06-04 23:34:35,061 - app_scheduler - INFO - 应用调度器已关闭
2025-06-04 23:34:35,064 - app - INFO - 应用程序关闭
2025-06-04 23:34:57,398 - database - INFO - 数据库初始化完成。路径: G:\cursor_projects\d05\database.sqlite
2025-06-04 23:34:57,399 - file_manager - INFO - 文件管理器初始化完成，使用数据库存储。文件目录: G:\cursor_projects\d05\files
2025-06-04 23:34:57,399 - file_routes - INFO - 文件路由初始化完成
2025-06-04 23:34:57,414 - extension - INFO - 扩展管理器初始化完成。扩展目录: data\extensions
2025-06-04 23:34:57,414 - extension - INFO - 使用数据库存储扩展配置
2025-06-04 23:34:57,415 - extension - INFO - 扩展路由初始化完成
2025-06-04 23:34:57,495 - extension - INFO - 开始加载所有扩展
2025-06-04 23:34:57,496 - extension - INFO - 开始加载扩展: extension_170f579f_cca0_4465_b310_1ce39226e07f
2025-06-04 23:34:57,497 - extension - INFO - 尝试在沙箱中加载扩展: extension_170f579f_cca0_4465_b310_1ce39226e07f
2025-06-04 23:34:57,501 - extension - INFO - 扩展 extension_170f579f_cca0_4465_b310_1ce39226e07f 加载成功
2025-06-04 23:34:57,503 - extension - INFO - 开始加载扩展: extension_3064a8cc_bda7_4bd7_a2bf_3de79f74a2ca
2025-06-04 23:34:57,503 - extension - INFO - 尝试在沙箱中加载扩展: extension_3064a8cc_bda7_4bd7_a2bf_3de79f74a2ca
2025-06-04 23:34:57,505 - extension - INFO - 扩展 extension_3064a8cc_bda7_4bd7_a2bf_3de79f74a2ca 加载成功
2025-06-04 23:34:57,506 - extension - INFO - 为扩展 extension_3064a8cc_bda7_4bd7_a2bf_3de79f74a2ca 注册API端点: /query/extension_3064a8cc_bda7_4bd7_a2bf_3de79f74a2ca
2025-06-04 23:34:57,507 - extension - INFO - 扩展 extension_3064a8cc_bda7_4bd7_a2bf_3de79f74a2ca 加载完成
2025-06-04 23:34:57,510 - extension - INFO - 开始加载扩展: extension_4424446e_6b90_46c2_b8a8_a74d54150190
2025-06-04 23:34:57,510 - extension - INFO - 尝试在沙箱中加载扩展: extension_4424446e_6b90_46c2_b8a8_a74d54150190
2025-06-04 23:34:57,511 - extension - INFO - 扩展 extension_4424446e_6b90_46c2_b8a8_a74d54150190 加载成功
2025-06-04 23:34:57,512 - extension - INFO - 开始加载扩展: extension_53c8355e_ab76_4dc4_8243_d51272703862
2025-06-04 23:34:57,512 - extension - INFO - 尝试在沙箱中加载扩展: extension_53c8355e_ab76_4dc4_8243_d51272703862
2025-06-04 23:34:57,513 - extension - INFO - 扩展 extension_53c8355e_ab76_4dc4_8243_d51272703862 加载成功
2025-06-04 23:34:57,514 - extension - INFO - 为扩展 extension_53c8355e_ab76_4dc4_8243_d51272703862 注册API端点: /query/extension_53c8355e_ab76_4dc4
2025-06-04 23:34:57,516 - extension - INFO - 扩展 extension_53c8355e_ab76_4dc4_8243_d51272703862 加载完成
2025-06-04 23:34:57,517 - extension - INFO - 开始加载扩展: extension_6066f2a2_98d0_4a73_bbf1_1b6cb0eadb70
2025-06-04 23:34:57,519 - extension - INFO - 尝试在沙箱中加载扩展: extension_6066f2a2_98d0_4a73_bbf1_1b6cb0eadb70
2025-06-04 23:34:57,520 - extension - INFO - 扩展 extension_6066f2a2_98d0_4a73_bbf1_1b6cb0eadb70 加载成功
2025-06-04 23:34:57,521 - extension - INFO - 开始加载扩展: extension_eab575d7_3f0a_414e_aae6_e156500d0b62
2025-06-04 23:34:57,521 - extension - INFO - 尝试在沙箱中加载扩展: extension_eab575d7_3f0a_414e_aae6_e156500d0b62
2025-06-04 23:34:57,522 - extension - INFO - 扩展 extension_eab575d7_3f0a_414e_aae6_e156500d0b62 加载成功
2025-06-04 23:34:57,523 - extension - INFO - 为扩展 extension_eab575d7_3f0a_414e_aae6_e156500d0b62 注册API端点: /query/extension_eab575d7_3f0a_414e_aae6_e156500d0b62
2025-06-04 23:34:57,524 - extension - INFO - 扩展 extension_eab575d7_3f0a_414e_aae6_e156500d0b62 加载完成
2025-06-04 23:34:57,525 - extension - INFO - 开始加载扩展: extension_fc1f9440_8e1c_4b37_9024_b1baf543959c
2025-06-04 23:34:57,525 - extension - INFO - 尝试在沙箱中加载扩展: extension_fc1f9440_8e1c_4b37_9024_b1baf543959c
2025-06-04 23:34:57,530 - extension - INFO - 扩展 extension_fc1f9440_8e1c_4b37_9024_b1baf543959c 加载成功
2025-06-04 23:34:57,530 - extension - INFO - 完成加载所有扩展，共 0 个
2025-06-04 23:34:57,532 - app - INFO - 正在加载应用配置...
2025-06-04 23:34:57,534 - app - INFO - 尝试加载配置文件...
2025-06-04 23:34:57,534 - app - INFO - 配置文件加载成功
2025-06-04 23:34:57,537 - app - INFO - 配置加载完成。服务将运行在 0.0.0.0:8000
2025-06-04 23:34:57,538 - app - INFO - 应用程序启动
2025-06-04 23:34:57,538 - app - INFO - 启动服务器: 0.0.0.0:8000
2025-06-04 23:34:57,711 - scheduler - INFO - 调度器初始化完成
2025-06-04 23:34:57,715 - scheduler - INFO - 调度器已启动
2025-06-04 23:34:57,718 - aps - INFO - 调度器已启动
2025-06-04 23:34:57,718 - app_scheduler - INFO - 应用调度器已初始化
2025-06-04 23:35:07,620 - trans_files - ERROR - Error generating QR codes: glog(0)
2025-06-04 23:36:11,148 - extension - INFO - 获取扩展查询表单: extension_eab575d7_3f0a_414e_aae6_e156500d0b62
2025-06-04 23:36:11,157 - extension - INFO - 获取扩展查询表单: extension_53c8355e_ab76_4dc4_8243_d51272703862
2025-06-04 23:36:11,164 - extension - INFO - 获取扩展查询表单: extension_3064a8cc_bda7_4bd7_a2bf_3de79f74a2ca
2025-06-04 23:54:33,623 - extension - INFO - 获取扩展查询表单: extension_eab575d7_3f0a_414e_aae6_e156500d0b62
2025-06-04 23:54:33,631 - extension - INFO - 获取扩展查询表单: extension_53c8355e_ab76_4dc4_8243_d51272703862
2025-06-04 23:54:33,641 - extension - INFO - 获取扩展查询表单: extension_3064a8cc_bda7_4bd7_a2bf_3de79f74a2ca
2025-06-04 23:56:54,751 - scheduler - INFO - 调度器已关闭
2025-06-04 23:56:54,751 - aps - INFO - 调度器已关闭
2025-06-04 23:56:54,751 - app_scheduler - INFO - 应用调度器已关闭
2025-06-04 23:56:54,753 - app - INFO - 应用程序关闭
2025-06-04 23:57:00,584 - database - INFO - 数据库初始化完成。路径: G:\cursor_projects\d05\database.sqlite
2025-06-04 23:57:00,585 - file_manager - INFO - 文件管理器初始化完成，使用数据库存储。文件目录: G:\cursor_projects\d05\files
2025-06-04 23:57:00,585 - file_routes - INFO - 文件路由初始化完成
2025-06-04 23:57:00,597 - extension - INFO - 扩展管理器初始化完成。扩展目录: data\extensions
2025-06-04 23:57:00,597 - extension - INFO - 使用数据库存储扩展配置
2025-06-04 23:57:00,597 - extension - INFO - 扩展路由初始化完成
2025-06-04 23:57:00,701 - extension - INFO - 开始加载所有扩展
2025-06-04 23:57:00,702 - extension - INFO - 开始加载扩展: extension_170f579f_cca0_4465_b310_1ce39226e07f
2025-06-04 23:57:00,702 - extension - INFO - 尝试在沙箱中加载扩展: extension_170f579f_cca0_4465_b310_1ce39226e07f
2025-06-04 23:57:00,704 - extension - INFO - 扩展 extension_170f579f_cca0_4465_b310_1ce39226e07f 加载成功
2025-06-04 23:57:00,707 - extension - INFO - 开始加载扩展: extension_3064a8cc_bda7_4bd7_a2bf_3de79f74a2ca
2025-06-04 23:57:00,707 - extension - INFO - 尝试在沙箱中加载扩展: extension_3064a8cc_bda7_4bd7_a2bf_3de79f74a2ca
2025-06-04 23:57:00,709 - extension - INFO - 扩展 extension_3064a8cc_bda7_4bd7_a2bf_3de79f74a2ca 加载成功
2025-06-04 23:57:00,709 - extension - INFO - 为扩展 extension_3064a8cc_bda7_4bd7_a2bf_3de79f74a2ca 注册API端点: /query/extension_3064a8cc_bda7_4bd7_a2bf_3de79f74a2ca
2025-06-04 23:57:00,711 - extension - INFO - 扩展 extension_3064a8cc_bda7_4bd7_a2bf_3de79f74a2ca 加载完成
2025-06-04 23:57:00,713 - extension - INFO - 开始加载扩展: extension_4424446e_6b90_46c2_b8a8_a74d54150190
2025-06-04 23:57:00,713 - extension - INFO - 尝试在沙箱中加载扩展: extension_4424446e_6b90_46c2_b8a8_a74d54150190
2025-06-04 23:57:00,717 - extension - INFO - 扩展 extension_4424446e_6b90_46c2_b8a8_a74d54150190 加载成功
2025-06-04 23:57:00,718 - extension - INFO - 开始加载扩展: extension_53c8355e_ab76_4dc4_8243_d51272703862
2025-06-04 23:57:00,718 - extension - INFO - 尝试在沙箱中加载扩展: extension_53c8355e_ab76_4dc4_8243_d51272703862
2025-06-04 23:57:00,720 - extension - INFO - 扩展 extension_53c8355e_ab76_4dc4_8243_d51272703862 加载成功
2025-06-04 23:57:00,720 - extension - INFO - 为扩展 extension_53c8355e_ab76_4dc4_8243_d51272703862 注册API端点: /query/extension_53c8355e_ab76_4dc4
2025-06-04 23:57:00,722 - extension - INFO - 扩展 extension_53c8355e_ab76_4dc4_8243_d51272703862 加载完成
2025-06-04 23:57:00,723 - extension - INFO - 开始加载扩展: extension_6066f2a2_98d0_4a73_bbf1_1b6cb0eadb70
2025-06-04 23:57:00,723 - extension - INFO - 尝试在沙箱中加载扩展: extension_6066f2a2_98d0_4a73_bbf1_1b6cb0eadb70
2025-06-04 23:57:00,728 - extension - INFO - 扩展 extension_6066f2a2_98d0_4a73_bbf1_1b6cb0eadb70 加载成功
2025-06-04 23:57:00,729 - extension - INFO - 开始加载扩展: extension_eab575d7_3f0a_414e_aae6_e156500d0b62
2025-06-04 23:57:00,729 - extension - INFO - 尝试在沙箱中加载扩展: extension_eab575d7_3f0a_414e_aae6_e156500d0b62
2025-06-04 23:57:00,731 - extension - INFO - 扩展 extension_eab575d7_3f0a_414e_aae6_e156500d0b62 加载成功
2025-06-04 23:57:00,731 - extension - INFO - 为扩展 extension_eab575d7_3f0a_414e_aae6_e156500d0b62 注册API端点: /query/extension_eab575d7_3f0a_414e_aae6_e156500d0b62
2025-06-04 23:57:00,733 - extension - INFO - 扩展 extension_eab575d7_3f0a_414e_aae6_e156500d0b62 加载完成
2025-06-04 23:57:00,734 - extension - INFO - 开始加载扩展: extension_fc1f9440_8e1c_4b37_9024_b1baf543959c
2025-06-04 23:57:00,735 - extension - INFO - 尝试在沙箱中加载扩展: extension_fc1f9440_8e1c_4b37_9024_b1baf543959c
2025-06-04 23:57:00,739 - extension - INFO - 扩展 extension_fc1f9440_8e1c_4b37_9024_b1baf543959c 加载成功
2025-06-04 23:57:00,739 - extension - INFO - 完成加载所有扩展，共 0 个
2025-06-04 23:57:00,740 - app - INFO - 正在加载应用配置...
2025-06-04 23:57:00,741 - app - INFO - 尝试加载配置文件...
2025-06-04 23:57:00,741 - app - INFO - 配置文件加载成功
2025-06-04 23:57:00,742 - app - INFO - 配置加载完成。服务将运行在 0.0.0.0:8000
2025-06-04 23:57:00,742 - app - INFO - 应用程序启动
2025-06-04 23:57:00,743 - app - INFO - 启动服务器: 0.0.0.0:8000
2025-06-04 23:57:00,920 - scheduler - INFO - 调度器初始化完成
2025-06-04 23:57:00,927 - scheduler - INFO - 调度器已启动
2025-06-04 23:57:00,929 - aps - INFO - 调度器已启动
2025-06-04 23:57:00,930 - app_scheduler - INFO - 应用调度器已初始化
