2025-06-08 17:25:03,032 - app - INFO - 正在加载应用配置...
2025-06-08 17:25:03,032 - app - INFO - 尝试加载配置文件...
2025-06-08 17:25:03,032 - app - INFO - 配置文件加载成功
2025-06-08 17:25:03,032 - app - INFO - 配置加载完成。服务将运行在 0.0.0.0:8000
2025-06-08 17:25:03,032 - app - INFO - 应用程序启动
2025-06-08 17:25:03,032 - app - INFO - 启动服务器: 0.0.0.0:8000
2025-06-08 17:25:03,515 - database - INFO - 数据库初始化完成。路径: C:\Users\Lenovo\Desktop\d07\database.sqlite
2025-06-08 17:25:03,516 - file_manager - INFO - 文件管理器初始化完成，使用数据库存储。文件目录: C:\Users\Lenovo\Desktop\d07\files
2025-06-08 17:25:03,516 - file_routes - INFO - 文件路由初始化完成
2025-06-08 17:25:03,516 - extension - INFO - 扩展管理器初始化完成。扩展目录: data\extensions
2025-06-08 17:25:03,516 - extension - INFO - 使用数据库存储扩展配置
2025-06-08 17:25:03,516 - extension - INFO - 扩展路由初始化完成
2025-06-08 17:25:03,516 - settings_routes - INFO - 系统设置路由已初始化
2025-06-08 17:25:03,516 - extension - INFO - 开始加载所有扩展
2025-06-08 17:25:03,516 - extension - INFO - 开始加载扩展: extension_170f579f_cca0_4465_b310_1ce39226e07f
2025-06-08 17:25:03,516 - extension - INFO - 尝试在沙箱中加载扩展: extension_170f579f_cca0_4465_b310_1ce39226e07f
2025-06-08 17:25:03,536 - extension - INFO - 扩展 extension_170f579f_cca0_4465_b310_1ce39226e07f 加载成功
2025-06-08 17:25:03,536 - extension - INFO - 开始加载扩展: extension_3064a8cc_bda7_4bd7_a2bf_3de79f74a2ca
2025-06-08 17:25:03,536 - extension - INFO - 尝试在沙箱中加载扩展: extension_3064a8cc_bda7_4bd7_a2bf_3de79f74a2ca
2025-06-08 17:25:03,565 - extension - INFO - 扩展 extension_3064a8cc_bda7_4bd7_a2bf_3de79f74a2ca 加载成功
2025-06-08 17:25:03,566 - extension - INFO - 开始加载扩展: extension_4424446e_6b90_46c2_b8a8_a74d54150190
2025-06-08 17:25:03,566 - extension - INFO - 尝试在沙箱中加载扩展: extension_4424446e_6b90_46c2_b8a8_a74d54150190
2025-06-08 17:25:03,581 - extension - INFO - 扩展 extension_4424446e_6b90_46c2_b8a8_a74d54150190 加载成功
2025-06-08 17:25:03,582 - extension - INFO - 开始加载扩展: extension_53c8355e_ab76_4dc4_8243_d51272703862
2025-06-08 17:25:03,583 - extension - INFO - 尝试在沙箱中加载扩展: extension_53c8355e_ab76_4dc4_8243_d51272703862
2025-06-08 17:25:03,583 - extension - INFO - 扩展 extension_53c8355e_ab76_4dc4_8243_d51272703862 加载成功
2025-06-08 17:25:03,583 - extension - INFO - 开始加载扩展: extension_6066f2a2_98d0_4a73_bbf1_1b6cb0eadb70
2025-06-08 17:25:03,583 - extension - INFO - 尝试在沙箱中加载扩展: extension_6066f2a2_98d0_4a73_bbf1_1b6cb0eadb70
2025-06-08 17:25:03,602 - extension - INFO - 扩展 extension_6066f2a2_98d0_4a73_bbf1_1b6cb0eadb70 加载成功
2025-06-08 17:25:03,602 - extension - INFO - 开始加载扩展: extension_eab575d7_3f0a_414e_aae6_e156500d0b62
2025-06-08 17:25:03,602 - extension - INFO - 尝试在沙箱中加载扩展: extension_eab575d7_3f0a_414e_aae6_e156500d0b62
2025-06-08 17:25:03,617 - extension - INFO - 扩展 extension_eab575d7_3f0a_414e_aae6_e156500d0b62 加载成功
2025-06-08 17:25:03,617 - extension - INFO - 开始加载扩展: extension_fc1f9440_8e1c_4b37_9024_b1baf543959c
2025-06-08 17:25:03,617 - extension - INFO - 尝试在沙箱中加载扩展: extension_fc1f9440_8e1c_4b37_9024_b1baf543959c
2025-06-08 17:25:03,635 - extension - INFO - 扩展 extension_fc1f9440_8e1c_4b37_9024_b1baf543959c 加载成功
2025-06-08 17:25:03,635 - extension - INFO - 完成加载所有扩展，共 0 个
2025-06-08 17:25:03,635 - app - INFO - 应用初始化成功
2025-06-08 17:27:46,315 - auth_routes - INFO - 用户尝试登录: admin
2025-06-08 17:27:46,747 - auth_routes - INFO - 用户登录成功: admin
2025-06-08 17:27:46,920 - extension - INFO - 获取扩展配置: list
2025-06-08 17:27:46,920 - extension - ERROR - 获取扩展 list 配置时出错: 'list'
2025-06-08 17:28:11,077 - app.api.ws_routes - INFO - 用户 admin 已连接
2025-06-08 17:28:12,074 - app.api.ws_routes - INFO - 用户 admin 加入聊天室 4
2025-06-08 17:36:38,028 - app.api.ws_routes - INFO - 用户 admin 已断开连接
2025-06-08 17:36:38,029 - app.api.ws_routes - INFO - 用户 admin 离开聊天室 4
2025-06-08 17:36:39,166 - app.api.ws_routes - INFO - 用户 admin 已连接
2025-06-08 17:36:40,945 - app.api.ws_routes - INFO - 用户 admin 加入聊天室 3
2025-06-08 17:36:42,201 - app.api.ws_routes - INFO - 用户 admin 加入聊天室 4
2025-06-08 17:36:57,305 - app.api.ws_routes - INFO - 用户 admin 加入聊天室 3
2025-06-08 17:36:57,879 - app.api.ws_routes - INFO - 用户 admin 加入聊天室 2
2025-06-08 17:37:04,096 - app.api.ws_routes - INFO - 用户 admin 加入聊天室 3
2025-06-08 17:37:04,658 - app.api.ws_routes - INFO - 用户 admin 加入聊天室 4
2025-06-08 17:37:05,264 - app.api.ws_routes - INFO - 用户 admin 加入聊天室 3
2025-06-08 17:37:06,961 - app.api.ws_routes - INFO - 用户 admin 加入聊天室 2
2025-06-08 17:37:07,327 - app.api.ws_routes - INFO - 用户 admin 加入聊天室 3
2025-06-08 17:37:07,765 - app.api.ws_routes - INFO - 用户 admin 加入聊天室 4
2025-06-08 17:37:09,617 - app.api.ws_routes - INFO - 用户 admin 加入聊天室 1
2025-06-08 17:37:10,537 - app.api.ws_routes - INFO - 用户 admin 加入聊天室 2
2025-06-08 17:37:11,417 - app.api.ws_routes - INFO - 用户 admin 加入聊天室 3
2025-06-08 17:37:12,352 - app.api.ws_routes - INFO - 用户 admin 加入聊天室 1
2025-06-08 17:37:12,920 - app.api.ws_routes - INFO - 用户 admin 加入聊天室 2
2025-06-08 17:37:13,304 - app.api.ws_routes - INFO - 用户 admin 加入聊天室 3
2025-06-08 17:37:14,523 - app.api.ws_routes - INFO - 用户 admin 加入聊天室 4
2025-06-08 17:37:55,257 - app.api.ws_routes - INFO - 用户 admin 加入聊天室 3
2025-06-08 17:37:55,720 - app.api.ws_routes - INFO - 用户 admin 加入聊天室 2
2025-06-08 17:37:57,872 - app.api.ws_routes - INFO - 用户 admin 加入聊天室 1
2025-06-08 17:40:58,987 - app.api.ws_routes - INFO - 用户 admin 加入聊天室 2
2025-06-08 17:40:59,648 - app.api.ws_routes - INFO - 用户 admin 加入聊天室 3
2025-06-08 17:44:33,474 - auth_routes - INFO - 用户尝试登录: test
2025-06-08 17:44:33,799 - auth_routes - INFO - 用户登录成功: test
2025-06-08 17:44:34,159 - app.api.ws_routes - INFO - 用户 test 已连接
2025-06-08 17:45:04,890 - app.api.ws_routes - INFO - 用户 test 加入聊天室 1
2025-06-08 17:45:50,684 - app.api.ws_routes - INFO - 用户 test 已断开连接
2025-06-08 17:45:50,685 - app.api.ws_routes - INFO - 用户 test 离开聊天室 1
2025-06-08 17:45:52,488 - app.api.ws_routes - INFO - 用户 test 已连接
2025-06-08 17:45:53,996 - app.api.ws_routes - INFO - 关闭用户 test 的旧连接
2025-06-08 17:45:53,997 - app.api.ws_routes - INFO - 用户 test 已连接
2025-06-08 17:45:53,997 - app.api.ws_routes - INFO - 用户 test 已断开连接
2025-06-08 17:45:57,319 - app.api.ws_routes - INFO - 用户 test 已连接
2025-06-08 17:46:01,604 - app.api.ws_routes - INFO - 用户 test 加入聊天室 4
2025-06-08 17:46:23,392 - app.api.ws_routes - INFO - 用户 test 加入聊天室 3
2025-06-08 17:46:25,106 - app.api.ws_routes - INFO - 用户 test 加入聊天室 4
2025-06-08 17:46:25,763 - app.api.ws_routes - INFO - 用户 test 加入聊天室 3
2025-06-08 17:46:27,354 - app.api.ws_routes - INFO - 用户 test 加入聊天室 4
2025-06-08 17:50:29,374 - app.api.ws_routes - INFO - 用户 test 已断开连接
2025-06-08 17:50:29,375 - app.api.ws_routes - INFO - 用户 test 离开聊天室 3
2025-06-08 17:50:29,376 - app.api.ws_routes - INFO - 用户 test 离开聊天室 4
2025-06-08 17:50:29,379 - app.api.ws_routes - INFO - 用户 admin 已断开连接
2025-06-08 17:50:29,379 - app.api.ws_routes - INFO - 用户 admin 离开聊天室 3
2025-06-08 17:50:29,380 - app.api.ws_routes - INFO - 用户 admin 离开聊天室 4
2025-06-08 17:50:29,380 - app.api.ws_routes - INFO - 用户 admin 离开聊天室 2
2025-06-08 17:50:29,381 - app.api.ws_routes - INFO - 用户 admin 离开聊天室 1
2025-06-08 17:50:29,996 - app.api.ws_routes - INFO - 用户 test 已连接
2025-06-08 17:50:30,011 - app.api.ws_routes - INFO - 用户 admin 已连接
2025-06-08 17:50:32,686 - app.api.ws_routes - INFO - 关闭用户 test 的旧连接
2025-06-08 17:50:32,686 - app.api.ws_routes - INFO - 用户 test 已连接
2025-06-08 17:50:32,687 - app.api.ws_routes - INFO - 用户 test 已断开连接
2025-06-08 17:50:33,163 - app.api.ws_routes - INFO - 关闭用户 admin 的旧连接
2025-06-08 17:50:33,163 - app.api.ws_routes - INFO - 用户 admin 已连接
2025-06-08 17:50:33,163 - app.api.ws_routes - INFO - 用户 admin 已断开连接
2025-06-08 17:50:36,072 - app.api.ws_routes - INFO - 用户 test 已连接
2025-06-08 17:50:36,472 - app.api.ws_routes - INFO - 用户 admin 已连接
2025-06-08 17:50:49,687 - app.api.ws_routes - INFO - 用户 test 已断开连接
2025-06-08 17:50:49,697 - app.api.ws_routes - INFO - 用户 admin 已断开连接
2025-06-08 17:50:50,013 - app.api.ws_routes - INFO - 用户 test 已连接
2025-06-08 17:50:50,029 - app.api.ws_routes - INFO - 用户 admin 已连接
2025-06-08 17:50:53,013 - app.api.ws_routes - INFO - 关闭用户 admin 的旧连接
2025-06-08 17:50:53,013 - app.api.ws_routes - INFO - 用户 admin 已连接
2025-06-08 17:50:53,014 - app.api.ws_routes - INFO - 用户 admin 已断开连接
2025-06-08 17:50:53,154 - app.api.ws_routes - INFO - 关闭用户 test 的旧连接
2025-06-08 17:50:53,154 - app.api.ws_routes - INFO - 用户 test 已连接
2025-06-08 17:50:53,156 - app.api.ws_routes - INFO - 用户 test 已断开连接
2025-06-08 17:50:56,319 - app.api.ws_routes - INFO - 用户 admin 已连接
2025-06-08 17:50:57,162 - app.api.ws_routes - INFO - 用户 test 已连接
2025-06-08 17:57:18,518 - app.api.ws_routes - INFO - 用户 test 已断开连接
2025-06-08 17:57:18,534 - app.api.ws_routes - INFO - 用户 admin 已断开连接
2025-06-08 17:57:19,161 - app.api.ws_routes - INFO - 用户 test 已连接
2025-06-08 17:57:19,174 - app.api.ws_routes - INFO - 用户 admin 已连接
2025-06-08 17:57:21,857 - app.api.ws_routes - INFO - 关闭用户 test 的旧连接
2025-06-08 17:57:21,858 - app.api.ws_routes - INFO - 用户 test 已连接
2025-06-08 17:57:21,859 - app.api.ws_routes - INFO - 用户 test 已断开连接
2025-06-08 17:57:22,149 - app.api.ws_routes - INFO - 关闭用户 admin 的旧连接
2025-06-08 17:57:22,149 - app.api.ws_routes - INFO - 用户 admin 已连接
2025-06-08 17:57:22,150 - app.api.ws_routes - INFO - 用户 admin 已断开连接
2025-06-08 17:57:25,474 - app.api.ws_routes - INFO - 用户 admin 已连接
2025-06-08 17:57:26,153 - app.api.ws_routes - INFO - 用户 test 已连接
2025-06-08 17:57:28,057 - app.api.ws_routes - INFO - 用户 admin 加入聊天室 4
2025-06-08 17:57:31,139 - app.api.ws_routes - INFO - 用户 admin 加入聊天室 3
2025-06-08 17:57:58,166 - app.api.ws_routes - INFO - 用户 test 已断开连接
2025-06-08 17:57:58,174 - app.api.ws_routes - INFO - 用户 admin 已断开连接
2025-06-08 17:57:58,175 - app.api.ws_routes - INFO - 用户 admin 离开聊天室 4
2025-06-08 17:57:58,175 - app.api.ws_routes - INFO - 用户 admin 离开聊天室 3
2025-06-08 17:57:58,513 - app.api.ws_routes - INFO - 用户 admin 已连接
2025-06-08 17:57:58,517 - app.api.ws_routes - INFO - 用户 test 已连接
2025-06-08 17:58:02,156 - app.api.ws_routes - INFO - 关闭用户 test 的旧连接
2025-06-08 17:58:02,156 - app.api.ws_routes - INFO - 用户 test 已连接
2025-06-08 17:58:02,156 - app.api.ws_routes - INFO - 用户 test 已断开连接
2025-06-08 17:58:02,156 - app.api.ws_routes - ERROR - 向用户 admin 发送消息时出错: Cannot call "send" once a close message has been sent.
2025-06-08 17:58:02,156 - app.api.ws_routes - INFO - 用户 admin 已断开连接
2025-06-08 17:58:02,156 - app.api.ws_routes - INFO - 关闭用户 admin 的旧连接
2025-06-08 17:58:02,156 - app.api.ws_routes - INFO - 用户 admin 已连接
2025-06-08 17:58:02,156 - app.api.ws_routes - INFO - 用户 admin 已断开连接
2025-06-08 17:58:05,462 - app.api.ws_routes - INFO - 用户 admin 已连接
2025-06-08 17:58:05,723 - app.api.ws_routes - INFO - 用户 admin 加入聊天室 2
2025-06-08 17:58:06,162 - app.api.ws_routes - INFO - 用户 test 已连接
2025-06-08 17:58:07,058 - app.api.ws_routes - INFO - 用户 admin 加入聊天室 3
2025-06-08 17:58:07,817 - app.api.ws_routes - INFO - 用户 admin 加入聊天室 4
2025-06-08 17:58:49,231 - app.api.ws_routes - INFO - 用户 test 已断开连接
2025-06-08 17:58:49,235 - app.api.ws_routes - INFO - 用户 admin 已断开连接
2025-06-08 17:58:49,235 - app.api.ws_routes - INFO - 用户 admin 离开聊天室 2
2025-06-08 17:58:49,236 - app.api.ws_routes - INFO - 用户 admin 离开聊天室 3
2025-06-08 17:58:49,236 - app.api.ws_routes - INFO - 用户 admin 离开聊天室 4
2025-06-08 17:58:49,560 - app.api.ws_routes - INFO - 用户 admin 已连接
2025-06-08 17:58:49,849 - app.api.ws_routes - INFO - 用户 test 已连接
2025-06-08 17:58:53,156 - app.api.ws_routes - INFO - 关闭用户 test 的旧连接
2025-06-08 17:58:53,156 - app.api.ws_routes - INFO - 用户 test 已连接
2025-06-08 17:58:53,158 - app.api.ws_routes - INFO - 用户 test 已断开连接
2025-06-08 17:58:53,158 - app.api.ws_routes - ERROR - 向用户 admin 发送消息时出错: Cannot call "send" once a close message has been sent.
2025-06-08 17:58:53,158 - app.api.ws_routes - INFO - 用户 admin 已断开连接
2025-06-08 17:58:53,159 - app.api.ws_routes - INFO - 关闭用户 admin 的旧连接
2025-06-08 17:58:53,159 - app.api.ws_routes - INFO - 用户 admin 已连接
2025-06-08 17:58:53,160 - app.api.ws_routes - INFO - 用户 admin 已断开连接
2025-06-08 17:58:56,472 - app.api.ws_routes - INFO - 用户 admin 已连接
2025-06-08 17:58:57,164 - app.api.ws_routes - INFO - 用户 test 已连接
2025-06-08 17:58:57,407 - app.api.ws_routes - INFO - 用户 admin 已断开连接
2025-06-08 17:58:58,287 - app.api.ws_routes - INFO - 用户 admin 已连接
2025-06-08 17:58:59,290 - app.api.ws_routes - INFO - 用户 admin 加入聊天室 4
2025-06-08 17:59:00,665 - app.api.ws_routes - INFO - 用户 admin 加入聊天室 3
2025-06-08 17:59:01,514 - app.api.ws_routes - INFO - 用户 admin 加入聊天室 3
2025-06-08 17:59:02,697 - app.api.ws_routes - INFO - 用户 admin 加入聊天室 1
2025-06-08 17:59:05,747 - app.api.ws_routes - INFO - 用户 admin 加入聊天室 2
2025-06-08 17:59:09,178 - app.api.ws_routes - INFO - 用户 admin 加入聊天室 3
2025-06-08 17:59:20,081 - app.api.ws_routes - INFO - 用户 admin 加入聊天室 4
2025-06-08 17:59:20,905 - app.api.ws_routes - INFO - 用户 admin 加入聊天室 3
2025-06-08 17:59:22,538 - app.api.ws_routes - INFO - 用户 admin 加入聊天室 2
2025-06-08 17:59:24,225 - app.api.ws_routes - INFO - 用户 admin 加入聊天室 1
2025-06-08 18:09:31,898 - app.api.ws_routes - INFO - 用户 test 加入聊天室 3
2025-06-08 18:09:32,585 - app.api.ws_routes - INFO - 用户 test 加入聊天室 4
2025-06-08 18:09:33,034 - app.api.ws_routes - INFO - 用户 test 加入聊天室 3
2025-06-08 18:09:33,456 - app.api.ws_routes - INFO - 用户 test 加入聊天室 3
2025-06-08 18:09:34,981 - app.api.ws_routes - INFO - 用户 test 加入聊天室 2
2025-06-08 18:15:32,983 - app.api.ws_routes - INFO - 用户 test 已断开连接
2025-06-08 18:15:32,983 - app.api.ws_routes - ERROR - 向聊天室 4 的成员 admin 发送消息时出错: 
2025-06-08 18:15:33,009 - app.api.ws_routes - INFO - 用户 admin 已断开连接
2025-06-08 18:15:33,009 - app.api.ws_routes - INFO - 用户 admin 离开聊天室 4
2025-06-08 18:15:33,009 - app.api.ws_routes - INFO - 用户 admin 离开聊天室 3
2025-06-08 18:15:33,009 - app.api.ws_routes - INFO - 用户 admin 离开聊天室 1
2025-06-08 18:15:33,009 - app.api.ws_routes - INFO - 用户 admin 离开聊天室 2
2025-06-08 18:15:33,009 - app.api.ws_routes - INFO - 用户 test 离开聊天室 4
2025-06-08 18:15:33,009 - app.api.ws_routes - INFO - 用户 test 离开聊天室 3
2025-06-08 18:15:33,009 - app.api.ws_routes - INFO - 用户 test 离开聊天室 2
2025-06-08 18:15:33,076 - app - INFO - 应用已关闭
2025-06-08 18:15:33,076 - app - INFO - 应用程序关闭
2025-06-08 18:15:46,157 - app - INFO - 正在加载应用配置...
2025-06-08 18:15:46,157 - app - INFO - 尝试加载配置文件...
2025-06-08 18:15:46,157 - app - INFO - 配置文件加载成功
2025-06-08 18:15:46,157 - app - INFO - 配置加载完成。服务将运行在 0.0.0.0:8000
2025-06-08 18:15:46,157 - app - INFO - 应用程序启动
2025-06-08 18:15:46,157 - app - INFO - 启动服务器: 0.0.0.0:8000
2025-06-08 18:15:46,702 - database - INFO - 数据库初始化完成。路径: C:\Users\Lenovo\Desktop\d07\database.sqlite
2025-06-08 18:15:46,702 - file_manager - INFO - 文件管理器初始化完成，使用数据库存储。文件目录: C:\Users\Lenovo\Desktop\d07\files
2025-06-08 18:15:46,702 - file_routes - INFO - 文件路由初始化完成
2025-06-08 18:15:46,702 - extension - INFO - 扩展管理器初始化完成。扩展目录: data\extensions
2025-06-08 18:15:46,702 - extension - INFO - 使用数据库存储扩展配置
2025-06-08 18:15:46,702 - extension - INFO - 扩展路由初始化完成
2025-06-08 18:15:46,702 - settings_routes - INFO - 系统设置路由已初始化
2025-06-08 18:15:46,702 - extension - INFO - 开始加载所有扩展
2025-06-08 18:15:46,702 - extension - INFO - 开始加载扩展: extension_170f579f_cca0_4465_b310_1ce39226e07f
2025-06-08 18:15:46,702 - extension - INFO - 尝试在沙箱中加载扩展: extension_170f579f_cca0_4465_b310_1ce39226e07f
2025-06-08 18:15:46,718 - extension - INFO - 扩展 extension_170f579f_cca0_4465_b310_1ce39226e07f 加载成功
2025-06-08 18:15:46,718 - extension - INFO - 开始加载扩展: extension_3064a8cc_bda7_4bd7_a2bf_3de79f74a2ca
2025-06-08 18:15:46,718 - extension - INFO - 尝试在沙箱中加载扩展: extension_3064a8cc_bda7_4bd7_a2bf_3de79f74a2ca
2025-06-08 18:15:46,734 - extension - INFO - 扩展 extension_3064a8cc_bda7_4bd7_a2bf_3de79f74a2ca 加载成功
2025-06-08 18:15:46,734 - extension - INFO - 开始加载扩展: extension_4424446e_6b90_46c2_b8a8_a74d54150190
2025-06-08 18:15:46,734 - extension - INFO - 尝试在沙箱中加载扩展: extension_4424446e_6b90_46c2_b8a8_a74d54150190
2025-06-08 18:15:46,734 - extension - INFO - 扩展 extension_4424446e_6b90_46c2_b8a8_a74d54150190 加载成功
2025-06-08 18:15:46,734 - extension - INFO - 开始加载扩展: extension_53c8355e_ab76_4dc4_8243_d51272703862
2025-06-08 18:15:46,734 - extension - INFO - 尝试在沙箱中加载扩展: extension_53c8355e_ab76_4dc4_8243_d51272703862
2025-06-08 18:15:46,754 - extension - INFO - 扩展 extension_53c8355e_ab76_4dc4_8243_d51272703862 加载成功
2025-06-08 18:15:46,755 - extension - INFO - 开始加载扩展: extension_6066f2a2_98d0_4a73_bbf1_1b6cb0eadb70
2025-06-08 18:15:46,755 - extension - INFO - 尝试在沙箱中加载扩展: extension_6066f2a2_98d0_4a73_bbf1_1b6cb0eadb70
2025-06-08 18:15:46,761 - extension - INFO - 扩展 extension_6066f2a2_98d0_4a73_bbf1_1b6cb0eadb70 加载成功
2025-06-08 18:15:46,763 - extension - INFO - 开始加载扩展: extension_eab575d7_3f0a_414e_aae6_e156500d0b62
2025-06-08 18:15:46,763 - extension - INFO - 尝试在沙箱中加载扩展: extension_eab575d7_3f0a_414e_aae6_e156500d0b62
2025-06-08 18:15:46,766 - extension - INFO - 扩展 extension_eab575d7_3f0a_414e_aae6_e156500d0b62 加载成功
2025-06-08 18:15:46,767 - extension - INFO - 开始加载扩展: extension_fc1f9440_8e1c_4b37_9024_b1baf543959c
2025-06-08 18:15:46,767 - extension - INFO - 尝试在沙箱中加载扩展: extension_fc1f9440_8e1c_4b37_9024_b1baf543959c
2025-06-08 18:15:46,775 - extension - INFO - 扩展 extension_fc1f9440_8e1c_4b37_9024_b1baf543959c 加载成功
2025-06-08 18:15:46,775 - extension - INFO - 完成加载所有扩展，共 0 个
2025-06-08 18:15:46,775 - app - INFO - 应用初始化成功
2025-06-08 18:15:46,791 - app.api.ws_routes - INFO - 用户 test 已连接
2025-06-08 18:15:46,791 - app.api.ws_routes - INFO - 用户 admin 已连接
2025-06-08 18:15:46,814 - app.api.ws_routes - INFO - 关闭用户 test 的旧连接
2025-06-08 18:15:46,815 - app.api.ws_routes - INFO - 用户 test 已连接
2025-06-08 18:15:46,817 - app.api.ws_routes - INFO - 用户 test 已断开连接
2025-06-08 18:15:46,904 - app.api.ws_routes - INFO - 用户 test 已连接
2025-06-08 18:15:47,153 - app.api.ws_routes - INFO - 关闭用户 test 的旧连接
2025-06-08 18:15:47,153 - app.api.ws_routes - INFO - 用户 test 已连接
2025-06-08 18:15:47,153 - app.api.ws_routes - INFO - 用户 test 已断开连接
2025-06-08 18:15:48,162 - app.api.ws_routes - INFO - 用户 test 已连接
2025-06-08 18:15:49,154 - app.api.ws_routes - INFO - 关闭用户 test 的旧连接
2025-06-08 18:15:49,155 - app.api.ws_routes - INFO - 用户 test 已连接
2025-06-08 18:15:49,156 - app.api.ws_routes - INFO - 用户 test 已断开连接
2025-06-08 18:15:49,664 - app.api.ws_routes - INFO - 用户 test 已连接
2025-06-08 18:15:50,155 - app.api.ws_routes - INFO - 关闭用户 test 的旧连接
2025-06-08 18:15:50,155 - app.api.ws_routes - INFO - 用户 test 已连接
2025-06-08 18:15:50,156 - app.api.ws_routes - INFO - 用户 test 已断开连接
2025-06-08 18:15:51,160 - app.api.ws_routes - INFO - 用户 test 已连接
2025-06-08 18:15:53,155 - app.api.ws_routes - INFO - 关闭用户 test 的旧连接
2025-06-08 18:15:53,155 - app.api.ws_routes - INFO - 用户 test 已连接
2025-06-08 18:15:53,156 - app.api.ws_routes - INFO - 用户 test 已断开连接
2025-06-08 18:15:54,151 - app.api.ws_routes - INFO - 用户 test 已连接
2025-06-08 18:15:57,162 - app.api.ws_routes - INFO - 关闭用户 test 的旧连接
2025-06-08 18:15:57,162 - app.api.ws_routes - INFO - 用户 test 已连接
2025-06-08 18:15:57,162 - app.api.ws_routes - INFO - 用户 test 已断开连接
2025-06-08 18:16:00,474 - app.api.ws_routes - INFO - 用户 test 已连接
2025-06-08 18:29:36,924 - app.api.ws_routes - INFO - 用户 test 已断开连接
2025-06-08 18:29:36,925 - app.api.ws_routes - ERROR - 向用户 admin 发送消息时出错: 
2025-06-08 18:29:36,925 - app.api.ws_routes - INFO - 用户 admin 已断开连接
2025-06-08 18:29:37,040 - app - INFO - 应用已关闭
2025-06-08 18:29:37,040 - app - INFO - 应用程序关闭
2025-06-08 18:29:40,223 - app - INFO - 正在加载应用配置...
2025-06-08 18:29:40,223 - app - INFO - 尝试加载配置文件...
2025-06-08 18:29:40,223 - app - INFO - 配置文件加载成功
2025-06-08 18:29:40,223 - app - INFO - 配置加载完成。服务将运行在 0.0.0.0:8000
2025-06-08 18:29:40,223 - app - INFO - 应用程序启动
2025-06-08 18:29:40,223 - app - INFO - 启动服务器: 0.0.0.0:8000
2025-06-08 18:29:40,345 - database - INFO - 数据库初始化完成。路径: C:\Users\Lenovo\Desktop\d07\database.sqlite
2025-06-08 18:29:40,346 - file_manager - INFO - 文件管理器初始化完成，使用数据库存储。文件目录: C:\Users\Lenovo\Desktop\d07\files
2025-06-08 18:29:40,347 - file_routes - INFO - 文件路由初始化完成
2025-06-08 18:29:40,348 - extension - INFO - 扩展管理器初始化完成。扩展目录: data\extensions
2025-06-08 18:29:40,348 - extension - INFO - 使用数据库存储扩展配置
2025-06-08 18:29:40,348 - extension - INFO - 扩展路由初始化完成
2025-06-08 18:29:40,349 - settings_routes - INFO - 系统设置路由已初始化
2025-06-08 18:29:40,349 - extension - INFO - 开始加载所有扩展
2025-06-08 18:29:40,350 - extension - INFO - 开始加载扩展: extension_170f579f_cca0_4465_b310_1ce39226e07f
2025-06-08 18:29:40,350 - extension - INFO - 尝试在沙箱中加载扩展: extension_170f579f_cca0_4465_b310_1ce39226e07f
2025-06-08 18:29:40,351 - extension - INFO - 扩展 extension_170f579f_cca0_4465_b310_1ce39226e07f 加载成功
2025-06-08 18:29:40,351 - extension - INFO - 开始加载扩展: extension_3064a8cc_bda7_4bd7_a2bf_3de79f74a2ca
2025-06-08 18:29:40,351 - extension - INFO - 尝试在沙箱中加载扩展: extension_3064a8cc_bda7_4bd7_a2bf_3de79f74a2ca
2025-06-08 18:29:40,352 - extension - INFO - 扩展 extension_3064a8cc_bda7_4bd7_a2bf_3de79f74a2ca 加载成功
2025-06-08 18:29:40,353 - extension - INFO - 开始加载扩展: extension_4424446e_6b90_46c2_b8a8_a74d54150190
2025-06-08 18:29:40,353 - extension - INFO - 尝试在沙箱中加载扩展: extension_4424446e_6b90_46c2_b8a8_a74d54150190
2025-06-08 18:29:40,354 - extension - INFO - 扩展 extension_4424446e_6b90_46c2_b8a8_a74d54150190 加载成功
2025-06-08 18:29:40,354 - extension - INFO - 开始加载扩展: extension_53c8355e_ab76_4dc4_8243_d51272703862
2025-06-08 18:29:40,355 - extension - INFO - 尝试在沙箱中加载扩展: extension_53c8355e_ab76_4dc4_8243_d51272703862
2025-06-08 18:29:40,355 - extension - INFO - 扩展 extension_53c8355e_ab76_4dc4_8243_d51272703862 加载成功
2025-06-08 18:29:40,356 - extension - INFO - 开始加载扩展: extension_6066f2a2_98d0_4a73_bbf1_1b6cb0eadb70
2025-06-08 18:29:40,356 - extension - INFO - 尝试在沙箱中加载扩展: extension_6066f2a2_98d0_4a73_bbf1_1b6cb0eadb70
2025-06-08 18:29:40,357 - extension - INFO - 扩展 extension_6066f2a2_98d0_4a73_bbf1_1b6cb0eadb70 加载成功
2025-06-08 18:29:40,357 - extension - INFO - 开始加载扩展: extension_eab575d7_3f0a_414e_aae6_e156500d0b62
2025-06-08 18:29:40,357 - extension - INFO - 尝试在沙箱中加载扩展: extension_eab575d7_3f0a_414e_aae6_e156500d0b62
2025-06-08 18:29:40,358 - extension - INFO - 扩展 extension_eab575d7_3f0a_414e_aae6_e156500d0b62 加载成功
2025-06-08 18:29:40,359 - extension - INFO - 开始加载扩展: extension_fc1f9440_8e1c_4b37_9024_b1baf543959c
2025-06-08 18:29:40,359 - extension - INFO - 尝试在沙箱中加载扩展: extension_fc1f9440_8e1c_4b37_9024_b1baf543959c
2025-06-08 18:29:40,360 - extension - INFO - 扩展 extension_fc1f9440_8e1c_4b37_9024_b1baf543959c 加载成功
2025-06-08 18:29:40,360 - extension - INFO - 完成加载所有扩展，共 0 个
2025-06-08 18:29:40,360 - app - INFO - 应用初始化成功
2025-06-08 18:29:41,162 - app.api.ws_routes - INFO - 用户 test 已连接
2025-06-08 18:29:41,162 - app.api.ws_routes - INFO - 用户 admin 已连接
2025-06-08 18:29:41,177 - app.api.ws_routes - INFO - 关闭用户 test 的旧连接
2025-06-08 18:29:41,177 - app.api.ws_routes - INFO - 用户 test 已连接
2025-06-08 18:29:41,177 - app.api.ws_routes - INFO - 用户 test 已断开连接
2025-06-08 18:29:41,193 - app.api.ws_routes - INFO - 用户 test 已连接
2025-06-08 18:29:41,212 - app.api.ws_routes - INFO - 关闭用户 test 的旧连接
2025-06-08 18:29:41,212 - app.api.ws_routes - INFO - 用户 test 已连接
2025-06-08 18:29:41,213 - app.api.ws_routes - INFO - 用户 test 已断开连接
2025-06-08 18:29:41,223 - app.api.ws_routes - INFO - 用户 test 已连接
2025-06-08 18:29:41,235 - app.api.ws_routes - INFO - 关闭用户 test 的旧连接
2025-06-08 18:29:41,235 - app.api.ws_routes - INFO - 用户 test 已连接
2025-06-08 18:29:41,235 - app.api.ws_routes - INFO - 用户 test 已断开连接
2025-06-08 18:29:41,263 - app.api.ws_routes - INFO - 用户 test 已连接
2025-06-08 18:29:45,162 - app.api.ws_routes - INFO - 关闭用户 test 的旧连接
2025-06-08 18:29:45,162 - app.api.ws_routes - INFO - 用户 test 已连接
2025-06-08 18:29:45,162 - app.api.ws_routes - INFO - 用户 test 已断开连接
2025-06-08 18:29:45,178 - app.api.ws_routes - INFO - 用户 test 已连接
2025-06-08 18:29:45,193 - app.api.ws_routes - INFO - 关闭用户 test 的旧连接
2025-06-08 18:29:45,193 - app.api.ws_routes - INFO - 用户 test 已连接
2025-06-08 18:29:45,193 - app.api.ws_routes - INFO - 用户 test 已断开连接
2025-06-08 18:29:48,488 - app.api.ws_routes - INFO - 用户 test 已连接
2025-06-08 18:29:48,503 - app.api.ws_routes - INFO - 关闭用户 test 的旧连接
2025-06-08 18:29:48,503 - app.api.ws_routes - INFO - 用户 test 已连接
2025-06-08 18:29:48,505 - app.api.ws_routes - INFO - 用户 test 已断开连接
2025-06-08 18:29:52,176 - app.api.ws_routes - INFO - 用户 test 已连接
2025-06-08 18:31:11,107 - app.api.ws_routes - INFO - 用户 test 已断开连接
2025-06-08 18:31:11,107 - app.api.ws_routes - ERROR - 向用户 admin 发送消息时出错: 
2025-06-08 18:31:11,107 - app.api.ws_routes - INFO - 用户 admin 已断开连接
2025-06-08 18:31:11,210 - app - INFO - 应用已关闭
2025-06-08 18:31:11,210 - app - INFO - 应用程序关闭
2025-06-08 18:31:14,407 - app - INFO - 正在加载应用配置...
2025-06-08 18:31:14,407 - app - INFO - 尝试加载配置文件...
2025-06-08 18:31:14,408 - app - INFO - 配置文件加载成功
2025-06-08 18:31:14,408 - app - INFO - 配置加载完成。服务将运行在 0.0.0.0:8000
2025-06-08 18:31:14,411 - app - INFO - 应用程序启动
2025-06-08 18:31:14,412 - app - INFO - 启动服务器: 0.0.0.0:8000
2025-06-08 18:31:14,544 - database - INFO - 数据库初始化完成。路径: C:\Users\Lenovo\Desktop\d07\database.sqlite
2025-06-08 18:31:14,545 - file_manager - INFO - 文件管理器初始化完成，使用数据库存储。文件目录: C:\Users\Lenovo\Desktop\d07\files
2025-06-08 18:31:14,546 - file_routes - INFO - 文件路由初始化完成
2025-06-08 18:31:14,547 - extension - INFO - 扩展管理器初始化完成。扩展目录: data\extensions
2025-06-08 18:31:14,547 - extension - INFO - 使用数据库存储扩展配置
2025-06-08 18:31:14,547 - extension - INFO - 扩展路由初始化完成
2025-06-08 18:31:14,547 - settings_routes - INFO - 系统设置路由已初始化
2025-06-08 18:31:14,548 - extension - INFO - 开始加载所有扩展
2025-06-08 18:31:14,548 - extension - INFO - 开始加载扩展: extension_170f579f_cca0_4465_b310_1ce39226e07f
2025-06-08 18:31:14,549 - extension - INFO - 尝试在沙箱中加载扩展: extension_170f579f_cca0_4465_b310_1ce39226e07f
2025-06-08 18:31:14,550 - extension - INFO - 扩展 extension_170f579f_cca0_4465_b310_1ce39226e07f 加载成功
2025-06-08 18:31:14,550 - extension - INFO - 开始加载扩展: extension_3064a8cc_bda7_4bd7_a2bf_3de79f74a2ca
2025-06-08 18:31:14,551 - extension - INFO - 尝试在沙箱中加载扩展: extension_3064a8cc_bda7_4bd7_a2bf_3de79f74a2ca
2025-06-08 18:31:14,551 - extension - INFO - 扩展 extension_3064a8cc_bda7_4bd7_a2bf_3de79f74a2ca 加载成功
2025-06-08 18:31:14,552 - extension - INFO - 开始加载扩展: extension_4424446e_6b90_46c2_b8a8_a74d54150190
2025-06-08 18:31:14,552 - extension - INFO - 尝试在沙箱中加载扩展: extension_4424446e_6b90_46c2_b8a8_a74d54150190
2025-06-08 18:31:14,553 - extension - INFO - 扩展 extension_4424446e_6b90_46c2_b8a8_a74d54150190 加载成功
2025-06-08 18:31:14,554 - extension - INFO - 开始加载扩展: extension_53c8355e_ab76_4dc4_8243_d51272703862
2025-06-08 18:31:14,554 - extension - INFO - 尝试在沙箱中加载扩展: extension_53c8355e_ab76_4dc4_8243_d51272703862
2025-06-08 18:31:14,555 - extension - INFO - 扩展 extension_53c8355e_ab76_4dc4_8243_d51272703862 加载成功
2025-06-08 18:31:14,556 - extension - INFO - 开始加载扩展: extension_6066f2a2_98d0_4a73_bbf1_1b6cb0eadb70
2025-06-08 18:31:14,556 - extension - INFO - 尝试在沙箱中加载扩展: extension_6066f2a2_98d0_4a73_bbf1_1b6cb0eadb70
2025-06-08 18:31:14,556 - extension - INFO - 扩展 extension_6066f2a2_98d0_4a73_bbf1_1b6cb0eadb70 加载成功
2025-06-08 18:31:14,557 - extension - INFO - 开始加载扩展: extension_eab575d7_3f0a_414e_aae6_e156500d0b62
2025-06-08 18:31:14,557 - extension - INFO - 尝试在沙箱中加载扩展: extension_eab575d7_3f0a_414e_aae6_e156500d0b62
2025-06-08 18:31:14,558 - extension - INFO - 扩展 extension_eab575d7_3f0a_414e_aae6_e156500d0b62 加载成功
2025-06-08 18:31:14,559 - extension - INFO - 开始加载扩展: extension_fc1f9440_8e1c_4b37_9024_b1baf543959c
2025-06-08 18:31:14,559 - extension - INFO - 尝试在沙箱中加载扩展: extension_fc1f9440_8e1c_4b37_9024_b1baf543959c
2025-06-08 18:31:14,560 - extension - INFO - 扩展 extension_fc1f9440_8e1c_4b37_9024_b1baf543959c 加载成功
2025-06-08 18:31:14,560 - extension - INFO - 完成加载所有扩展，共 0 个
2025-06-08 18:31:14,560 - app - INFO - 应用初始化成功
2025-06-08 18:31:14,756 - app.api.ws_routes - INFO - 用户 test 已连接
2025-06-08 18:31:14,774 - app.api.ws_routes - INFO - 关闭用户 test 的旧连接
2025-06-08 18:31:14,775 - app.api.ws_routes - INFO - 用户 test 已连接
2025-06-08 18:31:14,775 - app.api.ws_routes - INFO - 用户 test 已断开连接
2025-06-08 18:31:14,803 - app.api.ws_routes - INFO - 用户 test 已连接
2025-06-08 18:31:14,835 - app.api.ws_routes - INFO - 关闭用户 test 的旧连接
2025-06-08 18:31:14,835 - app.api.ws_routes - INFO - 用户 test 已连接
2025-06-08 18:31:14,838 - app.api.ws_routes - INFO - 用户 test 已断开连接
2025-06-08 18:31:14,850 - app.api.ws_routes - INFO - 用户 test 已连接
2025-06-08 18:31:14,866 - app.api.ws_routes - INFO - 关闭用户 test 的旧连接
2025-06-08 18:31:14,866 - app.api.ws_routes - INFO - 用户 test 已连接
2025-06-08 18:31:14,866 - app.api.ws_routes - INFO - 用户 test 已断开连接
2025-06-08 18:31:14,883 - app.api.ws_routes - INFO - 用户 test 已连接
2025-06-08 18:31:15,162 - app.api.ws_routes - INFO - 用户 admin 已连接
2025-06-08 18:31:18,093 - app.api.ws_routes - INFO - 关闭用户 test 的旧连接
2025-06-08 18:31:18,093 - app.api.ws_routes - INFO - 用户 test 已连接
2025-06-08 18:31:18,094 - app.api.ws_routes - INFO - 用户 test 已断开连接
2025-06-08 18:31:18,153 - app.api.ws_routes - INFO - 用户 test 已连接
2025-06-08 18:31:18,187 - app.api.ws_routes - INFO - 关闭用户 test 的旧连接
2025-06-08 18:31:18,187 - app.api.ws_routes - INFO - 用户 test 已连接
2025-06-08 18:31:18,187 - app.api.ws_routes - INFO - 用户 test 已断开连接
2025-06-08 18:31:22,171 - app.api.ws_routes - INFO - 用户 test 已连接
2025-06-08 18:31:22,191 - app.api.ws_routes - INFO - 关闭用户 test 的旧连接
2025-06-08 18:31:22,191 - app.api.ws_routes - INFO - 用户 test 已连接
2025-06-08 18:31:22,191 - app.api.ws_routes - INFO - 用户 test 已断开连接
2025-06-08 18:31:26,154 - app.api.ws_routes - INFO - 用户 test 已连接
2025-06-08 18:31:35,044 - app.api.ws_routes - INFO - 用户 test 加入聊天室 3
2025-06-08 18:33:38,228 - app.api.ws_routes - INFO - 用户 test 加入聊天室 2
2025-06-08 20:59:30,309 - app.api.ws_routes - INFO - 用户 admin 已断开连接
2025-06-08 20:59:31,628 - app.api.ws_routes - INFO - 用户 admin 已连接
2025-06-08 20:59:35,317 - app.api.ws_routes - INFO - 用户 admin 已断开连接
2025-06-08 20:59:36,911 - app.api.ws_routes - INFO - 用户 admin 已连接
2025-06-08 20:59:38,636 - app.api.ws_routes - INFO - 关闭用户 admin 的旧连接
2025-06-08 20:59:38,637 - app.api.ws_routes - INFO - 用户 admin 已连接
2025-06-08 20:59:38,638 - app.api.ws_routes - INFO - 用户 admin 已断开连接
2025-06-08 20:59:41,959 - app.api.ws_routes - INFO - 用户 admin 已连接
2025-06-08 21:00:10,995 - app.api.ws_routes - INFO - 用户 admin 已断开连接
2025-06-08 21:00:11,987 - app.api.ws_routes - INFO - 用户 admin 已连接
2025-06-08 21:00:17,393 - app.api.ws_routes - INFO - 用户 admin 已断开连接
2025-06-08 21:00:19,131 - app.api.ws_routes - INFO - 用户 admin 已连接
2025-06-08 21:00:20,725 - app.api.ws_routes - INFO - 关闭用户 admin 的旧连接
2025-06-08 21:00:20,725 - app.api.ws_routes - INFO - 用户 admin 已连接
2025-06-08 21:00:20,730 - app.api.ws_routes - INFO - 用户 admin 已断开连接
2025-06-08 21:00:22,943 - app.api.ws_routes - INFO - 用户 test 已断开连接
2025-06-08 21:00:22,943 - app.api.ws_routes - INFO - 用户 test 离开聊天室 3
2025-06-08 21:00:22,943 - app.api.ws_routes - INFO - 用户 test 离开聊天室 2
2025-06-08 21:00:23,804 - app.api.ws_routes - INFO - 用户 test 已连接
2025-06-08 21:00:24,034 - app.api.ws_routes - INFO - 用户 admin 已连接
2025-06-08 21:01:02,376 - app.api.ws_routes - INFO - 用户 admin 已断开连接
2025-06-08 21:01:05,688 - app.api.ws_routes - INFO - 用户 admin 已连接
2025-06-08 21:01:08,119 - extension - INFO - 获取扩展配置: list
2025-06-08 21:01:08,119 - extension - ERROR - 获取扩展 list 配置时出错: 'list'
2025-06-08 21:01:10,227 - extension - INFO - 获取扩展配置: list
2025-06-08 21:01:10,227 - extension - ERROR - 获取扩展 list 配置时出错: 'list'
2025-06-08 21:01:11,595 - extension - INFO - 获取扩展配置: list
2025-06-08 21:01:11,595 - extension - ERROR - 获取扩展 list 配置时出错: 'list'
2025-06-08 21:02:40,777 - app.api.ws_routes - INFO - 用户 admin 已断开连接
2025-06-08 21:03:55,401 - app.api.ws_routes - INFO - 用户 admin 已连接
2025-06-08 21:05:23,001 - app.api.ws_routes - INFO - 用户 admin 已断开连接
2025-06-08 21:05:23,877 - app.api.ws_routes - INFO - 用户 admin 已连接
2025-06-08 21:14:40,352 - app.api.ws_routes - INFO - 用户 admin 已断开连接
2025-06-08 21:14:41,215 - app.api.ws_routes - INFO - 用户 admin 已连接
2025-06-08 21:14:55,678 - app.api.ws_routes - INFO - 用户 admin 已断开连接
2025-06-08 21:14:56,487 - app.api.ws_routes - INFO - 用户 admin 已连接
2025-06-08 21:16:07,928 - app.api.ws_routes - INFO - 用户 admin 已断开连接
2025-06-08 21:16:11,238 - app.api.ws_routes - INFO - 用户 admin 已连接
2025-06-08 21:21:10,829 - app.api.ws_routes - INFO - 用户 test 已断开连接
2025-06-08 21:21:10,829 - app.api.ws_routes - ERROR - 向用户 admin 发送消息时出错: 
2025-06-08 21:21:10,829 - app.api.ws_routes - INFO - 用户 admin 已断开连接
2025-06-08 21:21:10,936 - app - INFO - 应用已关闭
2025-06-08 21:21:10,938 - app - INFO - 应用程序关闭
2025-06-08 21:21:14,319 - app - INFO - 正在加载应用配置...
2025-06-08 21:21:14,320 - app - INFO - 尝试加载配置文件...
2025-06-08 21:21:14,320 - app - INFO - 配置文件加载成功
2025-06-08 21:21:14,320 - app - INFO - 配置加载完成。服务将运行在 0.0.0.0:8000
2025-06-08 21:21:14,320 - app - INFO - 应用程序启动
2025-06-08 21:21:14,320 - app - INFO - 启动服务器: 0.0.0.0:8000
2025-06-08 21:21:14,441 - database - INFO - 数据库初始化完成。路径: C:\Users\Lenovo\Desktop\d07\database.sqlite
2025-06-08 21:21:14,442 - file_manager - INFO - 文件管理器初始化完成，使用数据库存储。文件目录: C:\Users\Lenovo\Desktop\d07\files
2025-06-08 21:21:14,443 - file_routes - INFO - 文件路由初始化完成
2025-06-08 21:21:14,444 - extension - INFO - 扩展管理器初始化完成。扩展目录: data\extensions
2025-06-08 21:21:14,444 - extension - INFO - 使用数据库存储扩展配置
2025-06-08 21:21:14,445 - extension - INFO - 扩展路由初始化完成
2025-06-08 21:21:14,445 - settings_routes - INFO - 系统设置路由已初始化
2025-06-08 21:21:14,445 - extension - INFO - 开始加载所有扩展
2025-06-08 21:21:14,446 - extension - INFO - 开始加载扩展: extension_170f579f_cca0_4465_b310_1ce39226e07f
2025-06-08 21:21:14,446 - extension - INFO - 尝试在沙箱中加载扩展: extension_170f579f_cca0_4465_b310_1ce39226e07f
2025-06-08 21:21:14,447 - extension - INFO - 扩展 extension_170f579f_cca0_4465_b310_1ce39226e07f 加载成功
2025-06-08 21:21:14,447 - extension - INFO - 开始加载扩展: extension_3064a8cc_bda7_4bd7_a2bf_3de79f74a2ca
2025-06-08 21:21:14,448 - extension - INFO - 尝试在沙箱中加载扩展: extension_3064a8cc_bda7_4bd7_a2bf_3de79f74a2ca
2025-06-08 21:21:14,448 - extension - INFO - 扩展 extension_3064a8cc_bda7_4bd7_a2bf_3de79f74a2ca 加载成功
2025-06-08 21:21:14,449 - extension - INFO - 开始加载扩展: extension_4424446e_6b90_46c2_b8a8_a74d54150190
2025-06-08 21:21:14,449 - extension - INFO - 尝试在沙箱中加载扩展: extension_4424446e_6b90_46c2_b8a8_a74d54150190
2025-06-08 21:21:14,450 - extension - INFO - 扩展 extension_4424446e_6b90_46c2_b8a8_a74d54150190 加载成功
2025-06-08 21:21:14,451 - extension - INFO - 开始加载扩展: extension_53c8355e_ab76_4dc4_8243_d51272703862
2025-06-08 21:21:14,451 - extension - INFO - 尝试在沙箱中加载扩展: extension_53c8355e_ab76_4dc4_8243_d51272703862
2025-06-08 21:21:14,452 - extension - INFO - 扩展 extension_53c8355e_ab76_4dc4_8243_d51272703862 加载成功
2025-06-08 21:21:14,452 - extension - INFO - 开始加载扩展: extension_6066f2a2_98d0_4a73_bbf1_1b6cb0eadb70
2025-06-08 21:21:14,452 - extension - INFO - 尝试在沙箱中加载扩展: extension_6066f2a2_98d0_4a73_bbf1_1b6cb0eadb70
2025-06-08 21:21:14,453 - extension - INFO - 扩展 extension_6066f2a2_98d0_4a73_bbf1_1b6cb0eadb70 加载成功
2025-06-08 21:21:14,454 - extension - INFO - 开始加载扩展: extension_eab575d7_3f0a_414e_aae6_e156500d0b62
2025-06-08 21:21:14,454 - extension - INFO - 尝试在沙箱中加载扩展: extension_eab575d7_3f0a_414e_aae6_e156500d0b62
2025-06-08 21:21:14,455 - extension - INFO - 扩展 extension_eab575d7_3f0a_414e_aae6_e156500d0b62 加载成功
2025-06-08 21:21:14,455 - extension - INFO - 开始加载扩展: extension_fc1f9440_8e1c_4b37_9024_b1baf543959c
2025-06-08 21:21:14,456 - extension - INFO - 尝试在沙箱中加载扩展: extension_fc1f9440_8e1c_4b37_9024_b1baf543959c
2025-06-08 21:21:14,456 - extension - INFO - 扩展 extension_fc1f9440_8e1c_4b37_9024_b1baf543959c 加载成功
2025-06-08 21:21:14,457 - extension - INFO - 完成加载所有扩展，共 0 个
2025-06-08 21:21:14,457 - app - INFO - 应用初始化成功
2025-06-08 21:21:14,654 - ws_chat - INFO - 用户 test 已连接
2025-06-08 21:21:29,370 - ws_chat - INFO - 用户 admin 已连接
2025-06-08 21:26:59,912 - ws_chat - INFO - 关闭用户 admin 的旧连接
2025-06-08 21:26:59,912 - ws_chat - INFO - 用户 admin 已连接
2025-06-08 21:26:59,912 - ws_chat - INFO - 用户 admin 已断开连接
2025-06-08 21:27:03,232 - ws_chat - INFO - 用户 admin 已连接
2025-06-08 21:27:05,512 - ws_chat - INFO - 用户 test 已断开连接
2025-06-08 21:27:06,286 - ws_chat - INFO - 用户 test 已连接
2025-06-08 21:27:08,653 - ws_chat - INFO - 用户 admin 已断开连接
2025-06-08 21:27:09,491 - ws_chat - INFO - 用户 admin 已连接
2025-06-08 21:27:37,757 - ws_chat - INFO - 用户 admin 已断开连接
2025-06-08 21:27:38,789 - ws_chat - INFO - 用户 admin 已连接
2025-06-08 21:29:57,349 - app - INFO - 正在加载应用配置...
2025-06-08 21:29:57,349 - app - INFO - 尝试加载配置文件...
2025-06-08 21:29:57,349 - app - INFO - 配置文件加载成功
2025-06-08 21:29:57,349 - app - INFO - 配置加载完成。服务将运行在 0.0.0.0:8000
2025-06-08 21:29:57,349 - app - INFO - 应用程序启动
2025-06-08 21:29:57,349 - app - INFO - 启动服务器: 0.0.0.0:8000
2025-06-08 21:29:57,467 - database - INFO - 数据库初始化完成。路径: C:\Users\Lenovo\Desktop\d07\database.sqlite
2025-06-08 21:29:57,467 - file_manager - INFO - 文件管理器初始化完成，使用数据库存储。文件目录: C:\Users\Lenovo\Desktop\d07\files
2025-06-08 21:29:57,467 - file_routes - INFO - 文件路由初始化完成
2025-06-08 21:29:57,467 - extension - INFO - 扩展管理器初始化完成。扩展目录: data\extensions
2025-06-08 21:29:57,467 - extension - INFO - 使用数据库存储扩展配置
2025-06-08 21:29:57,467 - extension - INFO - 扩展路由初始化完成
2025-06-08 21:29:57,467 - settings_routes - INFO - 系统设置路由已初始化
2025-06-08 21:29:57,467 - extension - INFO - 开始加载所有扩展
2025-06-08 21:29:57,467 - extension - INFO - 开始加载扩展: extension_170f579f_cca0_4465_b310_1ce39226e07f
2025-06-08 21:29:57,467 - extension - INFO - 尝试在沙箱中加载扩展: extension_170f579f_cca0_4465_b310_1ce39226e07f
2025-06-08 21:29:57,481 - extension - INFO - 扩展 extension_170f579f_cca0_4465_b310_1ce39226e07f 加载成功
2025-06-08 21:29:57,482 - extension - INFO - 开始加载扩展: extension_3064a8cc_bda7_4bd7_a2bf_3de79f74a2ca
2025-06-08 21:29:57,482 - extension - INFO - 尝试在沙箱中加载扩展: extension_3064a8cc_bda7_4bd7_a2bf_3de79f74a2ca
2025-06-08 21:29:57,483 - extension - INFO - 扩展 extension_3064a8cc_bda7_4bd7_a2bf_3de79f74a2ca 加载成功
2025-06-08 21:29:57,483 - extension - INFO - 开始加载扩展: extension_4424446e_6b90_46c2_b8a8_a74d54150190
2025-06-08 21:29:57,483 - extension - INFO - 尝试在沙箱中加载扩展: extension_4424446e_6b90_46c2_b8a8_a74d54150190
2025-06-08 21:29:57,483 - extension - INFO - 扩展 extension_4424446e_6b90_46c2_b8a8_a74d54150190 加载成功
2025-06-08 21:29:57,483 - extension - INFO - 开始加载扩展: extension_53c8355e_ab76_4dc4_8243_d51272703862
2025-06-08 21:29:57,483 - extension - INFO - 尝试在沙箱中加载扩展: extension_53c8355e_ab76_4dc4_8243_d51272703862
2025-06-08 21:29:57,483 - extension - INFO - 扩展 extension_53c8355e_ab76_4dc4_8243_d51272703862 加载成功
2025-06-08 21:29:57,483 - extension - INFO - 开始加载扩展: extension_6066f2a2_98d0_4a73_bbf1_1b6cb0eadb70
2025-06-08 21:29:57,483 - extension - INFO - 尝试在沙箱中加载扩展: extension_6066f2a2_98d0_4a73_bbf1_1b6cb0eadb70
2025-06-08 21:29:57,483 - extension - INFO - 扩展 extension_6066f2a2_98d0_4a73_bbf1_1b6cb0eadb70 加载成功
2025-06-08 21:29:57,483 - extension - INFO - 开始加载扩展: extension_eab575d7_3f0a_414e_aae6_e156500d0b62
2025-06-08 21:29:57,483 - extension - INFO - 尝试在沙箱中加载扩展: extension_eab575d7_3f0a_414e_aae6_e156500d0b62
2025-06-08 21:29:57,483 - extension - INFO - 扩展 extension_eab575d7_3f0a_414e_aae6_e156500d0b62 加载成功
2025-06-08 21:29:57,483 - extension - INFO - 开始加载扩展: extension_fc1f9440_8e1c_4b37_9024_b1baf543959c
2025-06-08 21:29:57,483 - extension - INFO - 尝试在沙箱中加载扩展: extension_fc1f9440_8e1c_4b37_9024_b1baf543959c
2025-06-08 21:29:57,483 - extension - INFO - 扩展 extension_fc1f9440_8e1c_4b37_9024_b1baf543959c 加载成功
2025-06-08 21:29:57,483 - extension - INFO - 完成加载所有扩展，共 0 个
2025-06-08 21:29:57,483 - app - INFO - 应用初始化成功
2025-06-08 21:29:57,665 - ws_chat - INFO - 用户 admin 已连接
2025-06-08 21:30:08,417 - ws_chat - INFO - 用户 admin 已断开连接
2025-06-08 21:30:09,438 - ws_chat - INFO - 用户 admin 已连接
2025-06-08 21:32:57,919 - ws_chat - INFO - 用户 admin 已断开连接
2025-06-08 21:32:58,031 - app - INFO - 应用已关闭
2025-06-08 21:32:58,031 - app - INFO - 应用程序关闭
2025-06-08 21:33:01,686 - app - INFO - 正在加载应用配置...
2025-06-08 21:33:01,686 - app - INFO - 尝试加载配置文件...
2025-06-08 21:33:01,686 - app - INFO - 配置文件加载成功
2025-06-08 21:33:01,686 - app - INFO - 配置加载完成。服务将运行在 0.0.0.0:8000
2025-06-08 21:33:01,686 - app - INFO - 应用程序启动
2025-06-08 21:33:01,702 - app - INFO - 启动服务器: 0.0.0.0:8000
2025-06-08 21:33:01,803 - database - INFO - 数据库初始化完成。路径: C:\Users\Lenovo\Desktop\d07\database.sqlite
2025-06-08 21:33:01,818 - file_manager - INFO - 文件管理器初始化完成，使用数据库存储。文件目录: C:\Users\Lenovo\Desktop\d07\files
2025-06-08 21:33:01,818 - file_routes - INFO - 文件路由初始化完成
2025-06-08 21:33:01,819 - extension - INFO - 扩展管理器初始化完成。扩展目录: data\extensions
2025-06-08 21:33:01,820 - extension - INFO - 使用数据库存储扩展配置
2025-06-08 21:33:01,820 - extension - INFO - 扩展路由初始化完成
2025-06-08 21:33:01,821 - settings_routes - INFO - 系统设置路由已初始化
2025-06-08 21:33:01,821 - extension - INFO - 开始加载所有扩展
2025-06-08 21:33:01,822 - extension - INFO - 开始加载扩展: extension_170f579f_cca0_4465_b310_1ce39226e07f
2025-06-08 21:33:01,822 - extension - INFO - 尝试在沙箱中加载扩展: extension_170f579f_cca0_4465_b310_1ce39226e07f
2025-06-08 21:33:01,823 - extension - INFO - 扩展 extension_170f579f_cca0_4465_b310_1ce39226e07f 加载成功
2025-06-08 21:33:01,823 - extension - INFO - 开始加载扩展: extension_3064a8cc_bda7_4bd7_a2bf_3de79f74a2ca
2025-06-08 21:33:01,824 - extension - INFO - 尝试在沙箱中加载扩展: extension_3064a8cc_bda7_4bd7_a2bf_3de79f74a2ca
2025-06-08 21:33:01,824 - extension - INFO - 扩展 extension_3064a8cc_bda7_4bd7_a2bf_3de79f74a2ca 加载成功
2025-06-08 21:33:01,825 - extension - INFO - 开始加载扩展: extension_4424446e_6b90_46c2_b8a8_a74d54150190
2025-06-08 21:33:01,825 - extension - INFO - 尝试在沙箱中加载扩展: extension_4424446e_6b90_46c2_b8a8_a74d54150190
2025-06-08 21:33:01,826 - extension - INFO - 扩展 extension_4424446e_6b90_46c2_b8a8_a74d54150190 加载成功
2025-06-08 21:33:01,826 - extension - INFO - 开始加载扩展: extension_53c8355e_ab76_4dc4_8243_d51272703862
2025-06-08 21:33:01,827 - extension - INFO - 尝试在沙箱中加载扩展: extension_53c8355e_ab76_4dc4_8243_d51272703862
2025-06-08 21:33:01,827 - extension - INFO - 扩展 extension_53c8355e_ab76_4dc4_8243_d51272703862 加载成功
2025-06-08 21:33:01,828 - extension - INFO - 开始加载扩展: extension_6066f2a2_98d0_4a73_bbf1_1b6cb0eadb70
2025-06-08 21:33:01,828 - extension - INFO - 尝试在沙箱中加载扩展: extension_6066f2a2_98d0_4a73_bbf1_1b6cb0eadb70
2025-06-08 21:33:01,829 - extension - INFO - 扩展 extension_6066f2a2_98d0_4a73_bbf1_1b6cb0eadb70 加载成功
2025-06-08 21:33:01,829 - extension - INFO - 开始加载扩展: extension_eab575d7_3f0a_414e_aae6_e156500d0b62
2025-06-08 21:33:01,830 - extension - INFO - 尝试在沙箱中加载扩展: extension_eab575d7_3f0a_414e_aae6_e156500d0b62
2025-06-08 21:33:01,830 - extension - INFO - 扩展 extension_eab575d7_3f0a_414e_aae6_e156500d0b62 加载成功
2025-06-08 21:33:01,831 - extension - INFO - 开始加载扩展: extension_fc1f9440_8e1c_4b37_9024_b1baf543959c
2025-06-08 21:33:01,831 - extension - INFO - 尝试在沙箱中加载扩展: extension_fc1f9440_8e1c_4b37_9024_b1baf543959c
2025-06-08 21:33:01,832 - extension - INFO - 扩展 extension_fc1f9440_8e1c_4b37_9024_b1baf543959c 加载成功
2025-06-08 21:33:01,832 - extension - INFO - 完成加载所有扩展，共 0 个
2025-06-08 21:33:01,832 - app - INFO - 应用初始化成功
2025-06-08 21:33:02,154 - ws_chat - INFO - 用户 admin 已连接
2025-06-08 21:33:13,436 - ws_chat - INFO - 用户 admin 已断开连接
2025-06-08 21:33:14,485 - ws_chat - INFO - 用户 admin 已连接
2025-06-08 21:36:50,292 - ws_chat - INFO - 用户 admin 已断开连接
2025-06-08 21:36:51,402 - ws_chat - INFO - 用户 admin 已连接
2025-06-08 21:36:52,762 - ws_chat - INFO - 用户 admin 加入聊天室 10
2025-06-08 21:36:53,777 - ws_chat - INFO - 用户 admin 加入聊天室 9
2025-06-08 21:37:02,609 - ws_chat - INFO - 用户 admin 加入聊天室 10
2025-06-08 21:38:09,038 - ws_chat - INFO - 用户 admin 已断开连接
2025-06-08 21:38:09,038 - ws_chat - INFO - 用户 admin 离开聊天室 10
2025-06-08 21:38:09,039 - ws_chat - INFO - 用户 admin 离开聊天室 9
2025-06-08 21:38:09,142 - app - INFO - 应用已关闭
2025-06-08 21:38:09,142 - app - INFO - 应用程序关闭
2025-06-08 21:38:12,214 - app - INFO - 正在加载应用配置...
2025-06-08 21:38:12,214 - app - INFO - 尝试加载配置文件...
2025-06-08 21:38:12,214 - app - INFO - 配置文件加载成功
2025-06-08 21:38:12,214 - app - INFO - 配置加载完成。服务将运行在 0.0.0.0:8000
2025-06-08 21:38:12,214 - app - INFO - 应用程序启动
2025-06-08 21:38:12,214 - app - INFO - 启动服务器: 0.0.0.0:8000
2025-06-08 21:38:12,345 - database - INFO - 数据库初始化完成。路径: C:\Users\Lenovo\Desktop\d07\database.sqlite
2025-06-08 21:38:12,346 - file_manager - INFO - 文件管理器初始化完成，使用数据库存储。文件目录: C:\Users\Lenovo\Desktop\d07\files
2025-06-08 21:38:12,347 - file_routes - INFO - 文件路由初始化完成
2025-06-08 21:38:12,347 - extension - INFO - 扩展管理器初始化完成。扩展目录: data\extensions
2025-06-08 21:38:12,347 - extension - INFO - 使用数据库存储扩展配置
2025-06-08 21:38:12,347 - extension - INFO - 扩展路由初始化完成
2025-06-08 21:38:12,347 - settings_routes - INFO - 系统设置路由已初始化
2025-06-08 21:38:12,347 - extension - INFO - 开始加载所有扩展
2025-06-08 21:38:12,347 - extension - INFO - 开始加载扩展: extension_170f579f_cca0_4465_b310_1ce39226e07f
2025-06-08 21:38:12,347 - extension - INFO - 尝试在沙箱中加载扩展: extension_170f579f_cca0_4465_b310_1ce39226e07f
2025-06-08 21:38:12,347 - extension - INFO - 扩展 extension_170f579f_cca0_4465_b310_1ce39226e07f 加载成功
2025-06-08 21:38:12,347 - extension - INFO - 开始加载扩展: extension_3064a8cc_bda7_4bd7_a2bf_3de79f74a2ca
2025-06-08 21:38:12,347 - extension - INFO - 尝试在沙箱中加载扩展: extension_3064a8cc_bda7_4bd7_a2bf_3de79f74a2ca
2025-06-08 21:38:12,347 - extension - INFO - 扩展 extension_3064a8cc_bda7_4bd7_a2bf_3de79f74a2ca 加载成功
2025-06-08 21:38:12,347 - extension - INFO - 开始加载扩展: extension_4424446e_6b90_46c2_b8a8_a74d54150190
2025-06-08 21:38:12,347 - extension - INFO - 尝试在沙箱中加载扩展: extension_4424446e_6b90_46c2_b8a8_a74d54150190
2025-06-08 21:38:12,347 - extension - INFO - 扩展 extension_4424446e_6b90_46c2_b8a8_a74d54150190 加载成功
2025-06-08 21:38:12,347 - extension - INFO - 开始加载扩展: extension_53c8355e_ab76_4dc4_8243_d51272703862
2025-06-08 21:38:12,347 - extension - INFO - 尝试在沙箱中加载扩展: extension_53c8355e_ab76_4dc4_8243_d51272703862
2025-06-08 21:38:12,347 - extension - INFO - 扩展 extension_53c8355e_ab76_4dc4_8243_d51272703862 加载成功
2025-06-08 21:38:12,347 - extension - INFO - 开始加载扩展: extension_6066f2a2_98d0_4a73_bbf1_1b6cb0eadb70
2025-06-08 21:38:12,347 - extension - INFO - 尝试在沙箱中加载扩展: extension_6066f2a2_98d0_4a73_bbf1_1b6cb0eadb70
2025-06-08 21:38:12,347 - extension - INFO - 扩展 extension_6066f2a2_98d0_4a73_bbf1_1b6cb0eadb70 加载成功
2025-06-08 21:38:12,347 - extension - INFO - 开始加载扩展: extension_eab575d7_3f0a_414e_aae6_e156500d0b62
2025-06-08 21:38:12,347 - extension - INFO - 尝试在沙箱中加载扩展: extension_eab575d7_3f0a_414e_aae6_e156500d0b62
2025-06-08 21:38:12,347 - extension - INFO - 扩展 extension_eab575d7_3f0a_414e_aae6_e156500d0b62 加载成功
2025-06-08 21:38:12,347 - extension - INFO - 开始加载扩展: extension_fc1f9440_8e1c_4b37_9024_b1baf543959c
2025-06-08 21:38:12,347 - extension - INFO - 尝试在沙箱中加载扩展: extension_fc1f9440_8e1c_4b37_9024_b1baf543959c
2025-06-08 21:38:12,360 - extension - INFO - 扩展 extension_fc1f9440_8e1c_4b37_9024_b1baf543959c 加载成功
2025-06-08 21:38:12,361 - extension - INFO - 完成加载所有扩展，共 0 个
2025-06-08 21:38:12,361 - app - INFO - 应用初始化成功
2025-06-08 21:38:13,165 - ws_chat - INFO - 用户 admin 已连接
2025-06-08 21:38:29,565 - ws_chat - INFO - 用户 admin 已断开连接
2025-06-08 21:38:30,590 - ws_chat - INFO - 用户 admin 已连接
2025-06-08 21:38:55,568 - app - INFO - 正在加载应用配置...
2025-06-08 21:38:55,569 - app - INFO - 尝试加载配置文件...
2025-06-08 21:38:55,569 - app - INFO - 配置文件加载成功
2025-06-08 21:38:55,570 - app - INFO - 配置加载完成。服务将运行在 0.0.0.0:8000
2025-06-08 21:38:55,570 - app - INFO - 应用程序启动
2025-06-08 21:38:55,570 - app - INFO - 启动服务器: 0.0.0.0:8000
2025-06-08 21:38:55,676 - database - INFO - 数据库初始化完成。路径: C:\Users\Lenovo\Desktop\d07\database.sqlite
2025-06-08 21:38:55,676 - file_manager - INFO - 文件管理器初始化完成，使用数据库存储。文件目录: C:\Users\Lenovo\Desktop\d07\files
2025-06-08 21:38:55,676 - file_routes - INFO - 文件路由初始化完成
2025-06-08 21:38:55,676 - extension - INFO - 扩展管理器初始化完成。扩展目录: data\extensions
2025-06-08 21:38:55,676 - extension - INFO - 使用数据库存储扩展配置
2025-06-08 21:38:55,676 - extension - INFO - 扩展路由初始化完成
2025-06-08 21:38:55,676 - settings_routes - INFO - 系统设置路由已初始化
2025-06-08 21:38:55,692 - extension - INFO - 开始加载所有扩展
2025-06-08 21:38:55,693 - extension - INFO - 开始加载扩展: extension_170f579f_cca0_4465_b310_1ce39226e07f
2025-06-08 21:38:55,693 - extension - INFO - 尝试在沙箱中加载扩展: extension_170f579f_cca0_4465_b310_1ce39226e07f
2025-06-08 21:38:55,695 - extension - INFO - 扩展 extension_170f579f_cca0_4465_b310_1ce39226e07f 加载成功
2025-06-08 21:38:55,695 - extension - INFO - 开始加载扩展: extension_3064a8cc_bda7_4bd7_a2bf_3de79f74a2ca
2025-06-08 21:38:55,695 - extension - INFO - 尝试在沙箱中加载扩展: extension_3064a8cc_bda7_4bd7_a2bf_3de79f74a2ca
2025-06-08 21:38:55,696 - extension - INFO - 扩展 extension_3064a8cc_bda7_4bd7_a2bf_3de79f74a2ca 加载成功
2025-06-08 21:38:55,696 - extension - INFO - 开始加载扩展: extension_4424446e_6b90_46c2_b8a8_a74d54150190
2025-06-08 21:38:55,696 - extension - INFO - 尝试在沙箱中加载扩展: extension_4424446e_6b90_46c2_b8a8_a74d54150190
2025-06-08 21:38:55,696 - extension - INFO - 扩展 extension_4424446e_6b90_46c2_b8a8_a74d54150190 加载成功
2025-06-08 21:38:55,696 - extension - INFO - 开始加载扩展: extension_53c8355e_ab76_4dc4_8243_d51272703862
2025-06-08 21:38:55,696 - extension - INFO - 尝试在沙箱中加载扩展: extension_53c8355e_ab76_4dc4_8243_d51272703862
2025-06-08 21:38:55,696 - extension - INFO - 扩展 extension_53c8355e_ab76_4dc4_8243_d51272703862 加载成功
2025-06-08 21:38:55,696 - extension - INFO - 开始加载扩展: extension_6066f2a2_98d0_4a73_bbf1_1b6cb0eadb70
2025-06-08 21:38:55,696 - extension - INFO - 尝试在沙箱中加载扩展: extension_6066f2a2_98d0_4a73_bbf1_1b6cb0eadb70
2025-06-08 21:38:55,696 - extension - INFO - 扩展 extension_6066f2a2_98d0_4a73_bbf1_1b6cb0eadb70 加载成功
2025-06-08 21:38:55,696 - extension - INFO - 开始加载扩展: extension_eab575d7_3f0a_414e_aae6_e156500d0b62
2025-06-08 21:38:55,696 - extension - INFO - 尝试在沙箱中加载扩展: extension_eab575d7_3f0a_414e_aae6_e156500d0b62
2025-06-08 21:38:55,696 - extension - INFO - 扩展 extension_eab575d7_3f0a_414e_aae6_e156500d0b62 加载成功
2025-06-08 21:38:55,696 - extension - INFO - 开始加载扩展: extension_fc1f9440_8e1c_4b37_9024_b1baf543959c
2025-06-08 21:38:55,696 - extension - INFO - 尝试在沙箱中加载扩展: extension_fc1f9440_8e1c_4b37_9024_b1baf543959c
2025-06-08 21:38:55,696 - extension - INFO - 扩展 extension_fc1f9440_8e1c_4b37_9024_b1baf543959c 加载成功
2025-06-08 21:38:55,696 - extension - INFO - 完成加载所有扩展，共 0 个
2025-06-08 21:38:55,696 - app - INFO - 应用初始化成功
2025-06-08 21:38:58,163 - ws_chat - INFO - 用户 admin 已连接
2025-06-08 21:39:01,610 - ws_chat - INFO - 用户 admin 已断开连接
2025-06-08 21:39:02,717 - ws_chat - INFO - 用户 admin 已连接
2025-06-08 21:39:25,019 - ws_chat - INFO - 用户 admin 已断开连接
2025-06-08 21:39:25,913 - ws_chat - INFO - 用户 admin 已连接
2025-06-08 21:39:27,914 - ws_chat - INFO - 用户 admin 加入聊天室 11
2025-06-08 21:39:28,659 - ws_chat - INFO - 用户 admin 加入聊天室 10
2025-06-08 21:39:29,192 - ws_chat - INFO - 用户 admin 加入聊天室 11
2025-06-08 21:39:29,856 - ws_chat - INFO - 用户 admin 加入聊天室 10
2025-06-08 21:39:34,058 - ws_chat - INFO - 用户 admin 加入聊天室 1
2025-06-08 21:39:34,576 - ws_chat - INFO - 用户 admin 加入聊天室 2
2025-06-08 21:39:35,708 - ws_chat - INFO - 用户 admin 加入聊天室 7
2025-06-08 21:39:36,267 - ws_chat - INFO - 用户 admin 加入聊天室 8
2025-06-08 21:39:37,200 - ws_chat - INFO - 用户 admin 加入聊天室 11
2025-06-08 21:39:42,130 - ws_chat - INFO - 用户 admin 加入聊天室 12
2025-06-08 21:40:10,177 - ws_chat - INFO - 用户 admin 加入聊天室 12
2025-06-08 21:43:22,584 - ws_chat - INFO - 用户 admin 加入聊天室 11
2025-06-08 21:49:00,385 - ws_chat - INFO - 用户 admin 已断开连接
2025-06-08 21:49:00,385 - ws_chat - INFO - 用户 admin 离开聊天室 11
2025-06-08 21:49:00,385 - ws_chat - INFO - 用户 admin 离开聊天室 10
2025-06-08 21:49:00,386 - ws_chat - INFO - 用户 admin 离开聊天室 1
2025-06-08 21:49:00,386 - ws_chat - INFO - 用户 admin 离开聊天室 2
2025-06-08 21:49:00,386 - ws_chat - INFO - 用户 admin 离开聊天室 7
2025-06-08 21:49:00,386 - ws_chat - INFO - 用户 admin 离开聊天室 8
2025-06-08 21:49:00,387 - ws_chat - INFO - 用户 admin 离开聊天室 12
2025-06-08 21:49:01,228 - ws_chat - INFO - 用户 admin 已连接
2025-06-08 21:57:03,503 - ws_chat - INFO - 用户 admin 已断开连接
2025-06-08 21:59:06,030 - ws_chat - INFO - 用户 admin 已连接
2025-06-08 22:07:57,014 - ws_chat - INFO - 用户 admin 已断开连接
2025-06-08 22:07:57,666 - ws_chat - INFO - 用户 admin 已连接
2025-06-08 22:08:01,159 - ws_chat - INFO - 关闭用户 admin 的旧连接
2025-06-08 22:08:01,159 - ws_chat - INFO - 用户 admin 已连接
2025-06-08 22:08:01,160 - ws_chat - INFO - 用户 admin 已断开连接
2025-06-08 22:08:04,305 - ws_chat - INFO - 用户 admin 已连接
2025-06-08 22:08:25,113 - ws_chat - INFO - 用户 admin 已断开连接
2025-06-08 22:08:25,820 - ws_chat - INFO - 用户 admin 已连接
2025-06-08 22:08:29,162 - ws_chat - INFO - 关闭用户 admin 的旧连接
2025-06-08 22:08:29,162 - ws_chat - INFO - 用户 admin 已连接
2025-06-08 22:08:29,163 - ws_chat - INFO - 用户 admin 已断开连接
2025-06-08 22:08:32,783 - ws_chat - INFO - 用户 admin 已连接
2025-06-08 22:08:43,474 - ws_chat - INFO - 用户 admin 已断开连接
2025-06-08 22:08:44,117 - ws_chat - INFO - 用户 admin 已连接
2025-06-08 22:08:46,824 - ws_chat - INFO - 关闭用户 admin 的旧连接
2025-06-08 22:08:46,824 - ws_chat - INFO - 用户 admin 已连接
2025-06-08 22:08:46,825 - ws_chat - INFO - 用户 admin 已断开连接
2025-06-08 22:08:50,154 - ws_chat - INFO - 用户 admin 已连接
2025-06-08 22:11:50,791 - ws_chat - INFO - 用户 admin 已断开连接
2025-06-08 22:11:51,442 - ws_chat - INFO - 用户 admin 已连接
2025-06-08 22:11:54,155 - ws_chat - INFO - 关闭用户 admin 的旧连接
2025-06-08 22:11:54,155 - ws_chat - INFO - 用户 admin 已连接
2025-06-08 22:11:54,156 - ws_chat - INFO - 用户 admin 已断开连接
2025-06-08 22:11:56,263 - ws_chat - INFO - 用户 admin 已连接
2025-06-08 22:12:41,092 - ws_chat - INFO - 用户 admin 已断开连接
2025-06-08 22:12:41,442 - ws_chat - INFO - 用户 admin 已连接
2025-06-08 22:12:44,413 - ws_chat - INFO - 关闭用户 admin 的旧连接
2025-06-08 22:12:44,413 - ws_chat - INFO - 用户 admin 已连接
2025-06-08 22:12:44,415 - ws_chat - INFO - 用户 admin 已断开连接
2025-06-08 22:12:45,248 - ws_chat - INFO - 用户 admin 已连接
2025-06-08 22:12:48,471 - ws_chat - INFO - 用户 admin 加入聊天室 12
2025-06-08 22:13:25,972 - ws_chat - INFO - 用户 admin 已断开连接
2025-06-08 22:13:25,972 - ws_chat - INFO - 用户 admin 离开聊天室 12
2025-06-08 22:13:26,619 - ws_chat - INFO - 用户 admin 已连接
2025-06-08 22:13:28,570 - ws_chat - INFO - 用户 admin 已断开连接
2025-06-08 22:13:29,397 - ws_chat - INFO - 用户 admin 已连接
2025-06-08 22:13:40,256 - ws_chat - INFO - 用户 admin 已断开连接
2025-06-08 22:13:40,600 - ws_chat - INFO - 用户 admin 已连接
2025-06-08 22:13:41,858 - ws_chat - INFO - 用户 admin 已断开连接
2025-06-08 22:13:42,706 - ws_chat - INFO - 用户 admin 已连接
2025-06-08 22:14:04,304 - ws_chat - INFO - 用户 admin 已断开连接
2025-06-08 22:14:04,968 - ws_chat - INFO - 用户 admin 已连接
2025-06-08 22:14:06,524 - ws_chat - INFO - 用户 admin 已断开连接
2025-06-08 22:14:07,339 - ws_chat - INFO - 用户 admin 已连接
2025-06-08 22:18:20,924 - ws_chat - INFO - 用户 admin 已断开连接
2025-06-08 22:18:21,561 - ws_chat - INFO - 用户 admin 已连接
2025-06-08 22:18:25,103 - ws_chat - INFO - 关闭用户 admin 的旧连接
2025-06-08 22:18:25,103 - ws_chat - INFO - 用户 admin 已连接
2025-06-08 22:18:25,104 - ws_chat - INFO - 用户 admin 已断开连接
2025-06-08 22:18:26,910 - ws_chat - INFO - 用户 admin 已连接
2025-06-08 22:18:37,968 - ws_chat - INFO - 用户 admin 已断开连接
2025-06-08 22:18:38,653 - ws_chat - INFO - 用户 admin 已连接
2025-06-08 22:18:40,982 - ws_chat - INFO - 用户 admin 已断开连接
2025-06-08 22:18:41,824 - ws_chat - INFO - 用户 admin 已连接
2025-06-08 23:13:48,750 - ws_chat - INFO - 用户 admin 已断开连接
2025-06-08 23:13:49,400 - ws_chat - INFO - 用户 admin 已连接
2025-06-08 23:13:52,152 - ws_chat - INFO - 关闭用户 admin 的旧连接
2025-06-08 23:13:52,152 - ws_chat - INFO - 用户 admin 已连接
2025-06-08 23:13:52,152 - ws_chat - INFO - 用户 admin 已断开连接
2025-06-08 23:13:55,470 - ws_chat - INFO - 用户 admin 已连接
2025-06-08 23:17:54,513 - ws_chat - INFO - 用户 admin 已断开连接
2025-06-08 23:17:55,173 - ws_chat - INFO - 用户 admin 已连接
2025-06-08 23:17:57,841 - ws_chat - INFO - 关闭用户 admin 的旧连接
2025-06-08 23:17:57,841 - ws_chat - INFO - 用户 admin 已连接
2025-06-08 23:17:57,841 - ws_chat - INFO - 用户 admin 已断开连接
2025-06-08 23:18:01,148 - ws_chat - INFO - 用户 admin 已连接
2025-06-08 23:18:40,803 - ws_chat - INFO - 用户 admin 加入聊天室 11
2025-06-08 23:19:38,789 - ws_chat - INFO - 用户 admin 已断开连接
2025-06-08 23:19:38,790 - ws_chat - INFO - 用户 admin 离开聊天室 11
2025-06-08 23:19:39,433 - ws_chat - INFO - 用户 admin 已连接
2025-06-08 23:19:42,110 - ws_chat - INFO - 关闭用户 admin 的旧连接
2025-06-08 23:19:42,110 - ws_chat - INFO - 用户 admin 已连接
2025-06-08 23:19:42,110 - ws_chat - INFO - 用户 admin 已断开连接
2025-06-08 23:19:45,429 - ws_chat - INFO - 用户 admin 已连接
2025-06-08 23:19:59,825 - ws_chat - INFO - 用户 admin 加入聊天室 8
2025-06-08 23:22:42,082 - ws_chat - INFO - 用户 admin 已断开连接
2025-06-08 23:22:42,082 - ws_chat - INFO - 用户 admin 离开聊天室 8
2025-06-08 23:22:42,717 - ws_chat - INFO - 用户 admin 已连接
2025-06-08 23:22:45,399 - ws_chat - INFO - 关闭用户 admin 的旧连接
2025-06-08 23:22:45,399 - ws_chat - INFO - 用户 admin 已连接
2025-06-08 23:22:45,400 - ws_chat - INFO - 用户 admin 已断开连接
2025-06-08 23:22:48,709 - ws_chat - INFO - 用户 admin 已连接
2025-06-08 23:23:58,654 - ws_chat - INFO - 用户 admin 加入聊天室 12
2025-06-08 23:24:00,715 - ws_chat - INFO - 用户 admin 加入聊天室 11
2025-06-08 23:24:02,483 - ws_chat - INFO - 用户 admin 加入聊天室 12
2025-06-08 23:24:04,780 - ws_chat - INFO - 用户 admin 加入聊天室 10
2025-06-08 23:24:05,235 - ws_chat - INFO - 用户 admin 加入聊天室 9
2025-06-08 23:24:06,283 - ws_chat - INFO - 用户 admin 加入聊天室 5
2025-06-08 23:24:06,948 - ws_chat - INFO - 用户 admin 加入聊天室 6
2025-06-08 23:24:08,187 - ws_chat - INFO - 用户 admin 加入聊天室 3
2025-06-08 23:24:09,452 - ws_chat - INFO - 用户 admin 加入聊天室 2
2025-06-08 23:24:11,259 - ws_chat - INFO - 用户 admin 加入聊天室 1
2025-06-08 23:24:12,075 - ws_chat - INFO - 用户 admin 加入聊天室 2
2025-06-08 23:24:13,155 - ws_chat - INFO - 用户 admin 加入聊天室 6
2025-06-08 23:24:13,973 - ws_chat - INFO - 用户 admin 加入聊天室 7
2025-06-08 23:24:15,257 - ws_chat - INFO - 用户 admin 加入聊天室 10
2025-06-08 23:24:16,844 - ws_chat - INFO - 用户 admin 加入聊天室 11
2025-06-08 23:24:17,727 - ws_chat - INFO - 用户 admin 加入聊天室 12
2025-06-08 23:24:23,419 - ws_chat - INFO - 用户 admin 加入聊天室 13
2025-06-08 23:24:26,635 - ws_chat - INFO - 用户 admin 加入聊天室 12
2025-06-08 23:24:27,334 - ws_chat - INFO - 用户 admin 加入聊天室 13
2025-06-08 23:25:58,516 - ws_chat - INFO - 用户 admin 已断开连接
2025-06-08 23:25:58,516 - ws_chat - INFO - 用户 admin 离开聊天室 12
2025-06-08 23:25:58,516 - ws_chat - INFO - 用户 admin 离开聊天室 11
2025-06-08 23:25:58,517 - ws_chat - INFO - 用户 admin 离开聊天室 10
2025-06-08 23:25:58,517 - ws_chat - INFO - 用户 admin 离开聊天室 9
2025-06-08 23:25:58,517 - ws_chat - INFO - 用户 admin 离开聊天室 5
2025-06-08 23:25:58,517 - ws_chat - INFO - 用户 admin 离开聊天室 6
2025-06-08 23:25:58,519 - ws_chat - INFO - 用户 admin 离开聊天室 3
2025-06-08 23:25:58,520 - ws_chat - INFO - 用户 admin 离开聊天室 2
2025-06-08 23:25:58,520 - ws_chat - INFO - 用户 admin 离开聊天室 1
2025-06-08 23:25:58,521 - ws_chat - INFO - 用户 admin 离开聊天室 7
2025-06-08 23:25:58,521 - ws_chat - INFO - 用户 admin 离开聊天室 13
2025-06-08 23:25:59,489 - ws_chat - INFO - 用户 admin 已连接
2025-06-08 23:26:30,339 - ws_chat - INFO - 用户 admin 加入聊天室 12
2025-06-08 23:27:36,890 - ws_chat - INFO - 用户 admin 已断开连接
2025-06-08 23:27:36,890 - ws_chat - INFO - 用户 admin 离开聊天室 12
2025-06-08 23:27:38,043 - ws_chat - INFO - 用户 admin 已连接
2025-06-08 23:27:42,144 - ws_chat - INFO - 用户 admin 加入聊天室 12
2025-06-08 23:27:46,416 - ws_chat - INFO - 用户 admin 加入聊天室 13
2025-06-08 23:27:51,670 - ws_chat - INFO - 用户 admin 已断开连接
2025-06-08 23:27:51,670 - ws_chat - INFO - 用户 admin 离开聊天室 12
2025-06-08 23:27:51,672 - ws_chat - INFO - 用户 admin 离开聊天室 13
2025-06-08 23:27:52,529 - ws_chat - INFO - 用户 admin 已连接
2025-06-08 23:28:18,665 - ws_chat - INFO - 用户 admin 加入聊天室 13
2025-06-08 23:28:21,330 - ws_chat - INFO - 用户 admin 加入聊天室 12
2025-06-08 23:28:22,392 - ws_chat - INFO - 用户 admin 加入聊天室 13
2025-06-08 23:28:23,232 - ws_chat - INFO - 用户 admin 加入聊天室 12
2025-06-08 23:29:32,514 - ws_chat - INFO - 用户 admin 已断开连接
2025-06-08 23:29:32,515 - ws_chat - INFO - 用户 admin 离开聊天室 13
2025-06-08 23:29:32,515 - ws_chat - INFO - 用户 admin 离开聊天室 12
2025-06-08 23:29:33,157 - ws_chat - INFO - 用户 admin 已连接
2025-06-08 23:29:35,826 - ws_chat - INFO - 关闭用户 admin 的旧连接
2025-06-08 23:29:35,826 - ws_chat - INFO - 用户 admin 已连接
2025-06-08 23:29:35,826 - ws_chat - INFO - 用户 admin 已断开连接
2025-06-08 23:29:37,280 - ws_chat - INFO - 用户 admin 已连接
2025-06-08 23:30:34,334 - ws_chat - INFO - 用户 admin 已断开连接
2025-06-08 23:30:34,976 - ws_chat - INFO - 用户 admin 已连接
2025-06-08 23:30:37,023 - ws_chat - INFO - 用户 admin 已断开连接
2025-06-08 23:30:37,855 - ws_chat - INFO - 用户 admin 已连接
2025-06-08 23:30:39,410 - ws_chat - INFO - 用户 admin 加入聊天室 13
2025-06-08 23:30:41,017 - ws_chat - INFO - 用户 admin 已断开连接
2025-06-08 23:30:41,017 - ws_chat - INFO - 用户 admin 离开聊天室 13
2025-06-08 23:30:41,982 - ws_chat - INFO - 用户 admin 已连接
2025-06-08 23:30:46,225 - ws_chat - INFO - 用户 admin 已断开连接
2025-06-08 23:30:47,088 - ws_chat - INFO - 用户 admin 已连接
2025-06-08 23:31:18,390 - ws_chat - INFO - 用户 admin 加入聊天室 12
2025-06-08 23:31:54,165 - ws_chat - INFO - 用户 admin 加入聊天室 13
2025-06-08 23:31:54,606 - ws_chat - INFO - 用户 admin 加入聊天室 12
2025-06-08 23:31:54,932 - ws_chat - INFO - 用户 admin 加入聊天室 11
2025-06-08 23:32:01,056 - auth_routes - INFO - 用户尝试登录: test
2025-06-08 23:32:01,405 - auth_routes - INFO - 用户登录成功: test
2025-06-08 23:32:01,767 - ws_chat - INFO - 用户 test 已连接
2025-06-08 23:32:07,948 - ws_chat - INFO - 用户 test 加入聊天室 11
2025-06-08 23:32:09,837 - ws_chat - INFO - 用户 test 加入聊天室 10
2025-06-08 23:32:11,549 - ws_chat - INFO - 用户 test 加入聊天室 9
2025-06-08 23:32:13,051 - ws_chat - INFO - 用户 test 加入聊天室 11
2025-06-08 23:32:16,012 - ws_chat - INFO - 用户 test 加入聊天室 2
2025-06-08 23:32:16,639 - ws_chat - INFO - 用户 test 加入聊天室 3
2025-06-08 23:32:18,876 - ws_chat - INFO - 用户 test 加入聊天室 11
2025-06-08 23:32:20,373 - ws_chat - INFO - 用户 test 加入聊天室 10
2025-06-08 23:32:21,076 - ws_chat - INFO - 用户 test 加入聊天室 9
2025-06-08 23:32:22,077 - ws_chat - INFO - 用户 test 加入聊天室 4
2025-06-08 23:32:23,196 - ws_chat - INFO - 用户 test 加入聊天室 3
2025-06-08 23:32:23,797 - ws_chat - INFO - 用户 test 加入聊天室 2
2025-06-08 23:32:24,340 - ws_chat - INFO - 用户 test 加入聊天室 1
2025-06-08 23:32:25,188 - ws_chat - INFO - 用户 test 加入聊天室 2
2025-06-08 23:32:30,119 - ws_chat - INFO - 用户 test 加入聊天室 1
2025-06-08 23:32:33,234 - ws_chat - INFO - 用户 test 加入聊天室 1
2025-06-08 23:32:39,804 - ws_chat - INFO - 用户 test 加入聊天室 2
2025-06-08 23:32:40,291 - ws_chat - INFO - 用户 test 加入聊天室 1
2025-06-08 23:35:55,528 - ws_chat - INFO - 用户 test 已断开连接
2025-06-08 23:35:55,530 - ws_chat - INFO - 用户 test 离开聊天室 11
2025-06-08 23:35:55,530 - ws_chat - INFO - 用户 test 离开聊天室 10
2025-06-08 23:35:55,531 - ws_chat - INFO - 用户 test 离开聊天室 9
2025-06-08 23:35:55,531 - ws_chat - INFO - 用户 test 离开聊天室 2
2025-06-08 23:35:55,531 - ws_chat - INFO - 用户 test 离开聊天室 3
2025-06-08 23:35:55,532 - ws_chat - INFO - 用户 test 离开聊天室 4
2025-06-08 23:35:55,532 - ws_chat - INFO - 用户 test 离开聊天室 1
2025-06-08 23:35:56,630 - ws_chat - INFO - 用户 test 已连接
2025-06-08 23:35:59,384 - ws_chat - INFO - 用户 test 加入聊天室 10
2025-06-08 23:36:00,102 - ws_chat - INFO - 用户 test 加入聊天室 11
2025-06-08 23:36:01,599 - ws_chat - INFO - 用户 test 加入聊天室 4
2025-06-08 23:36:28,572 - ws_chat - INFO - 用户 test 加入聊天室 1
2025-06-08 23:36:49,133 - ws_chat - INFO - 用户 test 加入聊天室 2
2025-06-08 23:36:50,143 - ws_chat - INFO - 用户 test 加入聊天室 3
2025-06-08 23:36:51,149 - ws_chat - INFO - 用户 test 加入聊天室 2
2025-06-08 23:36:52,375 - ws_chat - INFO - 用户 test 加入聊天室 3
2025-06-08 23:36:53,069 - ws_chat - INFO - 用户 test 加入聊天室 2
2025-06-08 23:36:55,453 - ws_chat - INFO - 用户 test 加入聊天室 3
2025-06-08 23:36:55,917 - ws_chat - INFO - 用户 test 加入聊天室 2
2025-06-08 23:36:58,867 - ws_chat - INFO - 用户 test 加入聊天室 3
2025-06-08 23:36:59,947 - ws_chat - INFO - 用户 test 加入聊天室 10
2025-06-08 23:37:00,368 - ws_chat - INFO - 用户 test 加入聊天室 11
2025-06-08 23:37:07,292 - ws_chat - INFO - 用户 test 加入聊天室 10
2025-06-08 23:37:08,911 - ws_chat - INFO - 用户 test 加入聊天室 9
2025-06-08 23:37:09,451 - ws_chat - INFO - 用户 test 加入聊天室 10
2025-06-08 23:37:09,879 - ws_chat - INFO - 用户 test 加入聊天室 11
2025-06-08 23:37:10,429 - ws_chat - INFO - 用户 test 加入聊天室 10
2025-06-08 23:37:10,875 - ws_chat - INFO - 用户 test 加入聊天室 9
2025-06-08 23:37:11,915 - ws_chat - INFO - 用户 test 加入聊天室 4
2025-06-08 23:37:19,804 - ws_chat - INFO - 用户 test 加入聊天室 2
2025-06-08 23:37:21,142 - ws_chat - INFO - 用户 test 加入聊天室 3
2025-06-08 23:37:22,884 - ws_chat - INFO - 用户 test 加入聊天室 1
2025-06-08 23:37:26,533 - ws_chat - INFO - 用户 test 加入聊天室 2
2025-06-08 23:37:27,773 - ws_chat - INFO - 用户 test 加入聊天室 1
2025-06-08 23:37:29,099 - ws_chat - INFO - 用户 test 加入聊天室 2
2025-06-08 23:37:29,484 - ws_chat - INFO - 用户 test 加入聊天室 3
2025-06-08 23:37:30,151 - ws_chat - INFO - 用户 test 加入聊天室 4
2025-06-08 23:37:30,957 - ws_chat - INFO - 用户 test 加入聊天室 3
2025-06-08 23:37:31,564 - ws_chat - INFO - 用户 test 加入聊天室 1
2025-06-08 23:37:34,445 - ws_chat - INFO - 用户 test 加入聊天室 10
2025-06-08 23:37:35,179 - ws_chat - INFO - 用户 test 加入聊天室 9
2025-06-08 23:37:35,790 - ws_chat - INFO - 用户 test 加入聊天室 4
2025-06-08 23:37:37,430 - ws_chat - INFO - 用户 test 加入聊天室 3
2025-06-08 23:37:39,294 - ws_chat - INFO - 用户 test 加入聊天室 2
2025-06-08 23:37:41,195 - ws_chat - INFO - 用户 test 加入聊天室 1
2025-06-08 23:37:43,899 - ws_chat - INFO - 用户 test 加入聊天室 2
2025-06-08 23:37:44,502 - ws_chat - INFO - 用户 test 加入聊天室 3
2025-06-08 23:37:45,669 - ws_chat - INFO - 用户 test 加入聊天室 1
2025-06-08 23:37:46,937 - ws_chat - INFO - 用户 test 加入聊天室 3
2025-06-08 23:37:48,086 - ws_chat - INFO - 用户 test 加入聊天室 4
2025-06-08 23:37:50,077 - ws_chat - INFO - 用户 test 加入聊天室 4
2025-06-08 23:37:50,750 - ws_chat - INFO - 用户 test 加入聊天室 4
2025-06-08 23:37:50,938 - ws_chat - INFO - 用户 test 加入聊天室 4
2025-06-08 23:37:51,255 - ws_chat - INFO - 用户 test 加入聊天室 4
2025-06-08 23:37:51,452 - ws_chat - INFO - 用户 test 加入聊天室 4
2025-06-08 23:37:52,079 - ws_chat - INFO - 用户 test 加入聊天室 3
2025-06-08 23:37:52,639 - ws_chat - INFO - 用户 test 加入聊天室 3
2025-06-08 23:37:53,560 - ws_chat - INFO - 用户 test 加入聊天室 2
2025-06-08 23:37:53,923 - ws_chat - INFO - 用户 test 加入聊天室 2
2025-06-08 23:37:54,762 - ws_chat - INFO - 用户 test 加入聊天室 1
2025-06-08 23:37:55,257 - ws_chat - INFO - 用户 test 加入聊天室 1
2025-06-08 23:37:55,693 - ws_chat - INFO - 用户 test 加入聊天室 1
2025-06-08 23:37:55,981 - ws_chat - INFO - 用户 test 加入聊天室 1
2025-06-08 23:37:56,881 - ws_chat - INFO - 用户 test 加入聊天室 2
2025-06-08 23:37:58,095 - ws_chat - INFO - 用户 test 加入聊天室 3
2025-06-08 23:37:58,449 - ws_chat - INFO - 用户 test 加入聊天室 4
2025-06-08 23:38:01,366 - ws_chat - INFO - 用户 test 加入聊天室 3
2025-06-08 23:38:01,920 - ws_chat - INFO - 用户 test 加入聊天室 4
2025-06-08 23:38:03,171 - ws_chat - INFO - 用户 test 加入聊天室 3
2025-06-08 23:38:03,774 - ws_chat - INFO - 用户 test 加入聊天室 4
2025-06-08 23:38:04,451 - ws_chat - INFO - 用户 test 加入聊天室 3
2025-06-08 23:38:07,542 - ws_chat - INFO - 用户 test 加入聊天室 2
2025-06-08 23:38:08,003 - ws_chat - INFO - 用户 test 加入聊天室 1
2025-06-08 23:38:13,145 - ws_chat - INFO - 用户 test 加入聊天室 1
2025-06-08 23:38:13,501 - ws_chat - INFO - 用户 test 加入聊天室 2
2025-06-08 23:38:26,781 - ws_chat - INFO - 用户 test 加入聊天室 4
2025-06-08 23:38:57,144 - ws_chat - INFO - 用户 admin 已断开连接
2025-06-08 23:38:57,145 - ws_chat - INFO - 用户 admin 离开聊天室 12
2025-06-08 23:38:57,145 - ws_chat - INFO - 用户 admin 离开聊天室 13
2025-06-08 23:38:57,146 - ws_chat - INFO - 用户 admin 离开聊天室 11
2025-06-08 23:38:58,231 - ws_chat - INFO - 用户 admin 已连接
2025-06-08 23:39:07,850 - ws_chat - INFO - 用户 admin 已断开连接
2025-06-08 23:39:08,711 - ws_chat - INFO - 用户 admin 已连接
2025-06-08 23:39:21,685 - ws_chat - INFO - 用户 admin 加入聊天室 11
2025-06-08 23:39:26,068 - ws_chat - INFO - 用户 admin 加入聊天室 9
2025-06-08 23:39:27,116 - ws_chat - INFO - 用户 admin 加入聊天室 8
2025-06-08 23:39:46,336 - ws_chat - INFO - 用户 admin 加入聊天室 12
2025-06-08 23:39:49,817 - ws_chat - INFO - 用户 admin 加入聊天室 13
2025-06-08 23:39:50,495 - ws_chat - INFO - 用户 admin 加入聊天室 12
2025-06-08 23:39:55,599 - ws_chat - INFO - 用户 test 已断开连接
2025-06-08 23:39:55,599 - ws_chat - INFO - 用户 test 离开聊天室 11
2025-06-08 23:39:55,599 - ws_chat - INFO - 用户 test 离开聊天室 10
2025-06-08 23:39:55,599 - ws_chat - INFO - 用户 test 离开聊天室 4
2025-06-08 23:39:55,599 - ws_chat - INFO - 用户 test 离开聊天室 1
2025-06-08 23:39:55,599 - ws_chat - INFO - 用户 test 离开聊天室 2
2025-06-08 23:39:55,599 - ws_chat - INFO - 用户 test 离开聊天室 3
2025-06-08 23:39:55,599 - ws_chat - INFO - 用户 test 离开聊天室 9
2025-06-08 23:39:56,379 - ws_chat - INFO - 用户 test 已连接
2025-06-08 23:39:58,083 - ws_chat - INFO - 用户 test 加入聊天室 10
2025-06-08 23:39:58,598 - ws_chat - INFO - 用户 test 加入聊天室 11
2025-06-08 23:39:59,428 - ws_chat - INFO - 用户 test 加入聊天室 10
2025-06-08 23:40:00,420 - ws_chat - INFO - 用户 test 加入聊天室 9
2025-06-08 23:40:01,551 - ws_chat - INFO - 用户 test 加入聊天室 4
2025-06-08 23:40:02,228 - ws_chat - INFO - 用户 test 加入聊天室 3
2025-06-08 23:40:03,533 - ws_chat - INFO - 用户 test 加入聊天室 4
2025-06-08 23:40:04,828 - ws_chat - INFO - 用户 test 加入聊天室 3
2025-06-08 23:40:07,025 - ws_chat - INFO - 用户 test 加入聊天室 1
2025-06-08 23:40:08,269 - ws_chat - INFO - 用户 test 加入聊天室 1
2025-06-08 23:40:09,204 - ws_chat - INFO - 用户 test 加入聊天室 2
2025-06-08 23:40:09,959 - ws_chat - INFO - 用户 test 加入聊天室 2
2025-06-08 23:40:10,357 - ws_chat - INFO - 用户 test 加入聊天室 2
2025-06-08 23:40:10,560 - ws_chat - INFO - 用户 test 加入聊天室 2
2025-06-08 23:40:10,988 - ws_chat - INFO - 用户 test 加入聊天室 2
2025-06-08 23:40:11,491 - ws_chat - INFO - 用户 test 加入聊天室 2
2025-06-08 23:40:12,003 - ws_chat - INFO - 用户 test 加入聊天室 2
2025-06-08 23:40:12,432 - ws_chat - INFO - 用户 test 加入聊天室 2
2025-06-08 23:40:12,876 - ws_chat - INFO - 用户 test 加入聊天室 2
2025-06-08 23:40:13,227 - ws_chat - INFO - 用户 test 加入聊天室 2
2025-06-08 23:40:13,782 - ws_chat - INFO - 用户 test 加入聊天室 1
2025-06-08 23:40:13,966 - ws_chat - INFO - 用户 test 加入聊天室 1
2025-06-08 23:40:14,130 - ws_chat - INFO - 用户 test 加入聊天室 1
2025-06-08 23:40:14,299 - ws_chat - INFO - 用户 test 加入聊天室 1
2025-06-08 23:40:15,107 - ws_chat - INFO - 用户 test 加入聊天室 1
2025-06-08 23:40:15,280 - ws_chat - INFO - 用户 test 加入聊天室 1
2025-06-08 23:40:15,444 - ws_chat - INFO - 用户 test 加入聊天室 1
2025-06-08 23:40:15,731 - ws_chat - INFO - 用户 test 加入聊天室 1
2025-06-08 23:40:15,908 - ws_chat - INFO - 用户 test 加入聊天室 1
2025-06-08 23:40:16,085 - ws_chat - INFO - 用户 test 加入聊天室 1
2025-06-08 23:40:16,252 - ws_chat - INFO - 用户 test 加入聊天室 1
2025-06-08 23:40:16,539 - ws_chat - INFO - 用户 test 加入聊天室 1
2025-06-08 23:40:16,708 - ws_chat - INFO - 用户 test 加入聊天室 1
2025-06-08 23:40:16,868 - ws_chat - INFO - 用户 test 加入聊天室 1
2025-06-08 23:40:17,035 - ws_chat - INFO - 用户 test 加入聊天室 1
2025-06-08 23:40:17,203 - ws_chat - INFO - 用户 test 加入聊天室 1
2025-06-08 23:40:17,965 - ws_chat - INFO - 用户 test 加入聊天室 1
2025-06-08 23:40:18,981 - ws_chat - INFO - 用户 test 加入聊天室 1
2025-06-08 23:40:19,579 - ws_chat - INFO - 用户 test 加入聊天室 1
2025-06-08 23:40:19,984 - ws_chat - INFO - 用户 test 加入聊天室 1
2025-06-08 23:40:20,556 - ws_chat - INFO - 用户 test 加入聊天室 1
2025-06-08 23:40:23,093 - ws_chat - INFO - 用户 test 加入聊天室 2
2025-06-08 23:40:23,426 - ws_chat - INFO - 用户 test 加入聊天室 1
2025-06-08 23:40:24,310 - ws_chat - INFO - 用户 test 加入聊天室 2
2025-06-08 23:40:24,709 - ws_chat - INFO - 用户 test 加入聊天室 1
2025-06-08 23:40:24,878 - ws_chat - INFO - 用户 test 加入聊天室 1
2025-06-08 23:40:25,045 - ws_chat - INFO - 用户 test 加入聊天室 1
2025-06-08 23:40:25,211 - ws_chat - INFO - 用户 test 加入聊天室 1
2025-06-08 23:40:25,331 - ws_chat - INFO - 用户 test 加入聊天室 1
2025-06-08 23:40:25,484 - ws_chat - INFO - 用户 test 加入聊天室 1
2025-06-08 23:40:25,645 - ws_chat - INFO - 用户 test 加入聊天室 1
2025-06-08 23:40:25,771 - ws_chat - INFO - 用户 test 加入聊天室 1
2025-06-08 23:40:25,916 - ws_chat - INFO - 用户 test 加入聊天室 1
2025-06-08 23:40:26,060 - ws_chat - INFO - 用户 test 加入聊天室 1
2025-06-08 23:40:26,365 - ws_chat - INFO - 用户 test 加入聊天室 1
2025-06-08 23:40:26,779 - ws_chat - INFO - 用户 test 加入聊天室 1
2025-06-08 23:40:27,100 - ws_chat - INFO - 用户 test 加入聊天室 1
2025-06-08 23:40:27,443 - ws_chat - INFO - 用户 test 加入聊天室 1
2025-06-08 23:40:27,779 - ws_chat - INFO - 用户 test 加入聊天室 1
2025-06-08 23:40:28,013 - ws_chat - INFO - 用户 test 加入聊天室 1
2025-06-08 23:40:28,508 - ws_chat - INFO - 用户 test 加入聊天室 1
2025-06-08 23:40:28,755 - ws_chat - INFO - 用户 test 加入聊天室 1
2025-06-08 23:40:29,155 - ws_chat - INFO - 用户 test 加入聊天室 1
2025-06-08 23:40:29,300 - ws_chat - INFO - 用户 test 加入聊天室 1
2025-06-08 23:40:29,436 - ws_chat - INFO - 用户 test 加入聊天室 1
2025-06-08 23:40:29,951 - ws_chat - INFO - 用户 test 加入聊天室 1
2025-06-08 23:40:30,098 - ws_chat - INFO - 用户 test 加入聊天室 1
2025-06-08 23:40:30,252 - ws_chat - INFO - 用户 test 加入聊天室 1
2025-06-08 23:40:30,372 - ws_chat - INFO - 用户 test 加入聊天室 1
2025-06-08 23:40:30,499 - ws_chat - INFO - 用户 test 加入聊天室 1
2025-06-08 23:40:30,644 - ws_chat - INFO - 用户 test 加入聊天室 1
2025-06-08 23:40:30,788 - ws_chat - INFO - 用户 test 加入聊天室 1
2025-06-08 23:40:31,044 - ws_chat - INFO - 用户 test 加入聊天室 1
2025-06-08 23:40:31,188 - ws_chat - INFO - 用户 test 加入聊天室 1
2025-06-08 23:40:31,356 - ws_chat - INFO - 用户 test 加入聊天室 1
2025-06-08 23:40:31,700 - ws_chat - INFO - 用户 test 加入聊天室 1
2025-06-08 23:40:32,570 - ws_chat - INFO - 用户 test 加入聊天室 2
2025-06-08 23:40:32,918 - ws_chat - INFO - 用户 test 加入聊天室 1
2025-06-08 23:40:33,320 - ws_chat - INFO - 用户 test 加入聊天室 2
2025-06-08 23:40:33,604 - ws_chat - INFO - 用户 test 加入聊天室 1
2025-06-08 23:40:34,020 - ws_chat - INFO - 用户 test 加入聊天室 2
2025-06-08 23:40:34,556 - ws_chat - INFO - 用户 test 加入聊天室 1
2025-06-08 23:41:11,557 - ws_chat - INFO - 用户 admin 加入聊天室 13
2025-06-08 23:41:41,337 - ws_chat - INFO - 用户 admin 已断开连接
2025-06-08 23:41:41,337 - ws_chat - INFO - 用户 admin 离开聊天室 11
2025-06-08 23:41:41,337 - ws_chat - INFO - 用户 admin 离开聊天室 9
2025-06-08 23:41:41,338 - ws_chat - INFO - 用户 admin 离开聊天室 8
2025-06-08 23:41:41,338 - ws_chat - INFO - 用户 admin 离开聊天室 12
2025-06-08 23:41:41,338 - ws_chat - INFO - 用户 admin 离开聊天室 13
2025-06-08 23:41:41,347 - ws_chat - INFO - 用户 test 已断开连接
2025-06-08 23:41:41,348 - ws_chat - INFO - 用户 test 离开聊天室 11
2025-06-08 23:41:41,348 - ws_chat - INFO - 用户 test 离开聊天室 9
2025-06-08 23:41:41,349 - ws_chat - INFO - 用户 test 离开聊天室 10
2025-06-08 23:41:41,349 - ws_chat - INFO - 用户 test 离开聊天室 4
2025-06-08 23:41:41,349 - ws_chat - INFO - 用户 test 离开聊天室 3
2025-06-08 23:41:41,349 - ws_chat - INFO - 用户 test 离开聊天室 1
2025-06-08 23:41:41,349 - ws_chat - INFO - 用户 test 离开聊天室 2
2025-06-08 23:41:41,677 - ws_chat - INFO - 用户 admin 已连接
2025-06-08 23:41:41,996 - ws_chat - INFO - 用户 test 已连接
2025-06-08 23:41:44,647 - ws_chat - INFO - 关闭用户 admin 的旧连接
2025-06-08 23:41:44,650 - ws_chat - INFO - 用户 admin 已连接
2025-06-08 23:41:44,651 - ws_chat - INFO - 用户 admin 已断开连接
2025-06-08 23:41:45,170 - ws_chat - INFO - 关闭用户 test 的旧连接
2025-06-08 23:41:45,170 - ws_chat - INFO - 用户 test 已连接
2025-06-08 23:41:45,172 - ws_chat - INFO - 用户 test 已断开连接
2025-06-08 23:41:47,970 - ws_chat - INFO - 用户 admin 已连接
2025-06-08 23:41:49,153 - ws_chat - INFO - 用户 test 已连接
2025-06-08 23:41:50,342 - ws_chat - INFO - 用户 admin 已断开连接
2025-06-08 23:41:51,206 - ws_chat - INFO - 用户 admin 已连接
2025-06-08 23:42:03,501 - ws_chat - INFO - 用户 admin 已断开连接
2025-06-08 23:42:03,510 - ws_chat - INFO - 用户 test 已断开连接
2025-06-08 23:42:03,863 - ws_chat - INFO - 用户 admin 已连接
2025-06-08 23:42:03,863 - ws_chat - INFO - 用户 test 已连接
2025-06-08 23:42:06,239 - ws_chat - INFO - 用户 admin 已断开连接
2025-06-08 23:42:06,254 - ws_chat - INFO - 用户 test 已断开连接
2025-06-08 23:42:06,607 - ws_chat - INFO - 用户 test 已连接
2025-06-08 23:42:06,611 - ws_chat - INFO - 用户 admin 已连接
2025-06-08 23:42:07,156 - ws_chat - INFO - 关闭用户 test 的旧连接
2025-06-08 23:42:07,156 - ws_chat - INFO - 用户 test 已连接
2025-06-08 23:42:07,157 - ws_chat - INFO - 用户 test 已断开连接
2025-06-08 23:42:07,157 - ws_chat - ERROR - 向用户 admin 发送消息时出错: Cannot call "send" once a close message has been sent.
2025-06-08 23:42:07,158 - ws_chat - INFO - 用户 admin 已断开连接
2025-06-08 23:42:07,158 - ws_chat - INFO - 关闭用户 admin 的旧连接
2025-06-08 23:42:07,158 - ws_chat - INFO - 用户 admin 已连接
2025-06-08 23:42:07,159 - ws_chat - INFO - 用户 admin 已断开连接
2025-06-08 23:42:10,175 - ws_chat - INFO - 用户 test 已连接
2025-06-08 23:42:10,175 - ws_chat - INFO - 用户 admin 已连接
2025-06-08 23:42:11,180 - ws_chat - INFO - 关闭用户 test 的旧连接
2025-06-08 23:42:11,180 - ws_chat - INFO - 用户 test 已连接
2025-06-08 23:42:11,181 - ws_chat - INFO - 用户 test 已断开连接
2025-06-08 23:42:11,182 - ws_chat - ERROR - 向用户 admin 发送消息时出错: Cannot call "send" once a close message has been sent.
2025-06-08 23:42:11,182 - ws_chat - INFO - 用户 admin 已断开连接
2025-06-08 23:42:11,186 - ws_chat - INFO - 关闭用户 admin 的旧连接
2025-06-08 23:42:11,186 - ws_chat - INFO - 用户 admin 已连接
2025-06-08 23:42:11,187 - ws_chat - INFO - 用户 admin 已断开连接
2025-06-08 23:42:14,722 - ws_chat - INFO - 用户 test 已连接
2025-06-08 23:42:14,724 - ws_chat - INFO - 用户 admin 已连接
2025-06-08 23:42:25,720 - ws_chat - INFO - 用户 admin 加入聊天室 13
2025-06-08 23:42:53,432 - ws_chat - INFO - 用户 admin 已断开连接
2025-06-08 23:42:53,432 - ws_chat - INFO - 用户 admin 离开聊天室 13
2025-06-08 23:42:54,291 - ws_chat - INFO - 用户 admin 已连接
2025-06-08 23:42:56,468 - ws_chat - INFO - 用户 admin 加入聊天室 13
2025-06-08 23:42:57,464 - ws_chat - INFO - 用户 admin 加入聊天室 12
2025-06-08 23:42:59,397 - ws_chat - INFO - 用户 admin 加入聊天室 11
2025-06-08 23:43:00,682 - ws_chat - INFO - 用户 admin 加入聊天室 12
2025-06-08 23:43:52,090 - ws_chat - INFO - 用户 admin 已断开连接
2025-06-08 23:43:52,090 - ws_chat - INFO - 用户 admin 离开聊天室 13
2025-06-08 23:43:52,091 - ws_chat - INFO - 用户 admin 离开聊天室 12
2025-06-08 23:43:52,091 - ws_chat - INFO - 用户 admin 离开聊天室 11
2025-06-08 23:43:52,105 - ws_chat - INFO - 用户 test 已断开连接
2025-06-08 23:43:52,736 - ws_chat - INFO - 用户 admin 已连接
2025-06-08 23:43:52,743 - ws_chat - INFO - 用户 test 已连接
2025-06-08 23:43:55,439 - ws_chat - INFO - 关闭用户 test 的旧连接
2025-06-08 23:43:55,439 - ws_chat - INFO - 用户 test 已连接
2025-06-08 23:43:55,439 - ws_chat - INFO - 用户 test 已断开连接
2025-06-08 23:43:55,491 - ws_chat - INFO - 关闭用户 admin 的旧连接
2025-06-08 23:43:55,491 - ws_chat - INFO - 用户 admin 已连接
2025-06-08 23:43:55,492 - ws_chat - INFO - 用户 admin 已断开连接
2025-06-08 23:43:57,270 - ws_chat - INFO - 用户 admin 已连接
2025-06-08 23:43:59,164 - ws_chat - INFO - 用户 test 已连接
2025-06-08 23:44:42,643 - ws_chat - INFO - 用户 test 已断开连接
2025-06-08 23:44:42,658 - ws_chat - INFO - 用户 admin 已断开连接
2025-06-08 23:44:42,995 - ws_chat - INFO - 用户 test 已连接
2025-06-08 23:44:42,997 - ws_chat - INFO - 用户 admin 已连接
2025-06-08 23:44:45,753 - ws_chat - INFO - 用户 test 已断开连接
2025-06-08 23:44:46,167 - ws_chat - INFO - 关闭用户 admin 的旧连接
2025-06-08 23:44:46,167 - ws_chat - INFO - 用户 admin 已连接
2025-06-08 23:44:46,167 - ws_chat - INFO - 用户 admin 已断开连接
2025-06-08 23:44:46,217 - ws_chat - INFO - 用户 test 已连接
2025-06-08 23:44:50,153 - ws_chat - INFO - 用户 admin 已连接
2025-06-08 23:45:26,464 - ws_chat - INFO - 用户 test 已断开连接
